<?xml version="1.0" encoding="UTF-8"?>
<testsuite xmlns:xsi="http://www.w3.org/2001/XMLSchema-instance" xsi:noNamespaceSchemaLocation="https://maven.apache.org/surefire/maven-surefire-plugin/xsd/surefire-test-report-3.0.xsd" version="3.0" name="com.npci.transfer.contract.TransfersTest" time="17.252" tests="5" errors="0" skipped="0" failures="0">
  <properties>
[...]
</properties>
  <testcase name="validate_shouldReturnBadRequestForNegativeAmount" classname="com.npci.transfer.contract.TransfersTest" time="2.36">
    <system-out><![CDATA[2025-12-22T11:18:53.595+05:30  INFO 50010 --- [transfer-service] [           main] t.c.s.AnnotationConfigContextLoaderUtils : Could not detect default configuration classes for test class [com.npci.transfer.contract.TransfersTest]: TransfersTest does not declare any static, non-private, non-final, nested classes annotated with @Configuration.
2025-12-22T11:18:53.625+05:30  INFO 50010 --- [transfer-service] [           main] .b.t.c.SpringBootTestContextBootstrapper : Found @SpringBootConfiguration com.npci.transfer.TransferServiceApplication for test class com.npci.transfer.contract.TransfersTest
2025-12-22T11:18:53.726+05:30  INFO 50010 --- [transfer-service] [           main] org.testcontainers.images.PullPolicy     : Image pull policy will be performed by: DefaultPullPolicy()
2025-12-22T11:18:53.730+05:30  INFO 50010 --- [transfer-service] [           main] o.t.utility.ImageNameSubstitutor         : Image name substitution will be performed by: DefaultImageNameSubstitutor (composite of 'ConfigurationFileImageNameSubstitutor' and 'PrefixingImageNameSubstitutor')
2025-12-22T11:18:54.618+05:30  INFO 50010 --- [transfer-service] [           main] o.t.d.DockerClientProviderStrategy       : Loaded org.testcontainers.dockerclient.UnixSocketClientProviderStrategy from ~/.testcontainers.properties, will try it first
2025-12-22T11:18:55.332+05:30  INFO 50010 --- [transfer-service] [           main] o.t.d.DockerClientProviderStrategy       : Found Docker environment with local Unix socket (unix:///var/run/docker.sock)
2025-12-22T11:18:55.335+05:30  INFO 50010 --- [transfer-service] [           main] org.testcontainers.DockerClientFactory   : Docker host IP address is localhost
2025-12-22T11:18:55.388+05:30  INFO 50010 --- [transfer-service] [           main] org.testcontainers.DockerClientFactory   : Connected to docker: 
  Server Version: 20.10.21
  API Version: 1.41
  Operating System: Docker Desktop
  Total Memory: 7959 MB
2025-12-22T11:18:55.472+05:30  INFO 50010 --- [transfer-service] [           main] tc.testcontainers/ryuk:0.5.1             : Creating container for image: testcontainers/ryuk:0.5.1
2025-12-22T11:18:56.376+05:30  INFO 50010 --- [transfer-service] [           main] tc.testcontainers/ryuk:0.5.1             : Container testcontainers/ryuk:0.5.1 is starting: 50e53af49132cd2c5bb1595a4b1fca421e43b8ff664686dc6f3fc10b0c0f0d63
2025-12-22T11:18:57.220+05:30  INFO 50010 --- [transfer-service] [           main] tc.testcontainers/ryuk:0.5.1             : Container testcontainers/ryuk:0.5.1 started in PT1.747353S
2025-12-22T11:18:57.237+05:30  INFO 50010 --- [transfer-service] [           main] o.t.utility.RyukResourceReaper           : Ryuk started - will monitor and terminate Testcontainers containers on JVM exit
2025-12-22T11:18:57.237+05:30  INFO 50010 --- [transfer-service] [           main] org.testcontainers.DockerClientFactory   : Checking the system...
2025-12-22T11:18:57.238+05:30  INFO 50010 --- [transfer-service] [           main] org.testcontainers.DockerClientFactory   : ✔︎ Docker server version should be at least 1.6.0
2025-12-22T11:18:57.239+05:30  INFO 50010 --- [transfer-service] [           main] tc.postgres:15-alpine                    : Creating container for image: postgres:15-alpine
2025-12-22T11:18:57.240+05:30  WARN 50010 --- [transfer-service] [           main] tc.postgres:15-alpine                    : Reuse was requested but the environment does not support the reuse of containers
To enable reuse of containers, you must set 'testcontainers.reuse.enable=true' in a file located at /Users/nag/.testcontainers.properties
2025-12-22T11:18:57.320+05:30  INFO 50010 --- [transfer-service] [           main] tc.postgres:15-alpine                    : Container postgres:15-alpine is starting: 731ab92dbfa15f0d03700fb70f39e50c0fc90e16d03d24bc67332655c487b1dd
2025-12-22T11:19:01.046+05:30  INFO 50010 --- [transfer-service] [           main] tc.postgres:15-alpine                    : Container postgres:15-alpine started in PT3.807272S
2025-12-22T11:19:01.047+05:30  INFO 50010 --- [transfer-service] [           main] tc.postgres:15-alpine                    : Container is started (JDBC URL: jdbc:postgresql://localhost:56003/transfer_test_db?loggerLevel=OFF)

  .   ____          _            __ _ _
 /\\ / ___'_ __ _ _(_)_ __  __ _ \ \ \ \
( ( )\___ | '_ | '_| | '_ \/ _` | \ \ \ \
 \\/  ___)| |_)| | | | | || (_| |  ) ) ) )
  '  |____| .__|_| |_|_| |_\__, | / / / /
 =========|_|==============|___/=/_/_/_/
 :: Spring Boot ::                (v3.2.0)

2025-12-22T11:19:01.132+05:30  INFO 50010 --- [transfer-service] [           main] c.npci.transfer.contract.TransfersTest   : Starting TransfersTest using Java 17.0.8 with PID 50010 (started by nag in /Users/nag/telus-batch2/level-13-contract-testing)
2025-12-22T11:19:01.132+05:30  INFO 50010 --- [transfer-service] [           main] c.npci.transfer.contract.TransfersTest   : The following 1 profile is active: "test"
2025-12-22T11:19:01.692+05:30  INFO 50010 --- [transfer-service] [           main] .s.d.r.c.RepositoryConfigurationDelegate : Bootstrapping Spring Data JPA repositories in DEFAULT mode.
2025-12-22T11:19:01.707+05:30  INFO 50010 --- [transfer-service] [           main] .s.d.r.c.RepositoryConfigurationDelegate : Finished Spring Data repository scanning in 15 ms. Found 2 JPA repository interfaces.
2025-12-22T11:19:02.074+05:30  INFO 50010 --- [transfer-service] [           main] o.hibernate.jpa.internal.util.LogHelper  : HHH000204: Processing PersistenceUnitInfo [name: default]
2025-12-22T11:19:02.078+05:30  INFO 50010 --- [transfer-service] [           main] o.h.c.internal.RegionFactoryInitiator    : HHH000026: Second-level cache disabled
2025-12-22T11:19:02.082+05:30  INFO 50010 --- [transfer-service] [           main] o.s.o.j.p.SpringPersistenceUnitInfo      : No LoadTimeWeaver setup: ignoring JPA class transformer
2025-12-22T11:19:02.085+05:30  INFO 50010 --- [transfer-service] [           main] com.zaxxer.hikari.HikariDataSource       : HikariPool-1 - Starting...
2025-12-22T11:19:02.494+05:30  INFO 50010 --- [transfer-service] [           main] com.zaxxer.hikari.pool.HikariPool        : HikariPool-1 - Added connection org.postgresql.jdbc.PgConnection@f7bbab2
2025-12-22T11:19:02.498+05:30  INFO 50010 --- [transfer-service] [           main] com.zaxxer.hikari.HikariDataSource       : HikariPool-1 - Start completed.
2025-12-22T11:19:02.538+05:30  WARN 50010 --- [transfer-service] [           main] org.hibernate.orm.deprecation            : HHH90000025: PostgreSQLDialect does not need to be specified explicitly using 'hibernate.dialect' (remove the property setting and it will be selected by default)
2025-12-22T11:19:02.697+05:30  INFO 50010 --- [transfer-service] [           main] o.h.e.t.j.p.i.JtaPlatformInitiator       : HHH000489: No JTA platform available (set 'hibernate.transaction.jta.platform' to enable JTA platform integration)
2025-12-22T11:19:02.698+05:30 DEBUG 50010 --- [transfer-service] [           main] org.hibernate.SQL                        : 
    drop table if exists accounts cascade
2025-12-22T11:19:02.705+05:30  WARN 50010 --- [transfer-service] [           main] o.h.engine.jdbc.spi.SqlExceptionHelper   : SQL Warning Code: 0, SQLState: 00000
2025-12-22T11:19:02.705+05:30  WARN 50010 --- [transfer-service] [           main] o.h.engine.jdbc.spi.SqlExceptionHelper   : table "accounts" does not exist, skipping
2025-12-22T11:19:02.705+05:30 DEBUG 50010 --- [transfer-service] [           main] org.hibernate.SQL                        : 
    drop table if exists transactions cascade
2025-12-22T11:19:02.708+05:30  WARN 50010 --- [transfer-service] [           main] o.h.engine.jdbc.spi.SqlExceptionHelper   : SQL Warning Code: 0, SQLState: 00000
2025-12-22T11:19:02.708+05:30  WARN 50010 --- [transfer-service] [           main] o.h.engine.jdbc.spi.SqlExceptionHelper   : table "transactions" does not exist, skipping
2025-12-22T11:19:02.710+05:30 DEBUG 50010 --- [transfer-service] [           main] org.hibernate.SQL                        : 
    create table accounts (
        balance numeric(15,2) not null,
        daily_limit numeric(15,2),
        daily_used numeric(15,2),
        monthly_limit numeric(15,2),
        monthly_used numeric(15,2),
        id bigserial not null,
        phone varchar(255) not null,
        status varchar(255) not null,
        upi_id varchar(255) not null unique,
        primary key (id)
    )
2025-12-22T11:19:02.727+05:30 DEBUG 50010 --- [transfer-service] [           main] org.hibernate.SQL                        : 
    create table transactions (
        amount numeric(15,2) not null,
        fee numeric(15,2),
        total_debited numeric(15,2),
        id bigserial not null,
        timestamp timestamp(6) not null,
        destination_upi varchar(255) not null,
        remarks varchar(255),
        source_upi varchar(255) not null,
        status varchar(255) not null,
        transaction_id varchar(255) not null unique,
        primary key (id)
    )
2025-12-22T11:19:02.736+05:30  INFO 50010 --- [transfer-service] [           main] j.LocalContainerEntityManagerFactoryBean : Initialized JPA EntityManagerFactory for persistence unit 'default'
2025-12-22T11:19:03.157+05:30  WARN 50010 --- [transfer-service] [           main] JpaBaseConfiguration$JpaWebConfiguration : spring.jpa.open-in-view is enabled by default. Therefore, database queries may be performed during view rendering. Explicitly configure spring.jpa.open-in-view to disable this warning
2025-12-22T11:19:03.718+05:30  INFO 50010 --- [transfer-service] [           main] o.s.b.a.h2.H2ConsoleAutoConfiguration    : H2 console available at '/h2-console'. Database available at 'jdbc:postgresql://localhost:56003/transfer_test_db?loggerLevel=OFF'
2025-12-22T11:19:03.771+05:30  INFO 50010 --- [transfer-service] [           main] c.npci.transfer.contract.TransfersTest   : Started TransfersTest in 2.708 seconds (process running for 27.241)
2025-12-22T11:19:03.797+05:30  INFO 50010 --- [transfer-service] [           main] j.LocalContainerEntityManagerFactoryBean : Closing JPA EntityManagerFactory for persistence unit 'default'
2025-12-22T11:19:03.798+05:30 DEBUG 50010 --- [transfer-service] [           main] org.hibernate.SQL                        : 
    drop table if exists accounts cascade
2025-12-22T11:19:03.810+05:30 DEBUG 50010 --- [transfer-service] [           main] org.hibernate.SQL                        : 
    drop table if exists transactions cascade
2025-12-22T11:19:03.824+05:30  INFO 50010 --- [transfer-service] [           main] com.zaxxer.hikari.HikariDataSource       : HikariPool-1 - Shutdown initiated...
2025-12-22T11:19:03.828+05:30  INFO 50010 --- [transfer-service] [           main] com.zaxxer.hikari.HikariDataSource       : HikariPool-1 - Shutdown completed.

  .   ____          _            __ _ _
 /\\ / ___'_ __ _ _(_)_ __  __ _ \ \ \ \
( ( )\___ | '_ | '_| | '_ \/ _` | \ \ \ \
 \\/  ___)| |_)| | | | | || (_| |  ) ) ) )
  '  |____| .__|_| |_|_| |_\__, | / / / /
 =========|_|==============|___/=/_/_/_/
 :: Spring Boot ::                (v3.2.0)

2025-12-22T11:19:03.881+05:30  INFO 50010 --- [transfer-service] [           main] c.npci.transfer.contract.TransfersTest   : Starting TransfersTest using Java 17.0.8 with PID 50010 (started by nag in /Users/nag/telus-batch2/level-13-contract-testing)
2025-12-22T11:19:03.882+05:30  INFO 50010 --- [transfer-service] [           main] c.npci.transfer.contract.TransfersTest   : The following 1 profile is active: "test"
2025-12-22T11:19:04.076+05:30  INFO 50010 --- [transfer-service] [           main] .s.d.r.c.RepositoryConfigurationDelegate : Bootstrapping Spring Data JPA repositories in DEFAULT mode.
2025-12-22T11:19:04.089+05:30  INFO 50010 --- [transfer-service] [           main] .s.d.r.c.RepositoryConfigurationDelegate : Finished Spring Data repository scanning in 12 ms. Found 2 JPA repository interfaces.
2025-12-22T11:19:04.220+05:30  INFO 50010 --- [transfer-service] [           main] o.hibernate.jpa.internal.util.LogHelper  : HHH000204: Processing PersistenceUnitInfo [name: default]
2025-12-22T11:19:04.223+05:30  INFO 50010 --- [transfer-service] [           main] o.h.c.internal.RegionFactoryInitiator    : HHH000026: Second-level cache disabled
2025-12-22T11:19:04.227+05:30  INFO 50010 --- [transfer-service] [           main] o.s.o.j.p.SpringPersistenceUnitInfo      : No LoadTimeWeaver setup: ignoring JPA class transformer
2025-12-22T11:19:04.228+05:30  INFO 50010 --- [transfer-service] [           main] com.zaxxer.hikari.HikariDataSource       : HikariPool-2 - Starting...
2025-12-22T11:19:04.311+05:30  INFO 50010 --- [transfer-service] [           main] com.zaxxer.hikari.pool.HikariPool        : HikariPool-2 - Added connection org.postgresql.jdbc.PgConnection@2534aba
2025-12-22T11:19:04.311+05:30  INFO 50010 --- [transfer-service] [           main] com.zaxxer.hikari.HikariDataSource       : HikariPool-2 - Start completed.
2025-12-22T11:19:04.319+05:30  WARN 50010 --- [transfer-service] [           main] org.hibernate.orm.deprecation            : HHH90000025: PostgreSQLDialect does not need to be specified explicitly using 'hibernate.dialect' (remove the property setting and it will be selected by default)
2025-12-22T11:19:04.449+05:30  INFO 50010 --- [transfer-service] [           main] o.h.e.t.j.p.i.JtaPlatformInitiator       : HHH000489: No JTA platform available (set 'hibernate.transaction.jta.platform' to enable JTA platform integration)
2025-12-22T11:19:04.450+05:30 DEBUG 50010 --- [transfer-service] [           main] org.hibernate.SQL                        : 
    drop table if exists accounts cascade
2025-12-22T11:19:04.453+05:30  WARN 50010 --- [transfer-service] [           main] o.h.engine.jdbc.spi.SqlExceptionHelper   : SQL Warning Code: 0, SQLState: 00000
2025-12-22T11:19:04.453+05:30  WARN 50010 --- [transfer-service] [           main] o.h.engine.jdbc.spi.SqlExceptionHelper   : table "accounts" does not exist, skipping
2025-12-22T11:19:04.453+05:30 DEBUG 50010 --- [transfer-service] [           main] org.hibernate.SQL                        : 
    drop table if exists transactions cascade
2025-12-22T11:19:04.458+05:30  WARN 50010 --- [transfer-service] [           main] o.h.engine.jdbc.spi.SqlExceptionHelper   : SQL Warning Code: 0, SQLState: 00000
2025-12-22T11:19:04.458+05:30  WARN 50010 --- [transfer-service] [           main] o.h.engine.jdbc.spi.SqlExceptionHelper   : table "transactions" does not exist, skipping
2025-12-22T11:19:04.459+05:30 DEBUG 50010 --- [transfer-service] [           main] org.hibernate.SQL                        : 
    create table accounts (
        balance numeric(15,2) not null,
        daily_limit numeric(15,2),
        daily_used numeric(15,2),
        monthly_limit numeric(15,2),
        monthly_used numeric(15,2),
        id bigserial not null,
        phone varchar(255) not null,
        status varchar(255) not null,
        upi_id varchar(255) not null unique,
        primary key (id)
    )
2025-12-22T11:19:04.478+05:30 DEBUG 50010 --- [transfer-service] [           main] org.hibernate.SQL                        : 
    create table transactions (
        amount numeric(15,2) not null,
        fee numeric(15,2),
        total_debited numeric(15,2),
        id bigserial not null,
        timestamp timestamp(6) not null,
        destination_upi varchar(255) not null,
        remarks varchar(255),
        source_upi varchar(255) not null,
        status varchar(255) not null,
        transaction_id varchar(255) not null unique,
        primary key (id)
    )
2025-12-22T11:19:04.489+05:30  INFO 50010 --- [transfer-service] [           main] j.LocalContainerEntityManagerFactoryBean : Initialized JPA EntityManagerFactory for persistence unit 'default'
2025-12-22T11:19:04.703+05:30  WARN 50010 --- [transfer-service] [           main] JpaBaseConfiguration$JpaWebConfiguration : spring.jpa.open-in-view is enabled by default. Therefore, database queries may be performed during view rendering. Explicitly configure spring.jpa.open-in-view to disable this warning
2025-12-22T11:19:04.858+05:30  INFO 50010 --- [transfer-service] [           main] o.s.b.a.h2.H2ConsoleAutoConfiguration    : H2 console available at '/h2-console'. Database available at 'jdbc:postgresql://localhost:56003/transfer_test_db?loggerLevel=OFF'
2025-12-22T11:19:04.906+05:30  INFO 50010 --- [transfer-service] [           main] c.npci.transfer.contract.TransfersTest   : Started TransfersTest in 1.074 seconds (process running for 28.376)
2025-12-22T11:19:04.935+05:30 DEBUG 50010 --- [transfer-service] [           main] org.hibernate.SQL                        : 
    select
        t1_0.id,
        t1_0.amount,
        t1_0.destination_upi,
        t1_0.fee,
        t1_0.remarks,
        t1_0.source_upi,
        t1_0.status,
        t1_0.timestamp,
        t1_0.total_debited,
        t1_0.transaction_id 
    from
        transactions t1_0
2025-12-22T11:19:04.970+05:30 DEBUG 50010 --- [transfer-service] [           main] org.hibernate.SQL                        : 
    select
        a1_0.id,
        a1_0.balance,
        a1_0.daily_limit,
        a1_0.daily_used,
        a1_0.monthly_limit,
        a1_0.monthly_used,
        a1_0.phone,
        a1_0.status,
        a1_0.upi_id 
    from
        accounts a1_0
2025-12-22T11:19:04.996+05:30 DEBUG 50010 --- [transfer-service] [           main] org.hibernate.SQL                        : 
    insert 
    into
        accounts
        (balance, daily_limit, daily_used, monthly_limit, monthly_used, phone, status, upi_id) 
    values
        (?, ?, ?, ?, ?, ?, ?, ?)
2025-12-22T11:19:05.018+05:30 DEBUG 50010 --- [transfer-service] [           main] org.hibernate.SQL                        : 
    insert 
    into
        accounts
        (balance, daily_limit, daily_used, monthly_limit, monthly_used, phone, status, upi_id) 
    values
        (?, ?, ?, ?, ?, ?, ?, ?)
2025-12-22T11:19:05.026+05:30 DEBUG 50010 --- [transfer-service] [           main] org.hibernate.SQL                        : 
    insert 
    into
        accounts
        (balance, daily_limit, daily_used, monthly_limit, monthly_used, phone, status, upi_id) 
    values
        (?, ?, ?, ?, ?, ?, ?, ?)
2025-12-22T11:19:05.362+05:30  INFO 50010 --- [transfer-service] [           main] o.s.b.t.m.w.SpringBootMockServletContext : Initializing Spring TestDispatcherServlet ''
2025-12-22T11:19:05.363+05:30  INFO 50010 --- [transfer-service] [           main] o.s.t.web.servlet.TestDispatcherServlet  : Initializing Servlet ''
2025-12-22T11:19:05.366+05:30  INFO 50010 --- [transfer-service] [           main] o.s.t.web.servlet.TestDispatcherServlet  : Completed initialization in 2 ms
2025-12-22T11:19:05.777+05:30  WARN 50010 --- [transfer-service] [           main] c.n.t.exception.GlobalExceptionHandler   : Validation errors: 1
]]></system-out>
  </testcase>
  <testcase name="validate_shouldReturnBadRequestForInsufficientBalance" classname="com.npci.transfer.contract.TransfersTest" time="1.557">
    <system-out><![CDATA[2025-12-22T11:19:06.157+05:30  INFO 50010 --- [transfer-service] [           main] j.LocalContainerEntityManagerFactoryBean : Closing JPA EntityManagerFactory for persistence unit 'default'
2025-12-22T11:19:06.158+05:30 DEBUG 50010 --- [transfer-service] [           main] org.hibernate.SQL                        : 
    drop table if exists accounts cascade
2025-12-22T11:19:06.177+05:30 DEBUG 50010 --- [transfer-service] [           main] org.hibernate.SQL                        : 
    drop table if exists transactions cascade
2025-12-22T11:19:06.187+05:30  INFO 50010 --- [transfer-service] [           main] com.zaxxer.hikari.HikariDataSource       : HikariPool-2 - Shutdown initiated...
2025-12-22T11:19:06.188+05:30  INFO 50010 --- [transfer-service] [           main] com.zaxxer.hikari.HikariDataSource       : HikariPool-2 - Shutdown completed.

  .   ____          _            __ _ _
 /\\ / ___'_ __ _ _(_)_ __  __ _ \ \ \ \
( ( )\___ | '_ | '_| | '_ \/ _` | \ \ \ \
 \\/  ___)| |_)| | | | | || (_| |  ) ) ) )
  '  |____| .__|_| |_|_| |_\__, | / / / /
 =========|_|==============|___/=/_/_/_/
 :: Spring Boot ::                (v3.2.0)

2025-12-22T11:19:06.257+05:30  INFO 50010 --- [transfer-service] [           main] c.npci.transfer.contract.TransfersTest   : Starting TransfersTest using Java 17.0.8 with PID 50010 (started by nag in /Users/nag/telus-batch2/level-13-contract-testing)
2025-12-22T11:19:06.258+05:30  INFO 50010 --- [transfer-service] [           main] c.npci.transfer.contract.TransfersTest   : The following 1 profile is active: "test"
2025-12-22T11:19:06.497+05:30  INFO 50010 --- [transfer-service] [           main] .s.d.r.c.RepositoryConfigurationDelegate : Bootstrapping Spring Data JPA repositories in DEFAULT mode.
2025-12-22T11:19:06.519+05:30  INFO 50010 --- [transfer-service] [           main] .s.d.r.c.RepositoryConfigurationDelegate : Finished Spring Data repository scanning in 21 ms. Found 2 JPA repository interfaces.
2025-12-22T11:19:06.664+05:30  INFO 50010 --- [transfer-service] [           main] o.hibernate.jpa.internal.util.LogHelper  : HHH000204: Processing PersistenceUnitInfo [name: default]
2025-12-22T11:19:06.668+05:30  INFO 50010 --- [transfer-service] [           main] o.h.c.internal.RegionFactoryInitiator    : HHH000026: Second-level cache disabled
2025-12-22T11:19:06.674+05:30  INFO 50010 --- [transfer-service] [           main] o.s.o.j.p.SpringPersistenceUnitInfo      : No LoadTimeWeaver setup: ignoring JPA class transformer
2025-12-22T11:19:06.676+05:30  INFO 50010 --- [transfer-service] [           main] com.zaxxer.hikari.HikariDataSource       : HikariPool-3 - Starting...
2025-12-22T11:19:06.777+05:30  INFO 50010 --- [transfer-service] [           main] com.zaxxer.hikari.pool.HikariPool        : HikariPool-3 - Added connection org.postgresql.jdbc.PgConnection@75cf2b19
2025-12-22T11:19:06.778+05:30  INFO 50010 --- [transfer-service] [           main] com.zaxxer.hikari.HikariDataSource       : HikariPool-3 - Start completed.
2025-12-22T11:19:06.788+05:30  WARN 50010 --- [transfer-service] [           main] org.hibernate.orm.deprecation            : HHH90000025: PostgreSQLDialect does not need to be specified explicitly using 'hibernate.dialect' (remove the property setting and it will be selected by default)
2025-12-22T11:19:06.961+05:30  INFO 50010 --- [transfer-service] [           main] o.h.e.t.j.p.i.JtaPlatformInitiator       : HHH000489: No JTA platform available (set 'hibernate.transaction.jta.platform' to enable JTA platform integration)
2025-12-22T11:19:06.962+05:30 DEBUG 50010 --- [transfer-service] [           main] org.hibernate.SQL                        : 
    drop table if exists accounts cascade
2025-12-22T11:19:06.969+05:30  WARN 50010 --- [transfer-service] [           main] o.h.engine.jdbc.spi.SqlExceptionHelper   : SQL Warning Code: 0, SQLState: 00000
2025-12-22T11:19:06.969+05:30  WARN 50010 --- [transfer-service] [           main] o.h.engine.jdbc.spi.SqlExceptionHelper   : table "accounts" does not exist, skipping
2025-12-22T11:19:06.969+05:30 DEBUG 50010 --- [transfer-service] [           main] org.hibernate.SQL                        : 
    drop table if exists transactions cascade
2025-12-22T11:19:06.973+05:30  WARN 50010 --- [transfer-service] [           main] o.h.engine.jdbc.spi.SqlExceptionHelper   : SQL Warning Code: 0, SQLState: 00000
2025-12-22T11:19:06.973+05:30  WARN 50010 --- [transfer-service] [           main] o.h.engine.jdbc.spi.SqlExceptionHelper   : table "transactions" does not exist, skipping
2025-12-22T11:19:06.976+05:30 DEBUG 50010 --- [transfer-service] [           main] org.hibernate.SQL                        : 
    create table accounts (
        balance numeric(15,2) not null,
        daily_limit numeric(15,2),
        daily_used numeric(15,2),
        monthly_limit numeric(15,2),
        monthly_used numeric(15,2),
        id bigserial not null,
        phone varchar(255) not null,
        status varchar(255) not null,
        upi_id varchar(255) not null unique,
        primary key (id)
    )
2025-12-22T11:19:07.001+05:30 DEBUG 50010 --- [transfer-service] [           main] org.hibernate.SQL                        : 
    create table transactions (
        amount numeric(15,2) not null,
        fee numeric(15,2),
        total_debited numeric(15,2),
        id bigserial not null,
        timestamp timestamp(6) not null,
        destination_upi varchar(255) not null,
        remarks varchar(255),
        source_upi varchar(255) not null,
        status varchar(255) not null,
        transaction_id varchar(255) not null unique,
        primary key (id)
    )
2025-12-22T11:19:07.017+05:30  INFO 50010 --- [transfer-service] [           main] j.LocalContainerEntityManagerFactoryBean : Initialized JPA EntityManagerFactory for persistence unit 'default'
2025-12-22T11:19:07.319+05:30  WARN 50010 --- [transfer-service] [           main] JpaBaseConfiguration$JpaWebConfiguration : spring.jpa.open-in-view is enabled by default. Therefore, database queries may be performed during view rendering. Explicitly configure spring.jpa.open-in-view to disable this warning
2025-12-22T11:19:07.484+05:30  INFO 50010 --- [transfer-service] [           main] o.s.b.a.h2.H2ConsoleAutoConfiguration    : H2 console available at '/h2-console'. Database available at 'jdbc:postgresql://localhost:56003/transfer_test_db?loggerLevel=OFF'
2025-12-22T11:19:07.532+05:30  INFO 50010 --- [transfer-service] [           main] c.npci.transfer.contract.TransfersTest   : Started TransfersTest in 1.338 seconds (process running for 31.003)
2025-12-22T11:19:07.542+05:30 DEBUG 50010 --- [transfer-service] [           main] org.hibernate.SQL                        : 
    select
        t1_0.id,
        t1_0.amount,
        t1_0.destination_upi,
        t1_0.fee,
        t1_0.remarks,
        t1_0.source_upi,
        t1_0.status,
        t1_0.timestamp,
        t1_0.total_debited,
        t1_0.transaction_id 
    from
        transactions t1_0
2025-12-22T11:19:07.552+05:30 DEBUG 50010 --- [transfer-service] [           main] org.hibernate.SQL                        : 
    select
        a1_0.id,
        a1_0.balance,
        a1_0.daily_limit,
        a1_0.daily_used,
        a1_0.monthly_limit,
        a1_0.monthly_used,
        a1_0.phone,
        a1_0.status,
        a1_0.upi_id 
    from
        accounts a1_0
2025-12-22T11:19:07.578+05:30 DEBUG 50010 --- [transfer-service] [           main] org.hibernate.SQL                        : 
    insert 
    into
        accounts
        (balance, daily_limit, daily_used, monthly_limit, monthly_used, phone, status, upi_id) 
    values
        (?, ?, ?, ?, ?, ?, ?, ?)
2025-12-22T11:19:07.588+05:30 DEBUG 50010 --- [transfer-service] [           main] org.hibernate.SQL                        : 
    insert 
    into
        accounts
        (balance, daily_limit, daily_used, monthly_limit, monthly_used, phone, status, upi_id) 
    values
        (?, ?, ?, ?, ?, ?, ?, ?)
2025-12-22T11:19:07.600+05:30 DEBUG 50010 --- [transfer-service] [           main] org.hibernate.SQL                        : 
    insert 
    into
        accounts
        (balance, daily_limit, daily_used, monthly_limit, monthly_used, phone, status, upi_id) 
    values
        (?, ?, ?, ?, ?, ?, ?, ?)
2025-12-22T11:19:07.611+05:30  INFO 50010 --- [transfer-service] [           main] o.s.b.t.m.w.SpringBootMockServletContext : Initializing Spring TestDispatcherServlet ''
2025-12-22T11:19:07.612+05:30  INFO 50010 --- [transfer-service] [           main] o.s.t.web.servlet.TestDispatcherServlet  : Initializing Servlet ''
2025-12-22T11:19:07.615+05:30  INFO 50010 --- [transfer-service] [           main] o.s.t.web.servlet.TestDispatcherServlet  : Completed initialization in 3 ms
2025-12-22T11:19:07.641+05:30  INFO 50010 --- [transfer-service] [           main] c.n.t.controller.TransferController      : Received transfer request from charlie@okaxis to bob@paytm
2025-12-22T11:19:07.651+05:30 DEBUG 50010 --- [transfer-service] [           main] org.hibernate.SQL                        : 
    select
        a1_0.id,
        a1_0.balance,
        a1_0.daily_limit,
        a1_0.daily_used,
        a1_0.monthly_limit,
        a1_0.monthly_used,
        a1_0.phone,
        a1_0.status,
        a1_0.upi_id 
    from
        accounts a1_0 
    where
        a1_0.upi_id=?
2025-12-22T11:19:07.670+05:30 DEBUG 50010 --- [transfer-service] [           main] org.hibernate.SQL                        : 
    select
        a1_0.id,
        a1_0.balance,
        a1_0.daily_limit,
        a1_0.daily_used,
        a1_0.monthly_limit,
        a1_0.monthly_used,
        a1_0.phone,
        a1_0.status,
        a1_0.upi_id 
    from
        accounts a1_0 
    where
        a1_0.upi_id=?
2025-12-22T11:19:07.678+05:30  INFO 50010 --- [transfer-service] [           main] c.npci.transfer.service.TransferService  : Initiating transfer from charlie@okaxis to bob@paytm for amount 500.00
2025-12-22T11:19:07.686+05:30  WARN 50010 --- [transfer-service] [           main] c.n.t.exception.GlobalExceptionHandler   : Insufficient balance: Insufficient balance. Available: ₹100.00, Required: ₹500.00
]]></system-out>
  </testcase>
  <testcase name="validate_shouldReturnBadRequestForMissingFields" classname="com.npci.transfer.contract.TransfersTest" time="1.1">
    <system-out><![CDATA[2025-12-22T11:19:07.716+05:30  INFO 50010 --- [transfer-service] [           main] j.LocalContainerEntityManagerFactoryBean : Closing JPA EntityManagerFactory for persistence unit 'default'
2025-12-22T11:19:07.717+05:30 DEBUG 50010 --- [transfer-service] [           main] org.hibernate.SQL                        : 
    drop table if exists accounts cascade
2025-12-22T11:19:07.733+05:30 DEBUG 50010 --- [transfer-service] [           main] org.hibernate.SQL                        : 
    drop table if exists transactions cascade
2025-12-22T11:19:07.746+05:30  INFO 50010 --- [transfer-service] [           main] com.zaxxer.hikari.HikariDataSource       : HikariPool-3 - Shutdown initiated...
2025-12-22T11:19:07.748+05:30  INFO 50010 --- [transfer-service] [           main] com.zaxxer.hikari.HikariDataSource       : HikariPool-3 - Shutdown completed.

  .   ____          _            __ _ _
 /\\ / ___'_ __ _ _(_)_ __  __ _ \ \ \ \
( ( )\___ | '_ | '_| | '_ \/ _` | \ \ \ \
 \\/  ___)| |_)| | | | | || (_| |  ) ) ) )
  '  |____| .__|_| |_|_| |_\__, | / / / /
 =========|_|==============|___/=/_/_/_/
 :: Spring Boot ::                (v3.2.0)

2025-12-22T11:19:07.814+05:30  INFO 50010 --- [transfer-service] [           main] c.npci.transfer.contract.TransfersTest   : Starting TransfersTest using Java 17.0.8 with PID 50010 (started by nag in /Users/nag/telus-batch2/level-13-contract-testing)
2025-12-22T11:19:07.815+05:30  INFO 50010 --- [transfer-service] [           main] c.npci.transfer.contract.TransfersTest   : The following 1 profile is active: "test"
2025-12-22T11:19:08.030+05:30  INFO 50010 --- [transfer-service] [           main] .s.d.r.c.RepositoryConfigurationDelegate : Bootstrapping Spring Data JPA repositories in DEFAULT mode.
2025-12-22T11:19:08.046+05:30  INFO 50010 --- [transfer-service] [           main] .s.d.r.c.RepositoryConfigurationDelegate : Finished Spring Data repository scanning in 15 ms. Found 2 JPA repository interfaces.
2025-12-22T11:19:08.161+05:30  INFO 50010 --- [transfer-service] [           main] o.hibernate.jpa.internal.util.LogHelper  : HHH000204: Processing PersistenceUnitInfo [name: default]
2025-12-22T11:19:08.164+05:30  INFO 50010 --- [transfer-service] [           main] o.h.c.internal.RegionFactoryInitiator    : HHH000026: Second-level cache disabled
2025-12-22T11:19:08.169+05:30  INFO 50010 --- [transfer-service] [           main] o.s.o.j.p.SpringPersistenceUnitInfo      : No LoadTimeWeaver setup: ignoring JPA class transformer
2025-12-22T11:19:08.170+05:30  INFO 50010 --- [transfer-service] [           main] com.zaxxer.hikari.HikariDataSource       : HikariPool-4 - Starting...
2025-12-22T11:19:08.223+05:30  INFO 50010 --- [transfer-service] [           main] com.zaxxer.hikari.pool.HikariPool        : HikariPool-4 - Added connection org.postgresql.jdbc.PgConnection@11c79954
2025-12-22T11:19:08.223+05:30  INFO 50010 --- [transfer-service] [           main] com.zaxxer.hikari.HikariDataSource       : HikariPool-4 - Start completed.
2025-12-22T11:19:08.232+05:30  WARN 50010 --- [transfer-service] [           main] org.hibernate.orm.deprecation            : HHH90000025: PostgreSQLDialect does not need to be specified explicitly using 'hibernate.dialect' (remove the property setting and it will be selected by default)
2025-12-22T11:19:08.356+05:30  INFO 50010 --- [transfer-service] [           main] o.h.e.t.j.p.i.JtaPlatformInitiator       : HHH000489: No JTA platform available (set 'hibernate.transaction.jta.platform' to enable JTA platform integration)
2025-12-22T11:19:08.357+05:30 DEBUG 50010 --- [transfer-service] [           main] org.hibernate.SQL                        : 
    drop table if exists accounts cascade
2025-12-22T11:19:08.360+05:30  WARN 50010 --- [transfer-service] [           main] o.h.engine.jdbc.spi.SqlExceptionHelper   : SQL Warning Code: 0, SQLState: 00000
2025-12-22T11:19:08.361+05:30  WARN 50010 --- [transfer-service] [           main] o.h.engine.jdbc.spi.SqlExceptionHelper   : table "accounts" does not exist, skipping
2025-12-22T11:19:08.361+05:30 DEBUG 50010 --- [transfer-service] [           main] org.hibernate.SQL                        : 
    drop table if exists transactions cascade
2025-12-22T11:19:08.365+05:30  WARN 50010 --- [transfer-service] [           main] o.h.engine.jdbc.spi.SqlExceptionHelper   : SQL Warning Code: 0, SQLState: 00000
2025-12-22T11:19:08.365+05:30  WARN 50010 --- [transfer-service] [           main] o.h.engine.jdbc.spi.SqlExceptionHelper   : table "transactions" does not exist, skipping
2025-12-22T11:19:08.366+05:30 DEBUG 50010 --- [transfer-service] [           main] org.hibernate.SQL                        : 
    create table accounts (
        balance numeric(15,2) not null,
        daily_limit numeric(15,2),
        daily_used numeric(15,2),
        monthly_limit numeric(15,2),
        monthly_used numeric(15,2),
        id bigserial not null,
        phone varchar(255) not null,
        status varchar(255) not null,
        upi_id varchar(255) not null unique,
        primary key (id)
    )
2025-12-22T11:19:08.390+05:30 DEBUG 50010 --- [transfer-service] [           main] org.hibernate.SQL                        : 
    create table transactions (
        amount numeric(15,2) not null,
        fee numeric(15,2),
        total_debited numeric(15,2),
        id bigserial not null,
        timestamp timestamp(6) not null,
        destination_upi varchar(255) not null,
        remarks varchar(255),
        source_upi varchar(255) not null,
        status varchar(255) not null,
        transaction_id varchar(255) not null unique,
        primary key (id)
    )
2025-12-22T11:19:08.405+05:30  INFO 50010 --- [transfer-service] [           main] j.LocalContainerEntityManagerFactoryBean : Initialized JPA EntityManagerFactory for persistence unit 'default'
2025-12-22T11:19:08.575+05:30  WARN 50010 --- [transfer-service] [           main] JpaBaseConfiguration$JpaWebConfiguration : spring.jpa.open-in-view is enabled by default. Therefore, database queries may be performed during view rendering. Explicitly configure spring.jpa.open-in-view to disable this warning
2025-12-22T11:19:08.687+05:30  INFO 50010 --- [transfer-service] [           main] o.s.b.a.h2.H2ConsoleAutoConfiguration    : H2 console available at '/h2-console'. Database available at 'jdbc:postgresql://localhost:56003/transfer_test_db?loggerLevel=OFF'
2025-12-22T11:19:08.717+05:30  INFO 50010 --- [transfer-service] [           main] c.npci.transfer.contract.TransfersTest   : Started TransfersTest in 0.965 seconds (process running for 32.188)
2025-12-22T11:19:08.724+05:30 DEBUG 50010 --- [transfer-service] [           main] org.hibernate.SQL                        : 
    select
        t1_0.id,
        t1_0.amount,
        t1_0.destination_upi,
        t1_0.fee,
        t1_0.remarks,
        t1_0.source_upi,
        t1_0.status,
        t1_0.timestamp,
        t1_0.total_debited,
        t1_0.transaction_id 
    from
        transactions t1_0
2025-12-22T11:19:08.736+05:30 DEBUG 50010 --- [transfer-service] [           main] org.hibernate.SQL                        : 
    select
        a1_0.id,
        a1_0.balance,
        a1_0.daily_limit,
        a1_0.daily_used,
        a1_0.monthly_limit,
        a1_0.monthly_used,
        a1_0.phone,
        a1_0.status,
        a1_0.upi_id 
    from
        accounts a1_0
2025-12-22T11:19:08.750+05:30 DEBUG 50010 --- [transfer-service] [           main] org.hibernate.SQL                        : 
    insert 
    into
        accounts
        (balance, daily_limit, daily_used, monthly_limit, monthly_used, phone, status, upi_id) 
    values
        (?, ?, ?, ?, ?, ?, ?, ?)
2025-12-22T11:19:08.760+05:30 DEBUG 50010 --- [transfer-service] [           main] org.hibernate.SQL                        : 
    insert 
    into
        accounts
        (balance, daily_limit, daily_used, monthly_limit, monthly_used, phone, status, upi_id) 
    values
        (?, ?, ?, ?, ?, ?, ?, ?)
2025-12-22T11:19:08.768+05:30 DEBUG 50010 --- [transfer-service] [           main] org.hibernate.SQL                        : 
    insert 
    into
        accounts
        (balance, daily_limit, daily_used, monthly_limit, monthly_used, phone, status, upi_id) 
    values
        (?, ?, ?, ?, ?, ?, ?, ?)
2025-12-22T11:19:08.778+05:30  INFO 50010 --- [transfer-service] [           main] o.s.b.t.m.w.SpringBootMockServletContext : Initializing Spring TestDispatcherServlet ''
2025-12-22T11:19:08.778+05:30  INFO 50010 --- [transfer-service] [           main] o.s.t.web.servlet.TestDispatcherServlet  : Initializing Servlet ''
2025-12-22T11:19:08.779+05:30  INFO 50010 --- [transfer-service] [           main] o.s.t.web.servlet.TestDispatcherServlet  : Completed initialization in 1 ms
2025-12-22T11:19:08.797+05:30  WARN 50010 --- [transfer-service] [           main] c.n.t.exception.GlobalExceptionHandler   : Validation errors: 1
]]></system-out>
  </testcase>
  <testcase name="validate_shouldReturnNotFoundForNonExistentAccount" classname="com.npci.transfer.contract.TransfersTest" time="0.97">
    <system-out><![CDATA[2025-12-22T11:19:08.818+05:30  INFO 50010 --- [transfer-service] [           main] j.LocalContainerEntityManagerFactoryBean : Closing JPA EntityManagerFactory for persistence unit 'default'
2025-12-22T11:19:08.818+05:30 DEBUG 50010 --- [transfer-service] [           main] org.hibernate.SQL                        : 
    drop table if exists accounts cascade
2025-12-22T11:19:08.830+05:30 DEBUG 50010 --- [transfer-service] [           main] org.hibernate.SQL                        : 
    drop table if exists transactions cascade
2025-12-22T11:19:08.842+05:30  INFO 50010 --- [transfer-service] [           main] com.zaxxer.hikari.HikariDataSource       : HikariPool-4 - Shutdown initiated...
2025-12-22T11:19:08.843+05:30  INFO 50010 --- [transfer-service] [           main] com.zaxxer.hikari.HikariDataSource       : HikariPool-4 - Shutdown completed.

  .   ____          _            __ _ _
 /\\ / ___'_ __ _ _(_)_ __  __ _ \ \ \ \
( ( )\___ | '_ | '_| | '_ \/ _` | \ \ \ \
 \\/  ___)| |_)| | | | | || (_| |  ) ) ) )
  '  |____| .__|_| |_|_| |_\__, | / / / /
 =========|_|==============|___/=/_/_/_/
 :: Spring Boot ::                (v3.2.0)

2025-12-22T11:19:08.891+05:30  INFO 50010 --- [transfer-service] [           main] c.npci.transfer.contract.TransfersTest   : Starting TransfersTest using Java 17.0.8 with PID 50010 (started by nag in /Users/nag/telus-batch2/level-13-contract-testing)
2025-12-22T11:19:08.891+05:30  INFO 50010 --- [transfer-service] [           main] c.npci.transfer.contract.TransfersTest   : The following 1 profile is active: "test"
2025-12-22T11:19:09.079+05:30  INFO 50010 --- [transfer-service] [           main] .s.d.r.c.RepositoryConfigurationDelegate : Bootstrapping Spring Data JPA repositories in DEFAULT mode.
2025-12-22T11:19:09.091+05:30  INFO 50010 --- [transfer-service] [           main] .s.d.r.c.RepositoryConfigurationDelegate : Finished Spring Data repository scanning in 11 ms. Found 2 JPA repository interfaces.
2025-12-22T11:19:09.186+05:30  INFO 50010 --- [transfer-service] [           main] o.hibernate.jpa.internal.util.LogHelper  : HHH000204: Processing PersistenceUnitInfo [name: default]
2025-12-22T11:19:09.189+05:30  INFO 50010 --- [transfer-service] [           main] o.h.c.internal.RegionFactoryInitiator    : HHH000026: Second-level cache disabled
2025-12-22T11:19:09.194+05:30  INFO 50010 --- [transfer-service] [           main] o.s.o.j.p.SpringPersistenceUnitInfo      : No LoadTimeWeaver setup: ignoring JPA class transformer
2025-12-22T11:19:09.195+05:30  INFO 50010 --- [transfer-service] [           main] com.zaxxer.hikari.HikariDataSource       : HikariPool-5 - Starting...
2025-12-22T11:19:09.247+05:30  INFO 50010 --- [transfer-service] [           main] com.zaxxer.hikari.pool.HikariPool        : HikariPool-5 - Added connection org.postgresql.jdbc.PgConnection@20c482f1
2025-12-22T11:19:09.247+05:30  INFO 50010 --- [transfer-service] [           main] com.zaxxer.hikari.HikariDataSource       : HikariPool-5 - Start completed.
2025-12-22T11:19:09.255+05:30  WARN 50010 --- [transfer-service] [           main] org.hibernate.orm.deprecation            : HHH90000025: PostgreSQLDialect does not need to be specified explicitly using 'hibernate.dialect' (remove the property setting and it will be selected by default)
2025-12-22T11:19:09.358+05:30  INFO 50010 --- [transfer-service] [           main] o.h.e.t.j.p.i.JtaPlatformInitiator       : HHH000489: No JTA platform available (set 'hibernate.transaction.jta.platform' to enable JTA platform integration)
2025-12-22T11:19:09.358+05:30 DEBUG 50010 --- [transfer-service] [           main] org.hibernate.SQL                        : 
    drop table if exists accounts cascade
2025-12-22T11:19:09.361+05:30  WARN 50010 --- [transfer-service] [           main] o.h.engine.jdbc.spi.SqlExceptionHelper   : SQL Warning Code: 0, SQLState: 00000
2025-12-22T11:19:09.361+05:30  WARN 50010 --- [transfer-service] [           main] o.h.engine.jdbc.spi.SqlExceptionHelper   : table "accounts" does not exist, skipping
2025-12-22T11:19:09.362+05:30 DEBUG 50010 --- [transfer-service] [           main] org.hibernate.SQL                        : 
    drop table if exists transactions cascade
2025-12-22T11:19:09.365+05:30  WARN 50010 --- [transfer-service] [           main] o.h.engine.jdbc.spi.SqlExceptionHelper   : SQL Warning Code: 0, SQLState: 00000
2025-12-22T11:19:09.365+05:30  WARN 50010 --- [transfer-service] [           main] o.h.engine.jdbc.spi.SqlExceptionHelper   : table "transactions" does not exist, skipping
2025-12-22T11:19:09.366+05:30 DEBUG 50010 --- [transfer-service] [           main] org.hibernate.SQL                        : 
    create table accounts (
        balance numeric(15,2) not null,
        daily_limit numeric(15,2),
        daily_used numeric(15,2),
        monthly_limit numeric(15,2),
        monthly_used numeric(15,2),
        id bigserial not null,
        phone varchar(255) not null,
        status varchar(255) not null,
        upi_id varchar(255) not null unique,
        primary key (id)
    )
2025-12-22T11:19:09.385+05:30 DEBUG 50010 --- [transfer-service] [           main] org.hibernate.SQL                        : 
    create table transactions (
        amount numeric(15,2) not null,
        fee numeric(15,2),
        total_debited numeric(15,2),
        id bigserial not null,
        timestamp timestamp(6) not null,
        destination_upi varchar(255) not null,
        remarks varchar(255),
        source_upi varchar(255) not null,
        status varchar(255) not null,
        transaction_id varchar(255) not null unique,
        primary key (id)
    )
2025-12-22T11:19:09.398+05:30  INFO 50010 --- [transfer-service] [           main] j.LocalContainerEntityManagerFactoryBean : Initialized JPA EntityManagerFactory for persistence unit 'default'
2025-12-22T11:19:09.550+05:30  WARN 50010 --- [transfer-service] [           main] JpaBaseConfiguration$JpaWebConfiguration : spring.jpa.open-in-view is enabled by default. Therefore, database queries may be performed during view rendering. Explicitly configure spring.jpa.open-in-view to disable this warning
2025-12-22T11:19:09.656+05:30  INFO 50010 --- [transfer-service] [           main] o.s.b.a.h2.H2ConsoleAutoConfiguration    : H2 console available at '/h2-console'. Database available at 'jdbc:postgresql://localhost:56003/transfer_test_db?loggerLevel=OFF'
2025-12-22T11:19:09.683+05:30  INFO 50010 --- [transfer-service] [           main] c.npci.transfer.contract.TransfersTest   : Started TransfersTest in 0.835 seconds (process running for 33.153)
2025-12-22T11:19:09.690+05:30 DEBUG 50010 --- [transfer-service] [           main] org.hibernate.SQL                        : 
    select
        t1_0.id,
        t1_0.amount,
        t1_0.destination_upi,
        t1_0.fee,
        t1_0.remarks,
        t1_0.source_upi,
        t1_0.status,
        t1_0.timestamp,
        t1_0.total_debited,
        t1_0.transaction_id 
    from
        transactions t1_0
2025-12-22T11:19:09.701+05:30 DEBUG 50010 --- [transfer-service] [           main] org.hibernate.SQL                        : 
    select
        a1_0.id,
        a1_0.balance,
        a1_0.daily_limit,
        a1_0.daily_used,
        a1_0.monthly_limit,
        a1_0.monthly_used,
        a1_0.phone,
        a1_0.status,
        a1_0.upi_id 
    from
        accounts a1_0
2025-12-22T11:19:09.715+05:30 DEBUG 50010 --- [transfer-service] [           main] org.hibernate.SQL                        : 
    insert 
    into
        accounts
        (balance, daily_limit, daily_used, monthly_limit, monthly_used, phone, status, upi_id) 
    values
        (?, ?, ?, ?, ?, ?, ?, ?)
2025-12-22T11:19:09.726+05:30 DEBUG 50010 --- [transfer-service] [           main] org.hibernate.SQL                        : 
    insert 
    into
        accounts
        (balance, daily_limit, daily_used, monthly_limit, monthly_used, phone, status, upi_id) 
    values
        (?, ?, ?, ?, ?, ?, ?, ?)
2025-12-22T11:19:09.734+05:30 DEBUG 50010 --- [transfer-service] [           main] org.hibernate.SQL                        : 
    insert 
    into
        accounts
        (balance, daily_limit, daily_used, monthly_limit, monthly_used, phone, status, upi_id) 
    values
        (?, ?, ?, ?, ?, ?, ?, ?)
2025-12-22T11:19:09.742+05:30  INFO 50010 --- [transfer-service] [           main] o.s.b.t.m.w.SpringBootMockServletContext : Initializing Spring TestDispatcherServlet ''
2025-12-22T11:19:09.743+05:30  INFO 50010 --- [transfer-service] [           main] o.s.t.web.servlet.TestDispatcherServlet  : Initializing Servlet ''
2025-12-22T11:19:09.744+05:30  INFO 50010 --- [transfer-service] [           main] o.s.t.web.servlet.TestDispatcherServlet  : Completed initialization in 1 ms
2025-12-22T11:19:09.757+05:30  INFO 50010 --- [transfer-service] [           main] c.n.t.controller.TransferController      : Received transfer request from nonexistent@fake to bob@paytm
2025-12-22T11:19:09.760+05:30 DEBUG 50010 --- [transfer-service] [           main] org.hibernate.SQL                        : 
    select
        a1_0.id,
        a1_0.balance,
        a1_0.daily_limit,
        a1_0.daily_used,
        a1_0.monthly_limit,
        a1_0.monthly_used,
        a1_0.phone,
        a1_0.status,
        a1_0.upi_id 
    from
        accounts a1_0 
    where
        a1_0.upi_id=?
2025-12-22T11:19:09.772+05:30 ERROR 50010 --- [transfer-service] [           main] c.n.t.exception.GlobalExceptionHandler   : Account not found: Source account not found: nonexistent@fake
]]></system-out>
  </testcase>
  <testcase name="validate_shouldSuccessfullyInitiateTransfer" classname="com.npci.transfer.contract.TransfersTest" time="1.053">
    <system-out><![CDATA[2025-12-22T11:19:09.789+05:30  INFO 50010 --- [transfer-service] [           main] j.LocalContainerEntityManagerFactoryBean : Closing JPA EntityManagerFactory for persistence unit 'default'
2025-12-22T11:19:09.789+05:30 DEBUG 50010 --- [transfer-service] [           main] org.hibernate.SQL                        : 
    drop table if exists accounts cascade
2025-12-22T11:19:09.801+05:30 DEBUG 50010 --- [transfer-service] [           main] org.hibernate.SQL                        : 
    drop table if exists transactions cascade
2025-12-22T11:19:09.811+05:30  INFO 50010 --- [transfer-service] [           main] com.zaxxer.hikari.HikariDataSource       : HikariPool-5 - Shutdown initiated...
2025-12-22T11:19:09.812+05:30  INFO 50010 --- [transfer-service] [           main] com.zaxxer.hikari.HikariDataSource       : HikariPool-5 - Shutdown completed.

  .   ____          _            __ _ _
 /\\ / ___'_ __ _ _(_)_ __  __ _ \ \ \ \
( ( )\___ | '_ | '_| | '_ \/ _` | \ \ \ \
 \\/  ___)| |_)| | | | | || (_| |  ) ) ) )
  '  |____| .__|_| |_|_| |_\__, | / / / /
 =========|_|==============|___/=/_/_/_/
 :: Spring Boot ::                (v3.2.0)

2025-12-22T11:19:09.857+05:30  INFO 50010 --- [transfer-service] [           main] c.npci.transfer.contract.TransfersTest   : Starting TransfersTest using Java 17.0.8 with PID 50010 (started by nag in /Users/nag/telus-batch2/level-13-contract-testing)
2025-12-22T11:19:09.857+05:30  INFO 50010 --- [transfer-service] [           main] c.npci.transfer.contract.TransfersTest   : The following 1 profile is active: "test"
2025-12-22T11:19:10.035+05:30  INFO 50010 --- [transfer-service] [           main] .s.d.r.c.RepositoryConfigurationDelegate : Bootstrapping Spring Data JPA repositories in DEFAULT mode.
2025-12-22T11:19:10.048+05:30  INFO 50010 --- [transfer-service] [           main] .s.d.r.c.RepositoryConfigurationDelegate : Finished Spring Data repository scanning in 12 ms. Found 2 JPA repository interfaces.
2025-12-22T11:19:10.147+05:30  INFO 50010 --- [transfer-service] [           main] o.hibernate.jpa.internal.util.LogHelper  : HHH000204: Processing PersistenceUnitInfo [name: default]
2025-12-22T11:19:10.150+05:30  INFO 50010 --- [transfer-service] [           main] o.h.c.internal.RegionFactoryInitiator    : HHH000026: Second-level cache disabled
2025-12-22T11:19:10.156+05:30  INFO 50010 --- [transfer-service] [           main] o.s.o.j.p.SpringPersistenceUnitInfo      : No LoadTimeWeaver setup: ignoring JPA class transformer
2025-12-22T11:19:10.157+05:30  INFO 50010 --- [transfer-service] [           main] com.zaxxer.hikari.HikariDataSource       : HikariPool-6 - Starting...
2025-12-22T11:19:10.207+05:30  INFO 50010 --- [transfer-service] [           main] com.zaxxer.hikari.pool.HikariPool        : HikariPool-6 - Added connection org.postgresql.jdbc.PgConnection@10059d26
2025-12-22T11:19:10.207+05:30  INFO 50010 --- [transfer-service] [           main] com.zaxxer.hikari.HikariDataSource       : HikariPool-6 - Start completed.
2025-12-22T11:19:10.217+05:30  WARN 50010 --- [transfer-service] [           main] org.hibernate.orm.deprecation            : HHH90000025: PostgreSQLDialect does not need to be specified explicitly using 'hibernate.dialect' (remove the property setting and it will be selected by default)
2025-12-22T11:19:10.321+05:30  INFO 50010 --- [transfer-service] [           main] o.h.e.t.j.p.i.JtaPlatformInitiator       : HHH000489: No JTA platform available (set 'hibernate.transaction.jta.platform' to enable JTA platform integration)
2025-12-22T11:19:10.321+05:30 DEBUG 50010 --- [transfer-service] [           main] org.hibernate.SQL                        : 
    drop table if exists accounts cascade
2025-12-22T11:19:10.325+05:30  WARN 50010 --- [transfer-service] [           main] o.h.engine.jdbc.spi.SqlExceptionHelper   : SQL Warning Code: 0, SQLState: 00000
2025-12-22T11:19:10.325+05:30  WARN 50010 --- [transfer-service] [           main] o.h.engine.jdbc.spi.SqlExceptionHelper   : table "accounts" does not exist, skipping
2025-12-22T11:19:10.325+05:30 DEBUG 50010 --- [transfer-service] [           main] org.hibernate.SQL                        : 
    drop table if exists transactions cascade
2025-12-22T11:19:10.329+05:30  WARN 50010 --- [transfer-service] [           main] o.h.engine.jdbc.spi.SqlExceptionHelper   : SQL Warning Code: 0, SQLState: 00000
2025-12-22T11:19:10.330+05:30  WARN 50010 --- [transfer-service] [           main] o.h.engine.jdbc.spi.SqlExceptionHelper   : table "transactions" does not exist, skipping
2025-12-22T11:19:10.331+05:30 DEBUG 50010 --- [transfer-service] [           main] org.hibernate.SQL                        : 
    create table accounts (
        balance numeric(15,2) not null,
        daily_limit numeric(15,2),
        daily_used numeric(15,2),
        monthly_limit numeric(15,2),
        monthly_used numeric(15,2),
        id bigserial not null,
        phone varchar(255) not null,
        status varchar(255) not null,
        upi_id varchar(255) not null unique,
        primary key (id)
    )
2025-12-22T11:19:10.352+05:30 DEBUG 50010 --- [transfer-service] [           main] org.hibernate.SQL                        : 
    create table transactions (
        amount numeric(15,2) not null,
        fee numeric(15,2),
        total_debited numeric(15,2),
        id bigserial not null,
        timestamp timestamp(6) not null,
        destination_upi varchar(255) not null,
        remarks varchar(255),
        source_upi varchar(255) not null,
        status varchar(255) not null,
        transaction_id varchar(255) not null unique,
        primary key (id)
    )
2025-12-22T11:19:10.370+05:30  INFO 50010 --- [transfer-service] [           main] j.LocalContainerEntityManagerFactoryBean : Initialized JPA EntityManagerFactory for persistence unit 'default'
2025-12-22T11:19:10.528+05:30  WARN 50010 --- [transfer-service] [           main] JpaBaseConfiguration$JpaWebConfiguration : spring.jpa.open-in-view is enabled by default. Therefore, database queries may be performed during view rendering. Explicitly configure spring.jpa.open-in-view to disable this warning
2025-12-22T11:19:10.649+05:30  INFO 50010 --- [transfer-service] [           main] o.s.b.a.h2.H2ConsoleAutoConfiguration    : H2 console available at '/h2-console'. Database available at 'jdbc:postgresql://localhost:56003/transfer_test_db?loggerLevel=OFF'
2025-12-22T11:19:10.683+05:30  INFO 50010 --- [transfer-service] [           main] c.npci.transfer.contract.TransfersTest   : Started TransfersTest in 0.867 seconds (process running for 34.153)
2025-12-22T11:19:10.690+05:30 DEBUG 50010 --- [transfer-service] [           main] org.hibernate.SQL                        : 
    select
        t1_0.id,
        t1_0.amount,
        t1_0.destination_upi,
        t1_0.fee,
        t1_0.remarks,
        t1_0.source_upi,
        t1_0.status,
        t1_0.timestamp,
        t1_0.total_debited,
        t1_0.transaction_id 
    from
        transactions t1_0
2025-12-22T11:19:10.702+05:30 DEBUG 50010 --- [transfer-service] [           main] org.hibernate.SQL                        : 
    select
        a1_0.id,
        a1_0.balance,
        a1_0.daily_limit,
        a1_0.daily_used,
        a1_0.monthly_limit,
        a1_0.monthly_used,
        a1_0.phone,
        a1_0.status,
        a1_0.upi_id 
    from
        accounts a1_0
2025-12-22T11:19:10.717+05:30 DEBUG 50010 --- [transfer-service] [           main] org.hibernate.SQL                        : 
    insert 
    into
        accounts
        (balance, daily_limit, daily_used, monthly_limit, monthly_used, phone, status, upi_id) 
    values
        (?, ?, ?, ?, ?, ?, ?, ?)
2025-12-22T11:19:10.727+05:30 DEBUG 50010 --- [transfer-service] [           main] org.hibernate.SQL                        : 
    insert 
    into
        accounts
        (balance, daily_limit, daily_used, monthly_limit, monthly_used, phone, status, upi_id) 
    values
        (?, ?, ?, ?, ?, ?, ?, ?)
2025-12-22T11:19:10.735+05:30 DEBUG 50010 --- [transfer-service] [           main] org.hibernate.SQL                        : 
    insert 
    into
        accounts
        (balance, daily_limit, daily_used, monthly_limit, monthly_used, phone, status, upi_id) 
    values
        (?, ?, ?, ?, ?, ?, ?, ?)
2025-12-22T11:19:10.744+05:30  INFO 50010 --- [transfer-service] [           main] o.s.b.t.m.w.SpringBootMockServletContext : Initializing Spring TestDispatcherServlet ''
2025-12-22T11:19:10.744+05:30  INFO 50010 --- [transfer-service] [           main] o.s.t.web.servlet.TestDispatcherServlet  : Initializing Servlet ''
2025-12-22T11:19:10.746+05:30  INFO 50010 --- [transfer-service] [           main] o.s.t.web.servlet.TestDispatcherServlet  : Completed initialization in 2 ms
2025-12-22T11:19:10.762+05:30  INFO 50010 --- [transfer-service] [           main] c.n.t.controller.TransferController      : Received transfer request from alice@okaxis to bob@paytm
2025-12-22T11:19:10.767+05:30 DEBUG 50010 --- [transfer-service] [           main] org.hibernate.SQL                        : 
    select
        a1_0.id,
        a1_0.balance,
        a1_0.daily_limit,
        a1_0.daily_used,
        a1_0.monthly_limit,
        a1_0.monthly_used,
        a1_0.phone,
        a1_0.status,
        a1_0.upi_id 
    from
        accounts a1_0 
    where
        a1_0.upi_id=?
2025-12-22T11:19:10.779+05:30 DEBUG 50010 --- [transfer-service] [           main] org.hibernate.SQL                        : 
    select
        a1_0.id,
        a1_0.balance,
        a1_0.daily_limit,
        a1_0.daily_used,
        a1_0.monthly_limit,
        a1_0.monthly_used,
        a1_0.phone,
        a1_0.status,
        a1_0.upi_id 
    from
        accounts a1_0 
    where
        a1_0.upi_id=?
2025-12-22T11:19:10.784+05:30  INFO 50010 --- [transfer-service] [           main] c.npci.transfer.service.TransferService  : Initiating transfer from alice@okaxis to bob@paytm for amount 500.00
2025-12-22T11:19:10.791+05:30 DEBUG 50010 --- [transfer-service] [           main] org.hibernate.SQL                        : 
    insert 
    into
        transactions
        (amount, destination_upi, fee, remarks, source_upi, status, timestamp, total_debited, transaction_id) 
    values
        (?, ?, ?, ?, ?, ?, ?, ?, ?)
2025-12-22T11:19:10.800+05:30  INFO 50010 --- [transfer-service] [           main] c.npci.transfer.service.TransferService  : Transfer completed successfully. Transaction ID: TXN-20251222111910-7781
2025-12-22T11:19:10.802+05:30 DEBUG 50010 --- [transfer-service] [           main] org.hibernate.SQL                        : 
    update
        accounts 
    set
        balance=?,
        daily_limit=?,
        daily_used=?,
        monthly_limit=?,
        monthly_used=?,
        phone=?,
        status=?,
        upi_id=? 
    where
        id=?
2025-12-22T11:19:10.808+05:30 DEBUG 50010 --- [transfer-service] [           main] org.hibernate.SQL                        : 
    update
        accounts 
    set
        balance=?,
        daily_limit=?,
        daily_used=?,
        monthly_limit=?,
        monthly_used=?,
        phone=?,
        status=?,
        upi_id=? 
    where
        id=?
]]></system-out>
  </testcase>
</testsuite>