<?xml version="1.0" encoding="UTF-8"?>
<testsuite xmlns:xsi="http://www.w3.org/2001/XMLSchema-instance" xsi:noNamespaceSchemaLocation="https://maven.apache.org/surefire/maven-surefire-plugin/xsd/surefire-test-report-3.0.xsd" version="3.0" name="com.npci.transfer.integration.TransferApiIntegrationTest" time="13.672" tests="10" errors="0" skipped="0" failures="0">
  <properties>
[...]
</properties>
  <testcase name="shouldReturnBadRequestForNegativeAmount" classname="com.npci.transfer.integration.TransferApiIntegrationTest" time="1.621">
    <system-out><![CDATA[2025-12-22T13:12:44.136+05:30  INFO 62570 --- [transfer-service-performance] [           main] t.c.s.AnnotationConfigContextLoaderUtils : Could not detect default configuration classes for test class [com.npci.transfer.integration.TransferApiIntegrationTest]: TransferApiIntegrationTest does not declare any static, non-private, non-final, nested classes annotated with @Configuration.
2025-12-22T13:12:44.151+05:30  INFO 62570 --- [transfer-service-performance] [           main] .b.t.c.SpringBootTestContextBootstrapper : Found @SpringBootConfiguration com.npci.transfer.TransferServiceApplication for test class com.npci.transfer.integration.TransferApiIntegrationTest
2025-12-22T13:12:44.202+05:30  INFO 62570 --- [transfer-service-performance] [           main] org.testcontainers.images.PullPolicy     : Image pull policy will be performed by: DefaultPullPolicy()
2025-12-22T13:12:44.209+05:30  INFO 62570 --- [transfer-service-performance] [           main] o.t.utility.ImageNameSubstitutor         : Image name substitution will be performed by: DefaultImageNameSubstitutor (composite of 'ConfigurationFileImageNameSubstitutor' and 'PrefixingImageNameSubstitutor')
2025-12-22T13:12:44.553+05:30  INFO 62570 --- [transfer-service-performance] [           main] o.t.d.DockerClientProviderStrategy       : Loaded org.testcontainers.dockerclient.UnixSocketClientProviderStrategy from ~/.testcontainers.properties, will try it first
2025-12-22T13:12:44.989+05:30  INFO 62570 --- [transfer-service-performance] [           main] o.t.d.DockerClientProviderStrategy       : Found Docker environment with local Unix socket (unix:///var/run/docker.sock)
2025-12-22T13:12:44.990+05:30  INFO 62570 --- [transfer-service-performance] [           main] org.testcontainers.DockerClientFactory   : Docker host IP address is localhost
2025-12-22T13:12:45.018+05:30  INFO 62570 --- [transfer-service-performance] [           main] org.testcontainers.DockerClientFactory   : Connected to docker: 
  Server Version: 20.10.21
  API Version: 1.41
  Operating System: Docker Desktop
  Total Memory: 7959 MB
2025-12-22T13:12:45.056+05:30  INFO 62570 --- [transfer-service-performance] [           main] tc.testcontainers/ryuk:0.5.1             : Creating container for image: testcontainers/ryuk:0.5.1
2025-12-22T13:12:45.595+05:30  INFO 62570 --- [transfer-service-performance] [           main] tc.testcontainers/ryuk:0.5.1             : Container testcontainers/ryuk:0.5.1 is starting: b5bcc94838e2df4ee35fe977580e3aafd70be0d064f42748f2db91480006fb9b
2025-12-22T13:12:46.071+05:30  INFO 62570 --- [transfer-service-performance] [           main] tc.testcontainers/ryuk:0.5.1             : Container testcontainers/ryuk:0.5.1 started in PT1.015388S
2025-12-22T13:12:46.084+05:30  INFO 62570 --- [transfer-service-performance] [           main] o.t.utility.RyukResourceReaper           : Ryuk started - will monitor and terminate Testcontainers containers on JVM exit
2025-12-22T13:12:46.085+05:30  INFO 62570 --- [transfer-service-performance] [           main] org.testcontainers.DockerClientFactory   : Checking the system...
2025-12-22T13:12:46.085+05:30  INFO 62570 --- [transfer-service-performance] [           main] org.testcontainers.DockerClientFactory   : ✔︎ Docker server version should be at least 1.6.0
2025-12-22T13:12:46.086+05:30  INFO 62570 --- [transfer-service-performance] [           main] tc.postgres:15-alpine                    : Creating container for image: postgres:15-alpine
2025-12-22T13:12:46.087+05:30  WARN 62570 --- [transfer-service-performance] [           main] tc.postgres:15-alpine                    : Reuse was requested but the environment does not support the reuse of containers
To enable reuse of containers, you must set 'testcontainers.reuse.enable=true' in a file located at /Users/nag/.testcontainers.properties
2025-12-22T13:12:46.132+05:30  INFO 62570 --- [transfer-service-performance] [           main] tc.postgres:15-alpine                    : Container postgres:15-alpine is starting: a4a1209a78e4884b7f3c6651908321605c0661a03491841ec0c39e6d93c1bff1
2025-12-22T13:12:48.729+05:30  INFO 62570 --- [transfer-service-performance] [           main] tc.postgres:15-alpine                    : Container postgres:15-alpine started in PT2.643022S
2025-12-22T13:12:48.730+05:30  INFO 62570 --- [transfer-service-performance] [           main] tc.postgres:15-alpine                    : Container is started (JDBC URL: jdbc:postgresql://localhost:56926/transfer_test_db?loggerLevel=OFF)

  .   ____          _            __ _ _
 /\\ / ___'_ __ _ _(_)_ __  __ _ \ \ \ \
( ( )\___ | '_ | '_| | '_ \/ _` | \ \ \ \
 \\/  ___)| |_)| | | | | || (_| |  ) ) ) )
  '  |____| .__|_| |_|_| |_\__, | / / / /
 =========|_|==============|___/=/_/_/_/
 :: Spring Boot ::                (v3.2.0)

2025-12-22T13:12:48.811+05:30  INFO 62570 --- [transfer-service-performance] [           main] c.n.t.i.TransferApiIntegrationTest       : Starting TransferApiIntegrationTest using Java 17.0.8 with PID 62570 (started by nag in /Users/nag/telus-batch2/level-16-17-performance-testing)
2025-12-22T13:12:48.812+05:30  INFO 62570 --- [transfer-service-performance] [           main] c.n.t.i.TransferApiIntegrationTest       : The following 1 profile is active: "test"
2025-12-22T13:12:49.889+05:30  INFO 62570 --- [transfer-service-performance] [           main] .s.d.r.c.RepositoryConfigurationDelegate : Bootstrapping Spring Data JPA repositories in DEFAULT mode.
2025-12-22T13:12:49.972+05:30  INFO 62570 --- [transfer-service-performance] [           main] .s.d.r.c.RepositoryConfigurationDelegate : Finished Spring Data repository scanning in 82 ms. Found 2 JPA repository interfaces.
2025-12-22T13:12:50.839+05:30  INFO 62570 --- [transfer-service-performance] [           main] o.s.b.w.embedded.tomcat.TomcatWebServer  : Tomcat initialized with port 0 (http)
2025-12-22T13:12:50.851+05:30  INFO 62570 --- [transfer-service-performance] [           main] o.apache.catalina.core.StandardService   : Starting service [Tomcat]
2025-12-22T13:12:50.852+05:30  INFO 62570 --- [transfer-service-performance] [           main] o.apache.catalina.core.StandardEngine    : Starting Servlet engine: [Apache Tomcat/10.1.16]
2025-12-22T13:12:50.980+05:30  INFO 62570 --- [transfer-service-performance] [           main] o.a.c.c.C.[Tomcat].[localhost].[/]       : Initializing Spring embedded WebApplicationContext
2025-12-22T13:12:50.982+05:30  INFO 62570 --- [transfer-service-performance] [           main] w.s.c.ServletWebServerApplicationContext : Root WebApplicationContext: initialization completed in 2167 ms
2025-12-22T13:12:51.362+05:30  INFO 62570 --- [transfer-service-performance] [           main] o.hibernate.jpa.internal.util.LogHelper  : HHH000204: Processing PersistenceUnitInfo [name: default]
2025-12-22T13:12:51.366+05:30  INFO 62570 --- [transfer-service-performance] [           main] o.h.c.internal.RegionFactoryInitiator    : HHH000026: Second-level cache disabled
2025-12-22T13:12:51.370+05:30  INFO 62570 --- [transfer-service-performance] [           main] o.s.o.j.p.SpringPersistenceUnitInfo      : No LoadTimeWeaver setup: ignoring JPA class transformer
2025-12-22T13:12:51.372+05:30  INFO 62570 --- [transfer-service-performance] [           main] com.zaxxer.hikari.HikariDataSource       : TransferServicePool - Starting...
2025-12-22T13:12:51.640+05:30  INFO 62570 --- [transfer-service-performance] [           main] com.zaxxer.hikari.pool.HikariPool        : TransferServicePool - Added connection org.postgresql.jdbc.PgConnection@17d03583
2025-12-22T13:12:51.643+05:30  INFO 62570 --- [transfer-service-performance] [           main] com.zaxxer.hikari.HikariDataSource       : TransferServicePool - Start completed.
2025-12-22T13:12:51.678+05:30  WARN 62570 --- [transfer-service-performance] [           main] org.hibernate.orm.deprecation            : HHH90000025: PostgreSQLDialect does not need to be specified explicitly using 'hibernate.dialect' (remove the property setting and it will be selected by default)
2025-12-22T13:12:51.820+05:30  INFO 62570 --- [transfer-service-performance] [           main] o.h.e.t.j.p.i.JtaPlatformInitiator       : HHH000489: No JTA platform available (set 'hibernate.transaction.jta.platform' to enable JTA platform integration)
2025-12-22T13:12:51.824+05:30 DEBUG 62570 --- [transfer-service-performance] [           main] org.hibernate.SQL                        : 
    drop table if exists accounts cascade
2025-12-22T13:12:51.830+05:30  WARN 62570 --- [transfer-service-performance] [           main] o.h.engine.jdbc.spi.SqlExceptionHelper   : SQL Warning Code: 0, SQLState: 00000
2025-12-22T13:12:51.831+05:30  WARN 62570 --- [transfer-service-performance] [           main] o.h.engine.jdbc.spi.SqlExceptionHelper   : table "accounts" does not exist, skipping
2025-12-22T13:12:51.831+05:30 DEBUG 62570 --- [transfer-service-performance] [           main] org.hibernate.SQL                        : 
    drop table if exists transactions cascade
2025-12-22T13:12:51.834+05:30  WARN 62570 --- [transfer-service-performance] [           main] o.h.engine.jdbc.spi.SqlExceptionHelper   : SQL Warning Code: 0, SQLState: 00000
2025-12-22T13:12:51.835+05:30  WARN 62570 --- [transfer-service-performance] [           main] o.h.engine.jdbc.spi.SqlExceptionHelper   : table "transactions" does not exist, skipping
2025-12-22T13:12:51.840+05:30 DEBUG 62570 --- [transfer-service-performance] [           main] org.hibernate.SQL                        : 
    create table accounts (
        balance numeric(15,2) not null,
        daily_limit numeric(15,2),
        daily_used numeric(15,2),
        monthly_limit numeric(15,2),
        monthly_used numeric(15,2),
        id bigserial not null,
        phone varchar(255) not null,
        status varchar(255) not null,
        upi_id varchar(255) not null unique,
        primary key (id)
    )
2025-12-22T13:12:51.860+05:30 DEBUG 62570 --- [transfer-service-performance] [           main] org.hibernate.SQL                        : 
    create table transactions (
        amount numeric(15,2) not null,
        fee numeric(15,2),
        total_debited numeric(15,2),
        id bigserial not null,
        timestamp timestamp(6) not null,
        destination_upi varchar(255) not null,
        remarks varchar(255),
        source_upi varchar(255) not null,
        status varchar(255) not null,
        transaction_id varchar(255) not null unique,
        primary key (id)
    )
2025-12-22T13:12:51.876+05:30  INFO 62570 --- [transfer-service-performance] [           main] j.LocalContainerEntityManagerFactoryBean : Initialized JPA EntityManagerFactory for persistence unit 'default'
2025-12-22T13:12:52.465+05:30  WARN 62570 --- [transfer-service-performance] [           main] JpaBaseConfiguration$JpaWebConfiguration : spring.jpa.open-in-view is enabled by default. Therefore, database queries may be performed during view rendering. Explicitly configure spring.jpa.open-in-view to disable this warning
2025-12-22T13:12:53.898+05:30  WARN 62570 --- [transfer-service-performance] [           main] .b.a.g.t.GroovyTemplateAutoConfiguration : Cannot find template location: classpath:/templates/ (please add some templates, check your Groovy configuration, or set spring.groovy.template.check-template-location=false)
2025-12-22T13:12:54.388+05:30  INFO 62570 --- [transfer-service-performance] [           main] o.s.b.a.e.web.EndpointLinksResolver      : Exposing 2 endpoint(s) beneath base path '/actuator'
2025-12-22T13:12:54.572+05:30  INFO 62570 --- [transfer-service-performance] [           main] o.s.b.w.embedded.tomcat.TomcatWebServer  : Tomcat started on port 56930 (http) with context path ''
2025-12-22T13:12:54.600+05:30  INFO 62570 --- [transfer-service-performance] [           main] c.n.t.i.TransferApiIntegrationTest       : Started TransferApiIntegrationTest in 5.867 seconds (process running for 17.918)
2025-12-22T13:12:54.843+05:30 DEBUG 62570 --- [transfer-service-performance] [           main] org.hibernate.SQL                        : 
    select
        t1_0.id,
        t1_0.amount,
        t1_0.destination_upi,
        t1_0.fee,
        t1_0.remarks,
        t1_0.source_upi,
        t1_0.status,
        t1_0.timestamp,
        t1_0.total_debited,
        t1_0.transaction_id 
    from
        transactions t1_0
2025-12-22T13:12:54.868+05:30 DEBUG 62570 --- [transfer-service-performance] [           main] org.hibernate.SQL                        : 
    select
        a1_0.id,
        a1_0.balance,
        a1_0.daily_limit,
        a1_0.daily_used,
        a1_0.monthly_limit,
        a1_0.monthly_used,
        a1_0.phone,
        a1_0.status,
        a1_0.upi_id 
    from
        accounts a1_0
2025-12-22T13:12:54.881+05:30 DEBUG 62570 --- [transfer-service-performance] [           main] org.hibernate.SQL                        : 
    insert 
    into
        accounts
        (balance, daily_limit, daily_used, monthly_limit, monthly_used, phone, status, upi_id) 
    values
        (?, ?, ?, ?, ?, ?, ?, ?)
2025-12-22T13:12:54.894+05:30 DEBUG 62570 --- [transfer-service-performance] [           main] org.hibernate.SQL                        : 
    insert 
    into
        accounts
        (balance, daily_limit, daily_used, monthly_limit, monthly_used, phone, status, upi_id) 
    values
        (?, ?, ?, ?, ?, ?, ?, ?)
2025-12-22T13:12:55.921+05:30  INFO 62570 --- [transfer-service-performance] [o-auto-1-exec-1] o.a.c.c.C.[Tomcat].[localhost].[/]       : Initializing Spring DispatcherServlet 'dispatcherServlet'
2025-12-22T13:12:55.922+05:30  INFO 62570 --- [transfer-service-performance] [o-auto-1-exec-1] o.s.web.servlet.DispatcherServlet        : Initializing Servlet 'dispatcherServlet'
2025-12-22T13:12:55.923+05:30  INFO 62570 --- [transfer-service-performance] [o-auto-1-exec-1] o.s.web.servlet.DispatcherServlet        : Completed initialization in 1 ms
2025-12-22T13:12:56.148+05:30  WARN 62570 --- [transfer-service-performance] [o-auto-1-exec-1] c.n.t.exception.GlobalExceptionHandler   : Validation errors: 1
]]></system-out>
  </testcase>
  <testcase name="shouldReturnBadRequestForExcessiveAmount" classname="com.npci.transfer.integration.TransferApiIntegrationTest" time="0.68">
    <system-out><![CDATA[2025-12-22T13:12:56.304+05:30 DEBUG 62570 --- [transfer-service-performance] [           main] org.hibernate.SQL                        : 
    select
        t1_0.id,
        t1_0.amount,
        t1_0.destination_upi,
        t1_0.fee,
        t1_0.remarks,
        t1_0.source_upi,
        t1_0.status,
        t1_0.timestamp,
        t1_0.total_debited,
        t1_0.transaction_id 
    from
        transactions t1_0
2025-12-22T13:12:56.312+05:30 DEBUG 62570 --- [transfer-service-performance] [           main] org.hibernate.SQL                        : 
    select
        a1_0.id,
        a1_0.balance,
        a1_0.daily_limit,
        a1_0.daily_used,
        a1_0.monthly_limit,
        a1_0.monthly_used,
        a1_0.phone,
        a1_0.status,
        a1_0.upi_id 
    from
        accounts a1_0
2025-12-22T13:12:56.318+05:30 DEBUG 62570 --- [transfer-service-performance] [           main] org.hibernate.SQL                        : 
    delete 
    from
        accounts 
    where
        id=?
2025-12-22T13:12:56.321+05:30 DEBUG 62570 --- [transfer-service-performance] [           main] org.hibernate.SQL                        : 
    delete 
    from
        accounts 
    where
        id=?
2025-12-22T13:12:56.327+05:30 DEBUG 62570 --- [transfer-service-performance] [           main] org.hibernate.SQL                        : 
    insert 
    into
        accounts
        (balance, daily_limit, daily_used, monthly_limit, monthly_used, phone, status, upi_id) 
    values
        (?, ?, ?, ?, ?, ?, ?, ?)
2025-12-22T13:12:56.335+05:30 DEBUG 62570 --- [transfer-service-performance] [           main] org.hibernate.SQL                        : 
    insert 
    into
        accounts
        (balance, daily_limit, daily_used, monthly_limit, monthly_used, phone, status, upi_id) 
    values
        (?, ?, ?, ?, ?, ?, ?, ?)
2025-12-22T13:12:56.369+05:30  WARN 62570 --- [transfer-service-performance] [o-auto-1-exec-2] c.n.t.exception.GlobalExceptionHandler   : Validation errors: 1
]]></system-out>
  </testcase>
  <testcase name="shouldReturnBadRequestForZeroAmount" classname="com.npci.transfer.integration.TransferApiIntegrationTest" time="0.082">
    <system-out><![CDATA[2025-12-22T13:12:56.985+05:30 DEBUG 62570 --- [transfer-service-performance] [           main] org.hibernate.SQL                        : 
    select
        t1_0.id,
        t1_0.amount,
        t1_0.destination_upi,
        t1_0.fee,
        t1_0.remarks,
        t1_0.source_upi,
        t1_0.status,
        t1_0.timestamp,
        t1_0.total_debited,
        t1_0.transaction_id 
    from
        transactions t1_0
2025-12-22T13:12:56.991+05:30 DEBUG 62570 --- [transfer-service-performance] [           main] org.hibernate.SQL                        : 
    select
        a1_0.id,
        a1_0.balance,
        a1_0.daily_limit,
        a1_0.daily_used,
        a1_0.monthly_limit,
        a1_0.monthly_used,
        a1_0.phone,
        a1_0.status,
        a1_0.upi_id 
    from
        accounts a1_0
2025-12-22T13:12:56.995+05:30 DEBUG 62570 --- [transfer-service-performance] [           main] org.hibernate.SQL                        : 
    delete 
    from
        accounts 
    where
        id=?
2025-12-22T13:12:56.998+05:30 DEBUG 62570 --- [transfer-service-performance] [           main] org.hibernate.SQL                        : 
    delete 
    from
        accounts 
    where
        id=?
2025-12-22T13:12:57.004+05:30 DEBUG 62570 --- [transfer-service-performance] [           main] org.hibernate.SQL                        : 
    insert 
    into
        accounts
        (balance, daily_limit, daily_used, monthly_limit, monthly_used, phone, status, upi_id) 
    values
        (?, ?, ?, ?, ?, ?, ?, ?)
2025-12-22T13:12:57.011+05:30 DEBUG 62570 --- [transfer-service-performance] [           main] org.hibernate.SQL                        : 
    insert 
    into
        accounts
        (balance, daily_limit, daily_used, monthly_limit, monthly_used, phone, status, upi_id) 
    values
        (?, ?, ?, ?, ?, ?, ?, ?)
2025-12-22T13:12:57.036+05:30  WARN 62570 --- [transfer-service-performance] [o-auto-1-exec-3] c.n.t.exception.GlobalExceptionHandler   : Validation errors: 1
]]></system-out>
  </testcase>
  <testcase name="shouldProcessMultipleTransfers" classname="com.npci.transfer.integration.TransferApiIntegrationTest" time="0.199">
    <system-out><![CDATA[2025-12-22T13:12:57.067+05:30 DEBUG 62570 --- [transfer-service-performance] [           main] org.hibernate.SQL                        : 
    select
        t1_0.id,
        t1_0.amount,
        t1_0.destination_upi,
        t1_0.fee,
        t1_0.remarks,
        t1_0.source_upi,
        t1_0.status,
        t1_0.timestamp,
        t1_0.total_debited,
        t1_0.transaction_id 
    from
        transactions t1_0
2025-12-22T13:12:57.074+05:30 DEBUG 62570 --- [transfer-service-performance] [           main] org.hibernate.SQL                        : 
    select
        a1_0.id,
        a1_0.balance,
        a1_0.daily_limit,
        a1_0.daily_used,
        a1_0.monthly_limit,
        a1_0.monthly_used,
        a1_0.phone,
        a1_0.status,
        a1_0.upi_id 
    from
        accounts a1_0
2025-12-22T13:12:57.078+05:30 DEBUG 62570 --- [transfer-service-performance] [           main] org.hibernate.SQL                        : 
    delete 
    from
        accounts 
    where
        id=?
2025-12-22T13:12:57.081+05:30 DEBUG 62570 --- [transfer-service-performance] [           main] org.hibernate.SQL                        : 
    delete 
    from
        accounts 
    where
        id=?
2025-12-22T13:12:57.087+05:30 DEBUG 62570 --- [transfer-service-performance] [           main] org.hibernate.SQL                        : 
    insert 
    into
        accounts
        (balance, daily_limit, daily_used, monthly_limit, monthly_used, phone, status, upi_id) 
    values
        (?, ?, ?, ?, ?, ?, ?, ?)
2025-12-22T13:12:57.095+05:30 DEBUG 62570 --- [transfer-service-performance] [           main] org.hibernate.SQL                        : 
    insert 
    into
        accounts
        (balance, daily_limit, daily_used, monthly_limit, monthly_used, phone, status, upi_id) 
    values
        (?, ?, ?, ?, ?, ?, ?, ?)
2025-12-22T13:12:57.123+05:30  INFO 62570 --- [transfer-service-performance] [o-auto-1-exec-4] c.n.t.controller.TransferController      : Received transfer request from alice@okaxis to bob@paytm
2025-12-22T13:12:57.130+05:30 DEBUG 62570 --- [transfer-service-performance] [o-auto-1-exec-4] org.hibernate.SQL                        : 
    select
        a1_0.id,
        a1_0.balance,
        a1_0.daily_limit,
        a1_0.daily_used,
        a1_0.monthly_limit,
        a1_0.monthly_used,
        a1_0.phone,
        a1_0.status,
        a1_0.upi_id 
    from
        accounts a1_0 
    where
        a1_0.upi_id=?
2025-12-22T13:12:57.141+05:30 DEBUG 62570 --- [transfer-service-performance] [o-auto-1-exec-4] org.hibernate.SQL                        : 
    select
        a1_0.id,
        a1_0.balance,
        a1_0.daily_limit,
        a1_0.daily_used,
        a1_0.monthly_limit,
        a1_0.monthly_used,
        a1_0.phone,
        a1_0.status,
        a1_0.upi_id 
    from
        accounts a1_0 
    where
        a1_0.upi_id=?
2025-12-22T13:12:57.145+05:30  INFO 62570 --- [transfer-service-performance] [o-auto-1-exec-4] c.npci.transfer.service.TransferService  : Initiating transfer from alice@okaxis to bob@paytm for amount 100.00
2025-12-22T13:12:57.152+05:30 DEBUG 62570 --- [transfer-service-performance] [o-auto-1-exec-4] org.hibernate.SQL                        : 
    insert 
    into
        transactions
        (amount, destination_upi, fee, remarks, source_upi, status, timestamp, total_debited, transaction_id) 
    values
        (?, ?, ?, ?, ?, ?, ?, ?, ?)
2025-12-22T13:12:57.157+05:30  INFO 62570 --- [transfer-service-performance] [o-auto-1-exec-4] c.npci.transfer.service.TransferService  : Transfer completed successfully. Transaction ID: TXN-20251222131257-0275
2025-12-22T13:12:57.159+05:30 DEBUG 62570 --- [transfer-service-performance] [o-auto-1-exec-4] org.hibernate.SQL                        : 
    update
        accounts 
    set
        balance=?,
        daily_limit=?,
        daily_used=?,
        monthly_limit=?,
        monthly_used=?,
        phone=?,
        status=?,
        upi_id=? 
    where
        id=?
2025-12-22T13:12:57.163+05:30 DEBUG 62570 --- [transfer-service-performance] [o-auto-1-exec-4] org.hibernate.SQL                        : 
    update
        accounts 
    set
        balance=?,
        daily_limit=?,
        daily_used=?,
        monthly_limit=?,
        monthly_used=?,
        phone=?,
        status=?,
        upi_id=? 
    where
        id=?
2025-12-22T13:12:57.219+05:30  INFO 62570 --- [transfer-service-performance] [o-auto-1-exec-5] c.n.t.controller.TransferController      : Received transfer request from alice@okaxis to bob@paytm
2025-12-22T13:12:57.221+05:30 DEBUG 62570 --- [transfer-service-performance] [o-auto-1-exec-5] org.hibernate.SQL                        : 
    select
        a1_0.id,
        a1_0.balance,
        a1_0.daily_limit,
        a1_0.daily_used,
        a1_0.monthly_limit,
        a1_0.monthly_used,
        a1_0.phone,
        a1_0.status,
        a1_0.upi_id 
    from
        accounts a1_0 
    where
        a1_0.upi_id=?
2025-12-22T13:12:57.226+05:30 DEBUG 62570 --- [transfer-service-performance] [o-auto-1-exec-5] org.hibernate.SQL                        : 
    select
        a1_0.id,
        a1_0.balance,
        a1_0.daily_limit,
        a1_0.daily_used,
        a1_0.monthly_limit,
        a1_0.monthly_used,
        a1_0.phone,
        a1_0.status,
        a1_0.upi_id 
    from
        accounts a1_0 
    where
        a1_0.upi_id=?
2025-12-22T13:12:57.231+05:30  INFO 62570 --- [transfer-service-performance] [o-auto-1-exec-5] c.npci.transfer.service.TransferService  : Initiating transfer from alice@okaxis to bob@paytm for amount 200.00
2025-12-22T13:12:57.233+05:30 DEBUG 62570 --- [transfer-service-performance] [o-auto-1-exec-5] org.hibernate.SQL                        : 
    insert 
    into
        transactions
        (amount, destination_upi, fee, remarks, source_upi, status, timestamp, total_debited, transaction_id) 
    values
        (?, ?, ?, ?, ?, ?, ?, ?, ?)
2025-12-22T13:12:57.237+05:30  INFO 62570 --- [transfer-service-performance] [o-auto-1-exec-5] c.npci.transfer.service.TransferService  : Transfer completed successfully. Transaction ID: TXN-20251222131257-1370
2025-12-22T13:12:57.238+05:30 DEBUG 62570 --- [transfer-service-performance] [o-auto-1-exec-5] org.hibernate.SQL                        : 
    update
        accounts 
    set
        balance=?,
        daily_limit=?,
        daily_used=?,
        monthly_limit=?,
        monthly_used=?,
        phone=?,
        status=?,
        upi_id=? 
    where
        id=?
2025-12-22T13:12:57.241+05:30 DEBUG 62570 --- [transfer-service-performance] [o-auto-1-exec-5] org.hibernate.SQL                        : 
    update
        accounts 
    set
        balance=?,
        daily_limit=?,
        daily_used=?,
        monthly_limit=?,
        monthly_used=?,
        phone=?,
        status=?,
        upi_id=? 
    where
        id=?
]]></system-out>
  </testcase>
  <testcase name="shouldReturnBadRequestForInsufficientBalance" classname="com.npci.transfer.integration.TransferApiIntegrationTest" time="0.103">
    <system-out><![CDATA[2025-12-22T13:12:57.267+05:30 DEBUG 62570 --- [transfer-service-performance] [           main] org.hibernate.SQL                        : 
    select
        t1_0.id,
        t1_0.amount,
        t1_0.destination_upi,
        t1_0.fee,
        t1_0.remarks,
        t1_0.source_upi,
        t1_0.status,
        t1_0.timestamp,
        t1_0.total_debited,
        t1_0.transaction_id 
    from
        transactions t1_0
2025-12-22T13:12:57.271+05:30 DEBUG 62570 --- [transfer-service-performance] [           main] org.hibernate.SQL                        : 
    delete 
    from
        transactions 
    where
        id=?
2025-12-22T13:12:57.274+05:30 DEBUG 62570 --- [transfer-service-performance] [           main] org.hibernate.SQL                        : 
    delete 
    from
        transactions 
    where
        id=?
2025-12-22T13:12:57.280+05:30 DEBUG 62570 --- [transfer-service-performance] [           main] org.hibernate.SQL                        : 
    select
        a1_0.id,
        a1_0.balance,
        a1_0.daily_limit,
        a1_0.daily_used,
        a1_0.monthly_limit,
        a1_0.monthly_used,
        a1_0.phone,
        a1_0.status,
        a1_0.upi_id 
    from
        accounts a1_0
2025-12-22T13:12:57.284+05:30 DEBUG 62570 --- [transfer-service-performance] [           main] org.hibernate.SQL                        : 
    delete 
    from
        accounts 
    where
        id=?
2025-12-22T13:12:57.288+05:30 DEBUG 62570 --- [transfer-service-performance] [           main] org.hibernate.SQL                        : 
    delete 
    from
        accounts 
    where
        id=?
2025-12-22T13:12:57.297+05:30 DEBUG 62570 --- [transfer-service-performance] [           main] org.hibernate.SQL                        : 
    insert 
    into
        accounts
        (balance, daily_limit, daily_used, monthly_limit, monthly_used, phone, status, upi_id) 
    values
        (?, ?, ?, ?, ?, ?, ?, ?)
2025-12-22T13:12:57.305+05:30 DEBUG 62570 --- [transfer-service-performance] [           main] org.hibernate.SQL                        : 
    insert 
    into
        accounts
        (balance, daily_limit, daily_used, monthly_limit, monthly_used, phone, status, upi_id) 
    values
        (?, ?, ?, ?, ?, ?, ?, ?)
2025-12-22T13:12:57.333+05:30  INFO 62570 --- [transfer-service-performance] [o-auto-1-exec-6] c.n.t.controller.TransferController      : Received transfer request from alice@okaxis to bob@paytm
2025-12-22T13:12:57.336+05:30 DEBUG 62570 --- [transfer-service-performance] [o-auto-1-exec-6] org.hibernate.SQL                        : 
    select
        a1_0.id,
        a1_0.balance,
        a1_0.daily_limit,
        a1_0.daily_used,
        a1_0.monthly_limit,
        a1_0.monthly_used,
        a1_0.phone,
        a1_0.status,
        a1_0.upi_id 
    from
        accounts a1_0 
    where
        a1_0.upi_id=?
2025-12-22T13:12:57.341+05:30 DEBUG 62570 --- [transfer-service-performance] [o-auto-1-exec-6] org.hibernate.SQL                        : 
    select
        a1_0.id,
        a1_0.balance,
        a1_0.daily_limit,
        a1_0.daily_used,
        a1_0.monthly_limit,
        a1_0.monthly_used,
        a1_0.phone,
        a1_0.status,
        a1_0.upi_id 
    from
        accounts a1_0 
    where
        a1_0.upi_id=?
2025-12-22T13:12:57.346+05:30  INFO 62570 --- [transfer-service-performance] [o-auto-1-exec-6] c.npci.transfer.service.TransferService  : Initiating transfer from alice@okaxis to bob@paytm for amount 15000.00
2025-12-22T13:12:57.349+05:30  WARN 62570 --- [transfer-service-performance] [o-auto-1-exec-6] c.n.t.exception.GlobalExceptionHandler   : Insufficient balance: Insufficient balance. Available: ₹10000.00, Required: ₹15005.00
]]></system-out>
  </testcase>
  <testcase name="shouldReturnNotFoundForNonExistentSource" classname="com.npci.transfer.integration.TransferApiIntegrationTest" time="0.079">
    <system-out><![CDATA[2025-12-22T13:12:57.371+05:30 DEBUG 62570 --- [transfer-service-performance] [           main] org.hibernate.SQL                        : 
    select
        t1_0.id,
        t1_0.amount,
        t1_0.destination_upi,
        t1_0.fee,
        t1_0.remarks,
        t1_0.source_upi,
        t1_0.status,
        t1_0.timestamp,
        t1_0.total_debited,
        t1_0.transaction_id 
    from
        transactions t1_0
2025-12-22T13:12:57.377+05:30 DEBUG 62570 --- [transfer-service-performance] [           main] org.hibernate.SQL                        : 
    select
        a1_0.id,
        a1_0.balance,
        a1_0.daily_limit,
        a1_0.daily_used,
        a1_0.monthly_limit,
        a1_0.monthly_used,
        a1_0.phone,
        a1_0.status,
        a1_0.upi_id 
    from
        accounts a1_0
2025-12-22T13:12:57.380+05:30 DEBUG 62570 --- [transfer-service-performance] [           main] org.hibernate.SQL                        : 
    delete 
    from
        accounts 
    where
        id=?
2025-12-22T13:12:57.383+05:30 DEBUG 62570 --- [transfer-service-performance] [           main] org.hibernate.SQL                        : 
    delete 
    from
        accounts 
    where
        id=?
2025-12-22T13:12:57.388+05:30 DEBUG 62570 --- [transfer-service-performance] [           main] org.hibernate.SQL                        : 
    insert 
    into
        accounts
        (balance, daily_limit, daily_used, monthly_limit, monthly_used, phone, status, upi_id) 
    values
        (?, ?, ?, ?, ?, ?, ?, ?)
2025-12-22T13:12:57.393+05:30 DEBUG 62570 --- [transfer-service-performance] [           main] org.hibernate.SQL                        : 
    insert 
    into
        accounts
        (balance, daily_limit, daily_used, monthly_limit, monthly_used, phone, status, upi_id) 
    values
        (?, ?, ?, ?, ?, ?, ?, ?)
2025-12-22T13:12:57.415+05:30  INFO 62570 --- [transfer-service-performance] [o-auto-1-exec-7] c.n.t.controller.TransferController      : Received transfer request from nonexistent@fake to bob@paytm
2025-12-22T13:12:57.418+05:30 DEBUG 62570 --- [transfer-service-performance] [o-auto-1-exec-7] org.hibernate.SQL                        : 
    select
        a1_0.id,
        a1_0.balance,
        a1_0.daily_limit,
        a1_0.daily_used,
        a1_0.monthly_limit,
        a1_0.monthly_used,
        a1_0.phone,
        a1_0.status,
        a1_0.upi_id 
    from
        accounts a1_0 
    where
        a1_0.upi_id=?
2025-12-22T13:12:57.424+05:30 ERROR 62570 --- [transfer-service-performance] [o-auto-1-exec-7] c.n.t.exception.GlobalExceptionHandler   : Account not found: Source account not found: nonexistent@fake
]]></system-out>
  </testcase>
  <testcase name="shouldReturnBadRequestForInvalidUpiFormat" classname="com.npci.transfer.integration.TransferApiIntegrationTest" time="0.072">
    <system-out><![CDATA[2025-12-22T13:12:57.452+05:30 DEBUG 62570 --- [transfer-service-performance] [           main] org.hibernate.SQL                        : 
    select
        t1_0.id,
        t1_0.amount,
        t1_0.destination_upi,
        t1_0.fee,
        t1_0.remarks,
        t1_0.source_upi,
        t1_0.status,
        t1_0.timestamp,
        t1_0.total_debited,
        t1_0.transaction_id 
    from
        transactions t1_0
2025-12-22T13:12:57.458+05:30 DEBUG 62570 --- [transfer-service-performance] [           main] org.hibernate.SQL                        : 
    select
        a1_0.id,
        a1_0.balance,
        a1_0.daily_limit,
        a1_0.daily_used,
        a1_0.monthly_limit,
        a1_0.monthly_used,
        a1_0.phone,
        a1_0.status,
        a1_0.upi_id 
    from
        accounts a1_0
2025-12-22T13:12:57.465+05:30 DEBUG 62570 --- [transfer-service-performance] [           main] org.hibernate.SQL                        : 
    delete 
    from
        accounts 
    where
        id=?
2025-12-22T13:12:57.468+05:30 DEBUG 62570 --- [transfer-service-performance] [           main] org.hibernate.SQL                        : 
    delete 
    from
        accounts 
    where
        id=?
2025-12-22T13:12:57.474+05:30 DEBUG 62570 --- [transfer-service-performance] [           main] org.hibernate.SQL                        : 
    insert 
    into
        accounts
        (balance, daily_limit, daily_used, monthly_limit, monthly_used, phone, status, upi_id) 
    values
        (?, ?, ?, ?, ?, ?, ?, ?)
2025-12-22T13:12:57.482+05:30 DEBUG 62570 --- [transfer-service-performance] [           main] org.hibernate.SQL                        : 
    insert 
    into
        accounts
        (balance, daily_limit, daily_used, monthly_limit, monthly_used, phone, status, upi_id) 
    values
        (?, ?, ?, ?, ?, ?, ?, ?)
2025-12-22T13:12:57.504+05:30  WARN 62570 --- [transfer-service-performance] [o-auto-1-exec-8] c.n.t.exception.GlobalExceptionHandler   : Validation errors: 1
]]></system-out>
  </testcase>
  <testcase name="shouldReturnBadRequestForMissingFields" classname="com.npci.transfer.integration.TransferApiIntegrationTest" time="0.076">
    <system-out><![CDATA[2025-12-22T13:12:57.524+05:30 DEBUG 62570 --- [transfer-service-performance] [           main] org.hibernate.SQL                        : 
    select
        t1_0.id,
        t1_0.amount,
        t1_0.destination_upi,
        t1_0.fee,
        t1_0.remarks,
        t1_0.source_upi,
        t1_0.status,
        t1_0.timestamp,
        t1_0.total_debited,
        t1_0.transaction_id 
    from
        transactions t1_0
2025-12-22T13:12:57.533+05:30 DEBUG 62570 --- [transfer-service-performance] [           main] org.hibernate.SQL                        : 
    select
        a1_0.id,
        a1_0.balance,
        a1_0.daily_limit,
        a1_0.daily_used,
        a1_0.monthly_limit,
        a1_0.monthly_used,
        a1_0.phone,
        a1_0.status,
        a1_0.upi_id 
    from
        accounts a1_0
2025-12-22T13:12:57.538+05:30 DEBUG 62570 --- [transfer-service-performance] [           main] org.hibernate.SQL                        : 
    delete 
    from
        accounts 
    where
        id=?
2025-12-22T13:12:57.540+05:30 DEBUG 62570 --- [transfer-service-performance] [           main] org.hibernate.SQL                        : 
    delete 
    from
        accounts 
    where
        id=?
2025-12-22T13:12:57.549+05:30 DEBUG 62570 --- [transfer-service-performance] [           main] org.hibernate.SQL                        : 
    insert 
    into
        accounts
        (balance, daily_limit, daily_used, monthly_limit, monthly_used, phone, status, upi_id) 
    values
        (?, ?, ?, ?, ?, ?, ?, ?)
2025-12-22T13:12:57.566+05:30 DEBUG 62570 --- [transfer-service-performance] [           main] org.hibernate.SQL                        : 
    insert 
    into
        accounts
        (balance, daily_limit, daily_used, monthly_limit, monthly_used, phone, status, upi_id) 
    values
        (?, ?, ?, ?, ?, ?, ?, ?)
2025-12-22T13:12:57.591+05:30  WARN 62570 --- [transfer-service-performance] [o-auto-1-exec-9] c.n.t.exception.GlobalExceptionHandler   : Validation errors: 2
]]></system-out>
  </testcase>
  <testcase name="shouldReturnNotFoundForNonExistentDestination" classname="com.npci.transfer.integration.TransferApiIntegrationTest" time="0.076">
    <system-out><![CDATA[2025-12-22T13:12:57.602+05:30 DEBUG 62570 --- [transfer-service-performance] [           main] org.hibernate.SQL                        : 
    select
        t1_0.id,
        t1_0.amount,
        t1_0.destination_upi,
        t1_0.fee,
        t1_0.remarks,
        t1_0.source_upi,
        t1_0.status,
        t1_0.timestamp,
        t1_0.total_debited,
        t1_0.transaction_id 
    from
        transactions t1_0
2025-12-22T13:12:57.608+05:30 DEBUG 62570 --- [transfer-service-performance] [           main] org.hibernate.SQL                        : 
    select
        a1_0.id,
        a1_0.balance,
        a1_0.daily_limit,
        a1_0.daily_used,
        a1_0.monthly_limit,
        a1_0.monthly_used,
        a1_0.phone,
        a1_0.status,
        a1_0.upi_id 
    from
        accounts a1_0
2025-12-22T13:12:57.613+05:30 DEBUG 62570 --- [transfer-service-performance] [           main] org.hibernate.SQL                        : 
    delete 
    from
        accounts 
    where
        id=?
2025-12-22T13:12:57.615+05:30 DEBUG 62570 --- [transfer-service-performance] [           main] org.hibernate.SQL                        : 
    delete 
    from
        accounts 
    where
        id=?
2025-12-22T13:12:57.620+05:30 DEBUG 62570 --- [transfer-service-performance] [           main] org.hibernate.SQL                        : 
    insert 
    into
        accounts
        (balance, daily_limit, daily_used, monthly_limit, monthly_used, phone, status, upi_id) 
    values
        (?, ?, ?, ?, ?, ?, ?, ?)
2025-12-22T13:12:57.625+05:30 DEBUG 62570 --- [transfer-service-performance] [           main] org.hibernate.SQL                        : 
    insert 
    into
        accounts
        (balance, daily_limit, daily_used, monthly_limit, monthly_used, phone, status, upi_id) 
    values
        (?, ?, ?, ?, ?, ?, ?, ?)
2025-12-22T13:12:57.646+05:30  INFO 62570 --- [transfer-service-performance] [-auto-1-exec-10] c.n.t.controller.TransferController      : Received transfer request from alice@okaxis to fake@nonexistent
2025-12-22T13:12:57.648+05:30 DEBUG 62570 --- [transfer-service-performance] [-auto-1-exec-10] org.hibernate.SQL                        : 
    select
        a1_0.id,
        a1_0.balance,
        a1_0.daily_limit,
        a1_0.daily_used,
        a1_0.monthly_limit,
        a1_0.monthly_used,
        a1_0.phone,
        a1_0.status,
        a1_0.upi_id 
    from
        accounts a1_0 
    where
        a1_0.upi_id=?
2025-12-22T13:12:57.654+05:30 DEBUG 62570 --- [transfer-service-performance] [-auto-1-exec-10] org.hibernate.SQL                        : 
    select
        a1_0.id,
        a1_0.balance,
        a1_0.daily_limit,
        a1_0.daily_used,
        a1_0.monthly_limit,
        a1_0.monthly_used,
        a1_0.phone,
        a1_0.status,
        a1_0.upi_id 
    from
        accounts a1_0 
    where
        a1_0.upi_id=?
2025-12-22T13:12:57.659+05:30 ERROR 62570 --- [transfer-service-performance] [-auto-1-exec-10] c.n.t.exception.GlobalExceptionHandler   : Account not found: Destination account not found: fake@nonexistent
]]></system-out>
  </testcase>
  <testcase name="shouldSuccessfullyInitiateTransfer" classname="com.npci.transfer.integration.TransferApiIntegrationTest" time="0.126">
    <system-out><![CDATA[2025-12-22T13:12:57.680+05:30 DEBUG 62570 --- [transfer-service-performance] [           main] org.hibernate.SQL                        : 
    select
        t1_0.id,
        t1_0.amount,
        t1_0.destination_upi,
        t1_0.fee,
        t1_0.remarks,
        t1_0.source_upi,
        t1_0.status,
        t1_0.timestamp,
        t1_0.total_debited,
        t1_0.transaction_id 
    from
        transactions t1_0
2025-12-22T13:12:57.686+05:30 DEBUG 62570 --- [transfer-service-performance] [           main] org.hibernate.SQL                        : 
    select
        a1_0.id,
        a1_0.balance,
        a1_0.daily_limit,
        a1_0.daily_used,
        a1_0.monthly_limit,
        a1_0.monthly_used,
        a1_0.phone,
        a1_0.status,
        a1_0.upi_id 
    from
        accounts a1_0
2025-12-22T13:12:57.690+05:30 DEBUG 62570 --- [transfer-service-performance] [           main] org.hibernate.SQL                        : 
    delete 
    from
        accounts 
    where
        id=?
2025-12-22T13:12:57.693+05:30 DEBUG 62570 --- [transfer-service-performance] [           main] org.hibernate.SQL                        : 
    delete 
    from
        accounts 
    where
        id=?
2025-12-22T13:12:57.698+05:30 DEBUG 62570 --- [transfer-service-performance] [           main] org.hibernate.SQL                        : 
    insert 
    into
        accounts
        (balance, daily_limit, daily_used, monthly_limit, monthly_used, phone, status, upi_id) 
    values
        (?, ?, ?, ?, ?, ?, ?, ?)
2025-12-22T13:12:57.704+05:30 DEBUG 62570 --- [transfer-service-performance] [           main] org.hibernate.SQL                        : 
    insert 
    into
        accounts
        (balance, daily_limit, daily_used, monthly_limit, monthly_used, phone, status, upi_id) 
    values
        (?, ?, ?, ?, ?, ?, ?, ?)
2025-12-22T13:12:57.728+05:30  INFO 62570 --- [transfer-service-performance] [o-auto-1-exec-1] c.n.t.controller.TransferController      : Received transfer request from alice@okaxis to bob@paytm
2025-12-22T13:12:57.731+05:30 DEBUG 62570 --- [transfer-service-performance] [o-auto-1-exec-1] org.hibernate.SQL                        : 
    select
        a1_0.id,
        a1_0.balance,
        a1_0.daily_limit,
        a1_0.daily_used,
        a1_0.monthly_limit,
        a1_0.monthly_used,
        a1_0.phone,
        a1_0.status,
        a1_0.upi_id 
    from
        accounts a1_0 
    where
        a1_0.upi_id=?
2025-12-22T13:12:57.735+05:30 DEBUG 62570 --- [transfer-service-performance] [o-auto-1-exec-1] org.hibernate.SQL                        : 
    select
        a1_0.id,
        a1_0.balance,
        a1_0.daily_limit,
        a1_0.daily_used,
        a1_0.monthly_limit,
        a1_0.monthly_used,
        a1_0.phone,
        a1_0.status,
        a1_0.upi_id 
    from
        accounts a1_0 
    where
        a1_0.upi_id=?
2025-12-22T13:12:57.738+05:30  INFO 62570 --- [transfer-service-performance] [o-auto-1-exec-1] c.npci.transfer.service.TransferService  : Initiating transfer from alice@okaxis to bob@paytm for amount 500.00
2025-12-22T13:12:57.739+05:30 DEBUG 62570 --- [transfer-service-performance] [o-auto-1-exec-1] org.hibernate.SQL                        : 
    insert 
    into
        transactions
        (amount, destination_upi, fee, remarks, source_upi, status, timestamp, total_debited, transaction_id) 
    values
        (?, ?, ?, ?, ?, ?, ?, ?, ?)
2025-12-22T13:12:57.743+05:30  INFO 62570 --- [transfer-service-performance] [o-auto-1-exec-1] c.npci.transfer.service.TransferService  : Transfer completed successfully. Transaction ID: TXN-20251222131257-8341
2025-12-22T13:12:57.743+05:30 DEBUG 62570 --- [transfer-service-performance] [o-auto-1-exec-1] org.hibernate.SQL                        : 
    update
        accounts 
    set
        balance=?,
        daily_limit=?,
        daily_used=?,
        monthly_limit=?,
        monthly_used=?,
        phone=?,
        status=?,
        upi_id=? 
    where
        id=?
2025-12-22T13:12:57.746+05:30 DEBUG 62570 --- [transfer-service-performance] [o-auto-1-exec-1] org.hibernate.SQL                        : 
    update
        accounts 
    set
        balance=?,
        daily_limit=?,
        daily_used=?,
        monthly_limit=?,
        monthly_used=?,
        phone=?,
        status=?,
        upi_id=? 
    where
        id=?
]]></system-out>
  </testcase>
</testsuite>