<?xml version="1.0" encoding="UTF-8"?>
<testsuite xmlns:xsi="http://www.w3.org/2001/XMLSchema-instance" xsi:noNamespaceSchemaLocation="https://maven.apache.org/surefire/maven-surefire-plugin/xsd/surefire-test-report-3.0.xsd" version="3.0" name="com.npci.transfer.component.TransferComponentTest" time="0.217" tests="5" errors="0" skipped="0" failures="0">
  <properties>
[...]
</properties>
  <testcase name="shouldHandleConcurrentTransfers" classname="com.npci.transfer.component.TransferComponentTest" time="0.071">
    <system-out><![CDATA[2025-12-22T10:22:27.486+05:30  INFO 43744 --- [transfer-service] [           main] t.c.s.AnnotationConfigContextLoaderUtils : Could not detect default configuration classes for test class [com.npci.transfer.component.TransferComponentTest]: TransferComponentTest does not declare any static, non-private, non-final, nested classes annotated with @Configuration.
2025-12-22T10:22:27.488+05:30  INFO 43744 --- [transfer-service] [           main] .b.t.c.SpringBootTestContextBootstrapper : Found @SpringBootConfiguration com.npci.transfer.TransferServiceApplication for test class com.npci.transfer.component.TransferComponentTest
2025-12-22T10:22:27.496+05:30 DEBUG 43744 --- [transfer-service] [           main] org.hibernate.SQL                        : 
    select
        t1_0.id,
        t1_0.amount,
        t1_0.destination_upi,
        t1_0.fee,
        t1_0.remarks,
        t1_0.source_upi,
        t1_0.status,
        t1_0.timestamp,
        t1_0.total_debited,
        t1_0.transaction_id 
    from
        transactions t1_0
2025-12-22T10:22:27.503+05:30 DEBUG 43744 --- [transfer-service] [           main] org.hibernate.SQL                        : 
    select
        a1_0.id,
        a1_0.balance,
        a1_0.daily_limit,
        a1_0.daily_used,
        a1_0.monthly_limit,
        a1_0.monthly_used,
        a1_0.phone,
        a1_0.status,
        a1_0.upi_id 
    from
        accounts a1_0
2025-12-22T10:22:27.507+05:30 DEBUG 43744 --- [transfer-service] [           main] org.hibernate.SQL                        : 
    insert 
    into
        accounts
        (balance, daily_limit, daily_used, monthly_limit, monthly_used, phone, status, upi_id) 
    values
        (?, ?, ?, ?, ?, ?, ?, ?)
2025-12-22T10:22:27.511+05:30 DEBUG 43744 --- [transfer-service] [           main] org.hibernate.SQL                        : 
    insert 
    into
        accounts
        (balance, daily_limit, daily_used, monthly_limit, monthly_used, phone, status, upi_id) 
    values
        (?, ?, ?, ?, ?, ?, ?, ?)
2025-12-22T10:22:27.515+05:30 DEBUG 43744 --- [transfer-service] [           main] org.hibernate.SQL                        : 
    select
        a1_0.id,
        a1_0.balance,
        a1_0.daily_limit,
        a1_0.daily_used,
        a1_0.monthly_limit,
        a1_0.monthly_used,
        a1_0.phone,
        a1_0.status,
        a1_0.upi_id 
    from
        accounts a1_0 
    where
        a1_0.upi_id=?
2025-12-22T10:22:27.519+05:30 DEBUG 43744 --- [transfer-service] [           main] org.hibernate.SQL                        : 
    select
        a1_0.id,
        a1_0.balance,
        a1_0.daily_limit,
        a1_0.daily_used,
        a1_0.monthly_limit,
        a1_0.monthly_used,
        a1_0.phone,
        a1_0.status,
        a1_0.upi_id 
    from
        accounts a1_0 
    where
        a1_0.upi_id=?
2025-12-22T10:22:27.522+05:30  INFO 43744 --- [transfer-service] [           main] c.npci.transfer.service.TransferService  : Initiating transfer from alice@okaxis to bob@paytm for amount 100.00
2025-12-22T10:22:27.528+05:30 DEBUG 43744 --- [transfer-service] [           main] org.hibernate.SQL                        : 
    insert 
    into
        transactions
        (amount, destination_upi, fee, remarks, source_upi, status, timestamp, total_debited, transaction_id) 
    values
        (?, ?, ?, ?, ?, ?, ?, ?, ?)
2025-12-22T10:22:27.532+05:30  INFO 43744 --- [transfer-service] [           main] c.npci.transfer.service.TransferService  : Transfer completed successfully. Transaction ID: TXN-20251222102227-2542
2025-12-22T10:22:27.534+05:30 DEBUG 43744 --- [transfer-service] [           main] org.hibernate.SQL                        : 
    update
        accounts 
    set
        balance=?,
        daily_limit=?,
        daily_used=?,
        monthly_limit=?,
        monthly_used=?,
        phone=?,
        status=?,
        upi_id=? 
    where
        id=?
2025-12-22T10:22:27.537+05:30 DEBUG 43744 --- [transfer-service] [           main] org.hibernate.SQL                        : 
    update
        accounts 
    set
        balance=?,
        daily_limit=?,
        daily_used=?,
        monthly_limit=?,
        monthly_used=?,
        phone=?,
        status=?,
        upi_id=? 
    where
        id=?
2025-12-22T10:22:27.540+05:30 DEBUG 43744 --- [transfer-service] [           main] org.hibernate.SQL                        : 
    select
        a1_0.id,
        a1_0.balance,
        a1_0.daily_limit,
        a1_0.daily_used,
        a1_0.monthly_limit,
        a1_0.monthly_used,
        a1_0.phone,
        a1_0.status,
        a1_0.upi_id 
    from
        accounts a1_0 
    where
        a1_0.upi_id=?
2025-12-22T10:22:27.544+05:30 DEBUG 43744 --- [transfer-service] [           main] org.hibernate.SQL                        : 
    select
        a1_0.id,
        a1_0.balance,
        a1_0.daily_limit,
        a1_0.daily_used,
        a1_0.monthly_limit,
        a1_0.monthly_used,
        a1_0.phone,
        a1_0.status,
        a1_0.upi_id 
    from
        accounts a1_0 
    where
        a1_0.upi_id=?
2025-12-22T10:22:27.546+05:30  INFO 43744 --- [transfer-service] [           main] c.npci.transfer.service.TransferService  : Initiating transfer from alice@okaxis to bob@paytm for amount 200.00
2025-12-22T10:22:27.547+05:30 DEBUG 43744 --- [transfer-service] [           main] org.hibernate.SQL                        : 
    insert 
    into
        transactions
        (amount, destination_upi, fee, remarks, source_upi, status, timestamp, total_debited, transaction_id) 
    values
        (?, ?, ?, ?, ?, ?, ?, ?, ?)
2025-12-22T10:22:27.550+05:30  INFO 43744 --- [transfer-service] [           main] c.npci.transfer.service.TransferService  : Transfer completed successfully. Transaction ID: TXN-20251222102227-4534
2025-12-22T10:22:27.552+05:30 DEBUG 43744 --- [transfer-service] [           main] org.hibernate.SQL                        : 
    update
        accounts 
    set
        balance=?,
        daily_limit=?,
        daily_used=?,
        monthly_limit=?,
        monthly_used=?,
        phone=?,
        status=?,
        upi_id=? 
    where
        id=?
2025-12-22T10:22:27.554+05:30 DEBUG 43744 --- [transfer-service] [           main] org.hibernate.SQL                        : 
    update
        accounts 
    set
        balance=?,
        daily_limit=?,
        daily_used=?,
        monthly_limit=?,
        monthly_used=?,
        phone=?,
        status=?,
        upi_id=? 
    where
        id=?
2025-12-22T10:22:27.557+05:30 DEBUG 43744 --- [transfer-service] [           main] org.hibernate.SQL                        : 
    select
        a1_0.id,
        a1_0.balance,
        a1_0.daily_limit,
        a1_0.daily_used,
        a1_0.monthly_limit,
        a1_0.monthly_used,
        a1_0.phone,
        a1_0.status,
        a1_0.upi_id 
    from
        accounts a1_0 
    where
        a1_0.upi_id=?
]]></system-out>
  </testcase>
  <testcase name="shouldHandleNonExistentAccount" classname="com.npci.transfer.component.TransferComponentTest" time="0.023">
    <system-out><![CDATA[2025-12-22T10:22:27.566+05:30 DEBUG 43744 --- [transfer-service] [           main] org.hibernate.SQL                        : 
    select
        t1_0.id,
        t1_0.amount,
        t1_0.destination_upi,
        t1_0.fee,
        t1_0.remarks,
        t1_0.source_upi,
        t1_0.status,
        t1_0.timestamp,
        t1_0.total_debited,
        t1_0.transaction_id 
    from
        transactions t1_0
2025-12-22T10:22:27.569+05:30 DEBUG 43744 --- [transfer-service] [           main] org.hibernate.SQL                        : 
    select
        a1_0.id,
        a1_0.balance,
        a1_0.daily_limit,
        a1_0.daily_used,
        a1_0.monthly_limit,
        a1_0.monthly_used,
        a1_0.phone,
        a1_0.status,
        a1_0.upi_id 
    from
        accounts a1_0
2025-12-22T10:22:27.572+05:30 DEBUG 43744 --- [transfer-service] [           main] org.hibernate.SQL                        : 
    insert 
    into
        accounts
        (balance, daily_limit, daily_used, monthly_limit, monthly_used, phone, status, upi_id) 
    values
        (?, ?, ?, ?, ?, ?, ?, ?)
2025-12-22T10:22:27.575+05:30 DEBUG 43744 --- [transfer-service] [           main] org.hibernate.SQL                        : 
    insert 
    into
        accounts
        (balance, daily_limit, daily_used, monthly_limit, monthly_used, phone, status, upi_id) 
    values
        (?, ?, ?, ?, ?, ?, ?, ?)
2025-12-22T10:22:27.581+05:30 DEBUG 43744 --- [transfer-service] [           main] org.hibernate.SQL                        : 
    select
        a1_0.id,
        a1_0.balance,
        a1_0.daily_limit,
        a1_0.daily_used,
        a1_0.monthly_limit,
        a1_0.monthly_used,
        a1_0.phone,
        a1_0.status,
        a1_0.upi_id 
    from
        accounts a1_0 
    where
        a1_0.upi_id=?
]]></system-out>
  </testcase>
  <testcase name="shouldPersistTransactionHistory" classname="com.npci.transfer.component.TransferComponentTest" time="0.033">
    <system-out><![CDATA[2025-12-22T10:22:27.591+05:30 DEBUG 43744 --- [transfer-service] [           main] org.hibernate.SQL                        : 
    select
        t1_0.id,
        t1_0.amount,
        t1_0.destination_upi,
        t1_0.fee,
        t1_0.remarks,
        t1_0.source_upi,
        t1_0.status,
        t1_0.timestamp,
        t1_0.total_debited,
        t1_0.transaction_id 
    from
        transactions t1_0
2025-12-22T10:22:27.594+05:30 DEBUG 43744 --- [transfer-service] [           main] org.hibernate.SQL                        : 
    select
        a1_0.id,
        a1_0.balance,
        a1_0.daily_limit,
        a1_0.daily_used,
        a1_0.monthly_limit,
        a1_0.monthly_used,
        a1_0.phone,
        a1_0.status,
        a1_0.upi_id 
    from
        accounts a1_0
2025-12-22T10:22:27.597+05:30 DEBUG 43744 --- [transfer-service] [           main] org.hibernate.SQL                        : 
    insert 
    into
        accounts
        (balance, daily_limit, daily_used, monthly_limit, monthly_used, phone, status, upi_id) 
    values
        (?, ?, ?, ?, ?, ?, ?, ?)
2025-12-22T10:22:27.600+05:30 DEBUG 43744 --- [transfer-service] [           main] org.hibernate.SQL                        : 
    insert 
    into
        accounts
        (balance, daily_limit, daily_used, monthly_limit, monthly_used, phone, status, upi_id) 
    values
        (?, ?, ?, ?, ?, ?, ?, ?)
2025-12-22T10:22:27.603+05:30 DEBUG 43744 --- [transfer-service] [           main] org.hibernate.SQL                        : 
    select
        a1_0.id,
        a1_0.balance,
        a1_0.daily_limit,
        a1_0.daily_used,
        a1_0.monthly_limit,
        a1_0.monthly_used,
        a1_0.phone,
        a1_0.status,
        a1_0.upi_id 
    from
        accounts a1_0 
    where
        a1_0.upi_id=?
2025-12-22T10:22:27.607+05:30 DEBUG 43744 --- [transfer-service] [           main] org.hibernate.SQL                        : 
    select
        a1_0.id,
        a1_0.balance,
        a1_0.daily_limit,
        a1_0.daily_used,
        a1_0.monthly_limit,
        a1_0.monthly_used,
        a1_0.phone,
        a1_0.status,
        a1_0.upi_id 
    from
        accounts a1_0 
    where
        a1_0.upi_id=?
2025-12-22T10:22:27.610+05:30  INFO 43744 --- [transfer-service] [           main] c.npci.transfer.service.TransferService  : Initiating transfer from alice@okaxis to bob@paytm for amount 300.00
2025-12-22T10:22:27.611+05:30 DEBUG 43744 --- [transfer-service] [           main] org.hibernate.SQL                        : 
    insert 
    into
        transactions
        (amount, destination_upi, fee, remarks, source_upi, status, timestamp, total_debited, transaction_id) 
    values
        (?, ?, ?, ?, ?, ?, ?, ?, ?)
2025-12-22T10:22:27.613+05:30  INFO 43744 --- [transfer-service] [           main] c.npci.transfer.service.TransferService  : Transfer completed successfully. Transaction ID: TXN-20251222102227-0981
2025-12-22T10:22:27.615+05:30 DEBUG 43744 --- [transfer-service] [           main] org.hibernate.SQL                        : 
    select
        t1_0.id,
        t1_0.amount,
        t1_0.destination_upi,
        t1_0.fee,
        t1_0.remarks,
        t1_0.source_upi,
        t1_0.status,
        t1_0.timestamp,
        t1_0.total_debited,
        t1_0.transaction_id 
    from
        transactions t1_0
]]></system-out>
  </testcase>
  <testcase name="shouldTransferMoneySuccessfully" classname="com.npci.transfer.component.TransferComponentTest" time="0.041">
    <system-out><![CDATA[2025-12-22T10:22:27.625+05:30 DEBUG 43744 --- [transfer-service] [           main] org.hibernate.SQL                        : 
    select
        t1_0.id,
        t1_0.amount,
        t1_0.destination_upi,
        t1_0.fee,
        t1_0.remarks,
        t1_0.source_upi,
        t1_0.status,
        t1_0.timestamp,
        t1_0.total_debited,
        t1_0.transaction_id 
    from
        transactions t1_0
2025-12-22T10:22:27.628+05:30 DEBUG 43744 --- [transfer-service] [           main] org.hibernate.SQL                        : 
    select
        a1_0.id,
        a1_0.balance,
        a1_0.daily_limit,
        a1_0.daily_used,
        a1_0.monthly_limit,
        a1_0.monthly_used,
        a1_0.phone,
        a1_0.status,
        a1_0.upi_id 
    from
        accounts a1_0
2025-12-22T10:22:27.631+05:30 DEBUG 43744 --- [transfer-service] [           main] org.hibernate.SQL                        : 
    insert 
    into
        accounts
        (balance, daily_limit, daily_used, monthly_limit, monthly_used, phone, status, upi_id) 
    values
        (?, ?, ?, ?, ?, ?, ?, ?)
2025-12-22T10:22:27.633+05:30 DEBUG 43744 --- [transfer-service] [           main] org.hibernate.SQL                        : 
    insert 
    into
        accounts
        (balance, daily_limit, daily_used, monthly_limit, monthly_used, phone, status, upi_id) 
    values
        (?, ?, ?, ?, ?, ?, ?, ?)
2025-12-22T10:22:27.637+05:30 DEBUG 43744 --- [transfer-service] [           main] org.hibernate.SQL                        : 
    select
        a1_0.id,
        a1_0.balance,
        a1_0.daily_limit,
        a1_0.daily_used,
        a1_0.monthly_limit,
        a1_0.monthly_used,
        a1_0.phone,
        a1_0.status,
        a1_0.upi_id 
    from
        accounts a1_0 
    where
        a1_0.upi_id=?
2025-12-22T10:22:27.640+05:30 DEBUG 43744 --- [transfer-service] [           main] org.hibernate.SQL                        : 
    select
        a1_0.id,
        a1_0.balance,
        a1_0.daily_limit,
        a1_0.daily_used,
        a1_0.monthly_limit,
        a1_0.monthly_used,
        a1_0.phone,
        a1_0.status,
        a1_0.upi_id 
    from
        accounts a1_0 
    where
        a1_0.upi_id=?
2025-12-22T10:22:27.642+05:30  INFO 43744 --- [transfer-service] [           main] c.npci.transfer.service.TransferService  : Initiating transfer from alice@okaxis to bob@paytm for amount 500.00
2025-12-22T10:22:27.643+05:30 DEBUG 43744 --- [transfer-service] [           main] org.hibernate.SQL                        : 
    insert 
    into
        transactions
        (amount, destination_upi, fee, remarks, source_upi, status, timestamp, total_debited, transaction_id) 
    values
        (?, ?, ?, ?, ?, ?, ?, ?, ?)
2025-12-22T10:22:27.646+05:30  INFO 43744 --- [transfer-service] [           main] c.npci.transfer.service.TransferService  : Transfer completed successfully. Transaction ID: TXN-20251222102227-6785
2025-12-22T10:22:27.647+05:30 DEBUG 43744 --- [transfer-service] [           main] org.hibernate.SQL                        : 
    update
        accounts 
    set
        balance=?,
        daily_limit=?,
        daily_used=?,
        monthly_limit=?,
        monthly_used=?,
        phone=?,
        status=?,
        upi_id=? 
    where
        id=?
2025-12-22T10:22:27.650+05:30 DEBUG 43744 --- [transfer-service] [           main] org.hibernate.SQL                        : 
    update
        accounts 
    set
        balance=?,
        daily_limit=?,
        daily_used=?,
        monthly_limit=?,
        monthly_used=?,
        phone=?,
        status=?,
        upi_id=? 
    where
        id=?
2025-12-22T10:22:27.652+05:30 DEBUG 43744 --- [transfer-service] [           main] org.hibernate.SQL                        : 
    select
        a1_0.id,
        a1_0.balance,
        a1_0.daily_limit,
        a1_0.daily_used,
        a1_0.monthly_limit,
        a1_0.monthly_used,
        a1_0.phone,
        a1_0.status,
        a1_0.upi_id 
    from
        accounts a1_0 
    where
        a1_0.upi_id=?
2025-12-22T10:22:27.656+05:30 DEBUG 43744 --- [transfer-service] [           main] org.hibernate.SQL                        : 
    select
        a1_0.id,
        a1_0.balance,
        a1_0.daily_limit,
        a1_0.daily_used,
        a1_0.monthly_limit,
        a1_0.monthly_used,
        a1_0.phone,
        a1_0.status,
        a1_0.upi_id 
    from
        accounts a1_0 
    where
        a1_0.upi_id=?
]]></system-out>
  </testcase>
  <testcase name="shouldRollbackTransactionOnInsufficientBalance" classname="com.npci.transfer.component.TransferComponentTest" time="0.036">
    <system-out><![CDATA[2025-12-22T10:22:27.667+05:30 DEBUG 43744 --- [transfer-service] [           main] org.hibernate.SQL                        : 
    select
        t1_0.id,
        t1_0.amount,
        t1_0.destination_upi,
        t1_0.fee,
        t1_0.remarks,
        t1_0.source_upi,
        t1_0.status,
        t1_0.timestamp,
        t1_0.total_debited,
        t1_0.transaction_id 
    from
        transactions t1_0
2025-12-22T10:22:27.672+05:30 DEBUG 43744 --- [transfer-service] [           main] org.hibernate.SQL                        : 
    select
        a1_0.id,
        a1_0.balance,
        a1_0.daily_limit,
        a1_0.daily_used,
        a1_0.monthly_limit,
        a1_0.monthly_used,
        a1_0.phone,
        a1_0.status,
        a1_0.upi_id 
    from
        accounts a1_0
2025-12-22T10:22:27.675+05:30 DEBUG 43744 --- [transfer-service] [           main] org.hibernate.SQL                        : 
    insert 
    into
        accounts
        (balance, daily_limit, daily_used, monthly_limit, monthly_used, phone, status, upi_id) 
    values
        (?, ?, ?, ?, ?, ?, ?, ?)
2025-12-22T10:22:27.678+05:30 DEBUG 43744 --- [transfer-service] [           main] org.hibernate.SQL                        : 
    insert 
    into
        accounts
        (balance, daily_limit, daily_used, monthly_limit, monthly_used, phone, status, upi_id) 
    values
        (?, ?, ?, ?, ?, ?, ?, ?)
2025-12-22T10:22:27.683+05:30 DEBUG 43744 --- [transfer-service] [           main] org.hibernate.SQL                        : 
    select
        a1_0.id,
        a1_0.balance,
        a1_0.daily_limit,
        a1_0.daily_used,
        a1_0.monthly_limit,
        a1_0.monthly_used,
        a1_0.phone,
        a1_0.status,
        a1_0.upi_id 
    from
        accounts a1_0 
    where
        a1_0.upi_id=?
2025-12-22T10:22:27.687+05:30 DEBUG 43744 --- [transfer-service] [           main] org.hibernate.SQL                        : 
    select
        a1_0.id,
        a1_0.balance,
        a1_0.daily_limit,
        a1_0.daily_used,
        a1_0.monthly_limit,
        a1_0.monthly_used,
        a1_0.phone,
        a1_0.status,
        a1_0.upi_id 
    from
        accounts a1_0 
    where
        a1_0.upi_id=?
2025-12-22T10:22:27.689+05:30  INFO 43744 --- [transfer-service] [           main] c.npci.transfer.service.TransferService  : Initiating transfer from alice@okaxis to bob@paytm for amount 15000.00
2025-12-22T10:22:27.691+05:30 DEBUG 43744 --- [transfer-service] [           main] org.hibernate.SQL                        : 
    select
        a1_0.id,
        a1_0.balance,
        a1_0.daily_limit,
        a1_0.daily_used,
        a1_0.monthly_limit,
        a1_0.monthly_used,
        a1_0.phone,
        a1_0.status,
        a1_0.upi_id 
    from
        accounts a1_0 
    where
        a1_0.upi_id=?
2025-12-22T10:22:27.694+05:30 DEBUG 43744 --- [transfer-service] [           main] org.hibernate.SQL                        : 
    select
        a1_0.id,
        a1_0.balance,
        a1_0.daily_limit,
        a1_0.daily_used,
        a1_0.monthly_limit,
        a1_0.monthly_used,
        a1_0.phone,
        a1_0.status,
        a1_0.upi_id 
    from
        accounts a1_0 
    where
        a1_0.upi_id=?
]]></system-out>
  </testcase>
</testsuite>