<?xml version="1.0" encoding="UTF-8"?>
<testsuite xmlns:xsi="http://www.w3.org/2001/XMLSchema-instance" xsi:noNamespaceSchemaLocation="https://maven.apache.org/surefire/maven-surefire-plugin/xsd/surefire-test-report-3.0.xsd" version="3.0" name="com.npci.transfer.integration.TransferApiIntegrationTest" time="13.342" tests="10" errors="0" skipped="0" failures="0">
  <properties>
[...]
</properties>
  <testcase name="shouldReturnBadRequestForNegativeAmount" classname="com.npci.transfer.integration.TransferApiIntegrationTest" time="3.039">
    <system-out><![CDATA[2025-12-22T10:22:13.244+05:30  INFO 43744 --- [transfer-service] [           main] t.c.s.AnnotationConfigContextLoaderUtils : Could not detect default configuration classes for test class [com.npci.transfer.integration.TransferApiIntegrationTest]: TransferApiIntegrationTest does not declare any static, non-private, non-final, nested classes annotated with @Configuration.
2025-12-22T10:22:13.262+05:30  INFO 43744 --- [transfer-service] [           main] .b.t.c.SpringBootTestContextBootstrapper : Found @SpringBootConfiguration com.npci.transfer.TransferServiceApplication for test class com.npci.transfer.integration.TransferApiIntegrationTest
2025-12-22T10:22:13.373+05:30  INFO 43744 --- [transfer-service] [           main] org.testcontainers.images.PullPolicy     : Image pull policy will be performed by: DefaultPullPolicy()
2025-12-22T10:22:13.380+05:30  INFO 43744 --- [transfer-service] [           main] o.t.utility.ImageNameSubstitutor         : Image name substitution will be performed by: DefaultImageNameSubstitutor (composite of 'ConfigurationFileImageNameSubstitutor' and 'PrefixingImageNameSubstitutor')
2025-12-22T10:22:14.131+05:30  INFO 43744 --- [transfer-service] [           main] o.t.d.DockerClientProviderStrategy       : Loaded org.testcontainers.dockerclient.UnixSocketClientProviderStrategy from ~/.testcontainers.properties, will try it first
2025-12-22T10:22:14.654+05:30  INFO 43744 --- [transfer-service] [           main] o.t.d.DockerClientProviderStrategy       : Found Docker environment with local Unix socket (unix:///var/run/docker.sock)
2025-12-22T10:22:14.656+05:30  INFO 43744 --- [transfer-service] [           main] org.testcontainers.DockerClientFactory   : Docker host IP address is localhost
2025-12-22T10:22:14.699+05:30  INFO 43744 --- [transfer-service] [           main] org.testcontainers.DockerClientFactory   : Connected to docker: 
  Server Version: 20.10.21
  API Version: 1.41
  Operating System: Docker Desktop
  Total Memory: 7959 MB
2025-12-22T10:22:14.750+05:30  INFO 43744 --- [transfer-service] [           main] tc.testcontainers/ryuk:0.5.1             : Creating container for image: testcontainers/ryuk:0.5.1
2025-12-22T10:22:15.268+05:30  INFO 43744 --- [transfer-service] [           main] tc.testcontainers/ryuk:0.5.1             : Container testcontainers/ryuk:0.5.1 is starting: deaadab32ff33ee77feab61b25aac2d6dda6d497e66cd0a09e7c83a33c02fd5f
2025-12-22T10:22:15.832+05:30  INFO 43744 --- [transfer-service] [           main] tc.testcontainers/ryuk:0.5.1             : Container testcontainers/ryuk:0.5.1 started in PT1.081357S
2025-12-22T10:22:16.022+05:30  INFO 43744 --- [transfer-service] [           main] o.t.utility.RyukResourceReaper           : Ryuk started - will monitor and terminate Testcontainers containers on JVM exit
2025-12-22T10:22:16.022+05:30  INFO 43744 --- [transfer-service] [           main] org.testcontainers.DockerClientFactory   : Checking the system...
2025-12-22T10:22:16.023+05:30  INFO 43744 --- [transfer-service] [           main] org.testcontainers.DockerClientFactory   : ✔︎ Docker server version should be at least 1.6.0
2025-12-22T10:22:16.024+05:30  INFO 43744 --- [transfer-service] [           main] tc.postgres:15-alpine                    : Creating container for image: postgres:15-alpine
2025-12-22T10:22:16.026+05:30  WARN 43744 --- [transfer-service] [           main] tc.postgres:15-alpine                    : Reuse was requested but the environment does not support the reuse of containers
To enable reuse of containers, you must set 'testcontainers.reuse.enable=true' in a file located at /Users/nag/.testcontainers.properties
2025-12-22T10:22:16.071+05:30  INFO 43744 --- [transfer-service] [           main] tc.postgres:15-alpine                    : Container postgres:15-alpine is starting: 449c868a8e4c22e5b50d8d952cb139d804303707d90f18b35d21ee0a91b2f9c9
2025-12-22T10:22:18.772+05:30  INFO 43744 --- [transfer-service] [           main] tc.postgres:15-alpine                    : Container postgres:15-alpine started in PT2.747694S
2025-12-22T10:22:18.774+05:30  INFO 43744 --- [transfer-service] [           main] tc.postgres:15-alpine                    : Container is started (JDBC URL: jdbc:postgresql://localhost:55630/transfer_test_db?loggerLevel=OFF)

  .   ____          _            __ _ _
 /\\ / ___'_ __ _ _(_)_ __  __ _ \ \ \ \
( ( )\___ | '_ | '_| | '_ \/ _` | \ \ \ \
 \\/  ___)| |_)| | | | | || (_| |  ) ) ) )
  '  |____| .__|_| |_|_| |_\__, | / / / /
 =========|_|==============|___/=/_/_/_/
 :: Spring Boot ::                (v3.2.0)

2025-12-22T10:22:18.844+05:30  INFO 43744 --- [transfer-service] [           main] c.n.t.i.TransferApiIntegrationTest       : Starting TransferApiIntegrationTest using Java 17.0.8 with PID 43744 (started by nag in /Users/nag/telus-batch2/level-12-rest-assured)
2025-12-22T10:22:18.845+05:30  INFO 43744 --- [transfer-service] [           main] c.n.t.i.TransferApiIntegrationTest       : The following 1 profile is active: "test"
2025-12-22T10:22:19.308+05:30  INFO 43744 --- [transfer-service] [           main] .s.d.r.c.RepositoryConfigurationDelegate : Bootstrapping Spring Data JPA repositories in DEFAULT mode.
2025-12-22T10:22:19.324+05:30  INFO 43744 --- [transfer-service] [           main] .s.d.r.c.RepositoryConfigurationDelegate : Finished Spring Data repository scanning in 15 ms. Found 2 JPA repository interfaces.
2025-12-22T10:22:19.902+05:30  INFO 43744 --- [transfer-service] [           main] o.s.b.w.embedded.tomcat.TomcatWebServer  : Tomcat initialized with port 0 (http)
2025-12-22T10:22:19.920+05:30  INFO 43744 --- [transfer-service] [           main] o.apache.catalina.core.StandardService   : Starting service [Tomcat]
2025-12-22T10:22:19.921+05:30  INFO 43744 --- [transfer-service] [           main] o.apache.catalina.core.StandardEngine    : Starting Servlet engine: [Apache Tomcat/10.1.16]
2025-12-22T10:22:20.023+05:30  INFO 43744 --- [transfer-service] [           main] o.a.c.c.C.[Tomcat].[localhost].[/]       : Initializing Spring embedded WebApplicationContext
2025-12-22T10:22:20.025+05:30  INFO 43744 --- [transfer-service] [           main] w.s.c.ServletWebServerApplicationContext : Root WebApplicationContext: initialization completed in 1177 ms
2025-12-22T10:22:20.080+05:30  INFO 43744 --- [transfer-service] [           main] com.zaxxer.hikari.HikariDataSource       : HikariPool-1 - Starting...
2025-12-22T10:22:20.415+05:30  INFO 43744 --- [transfer-service] [           main] com.zaxxer.hikari.pool.HikariPool        : HikariPool-1 - Added connection org.postgresql.jdbc.PgConnection@1f95559f
2025-12-22T10:22:20.417+05:30  INFO 43744 --- [transfer-service] [           main] com.zaxxer.hikari.HikariDataSource       : HikariPool-1 - Start completed.
2025-12-22T10:22:20.438+05:30  INFO 43744 --- [transfer-service] [           main] o.s.b.a.h2.H2ConsoleAutoConfiguration    : H2 console available at '/h2-console'. Database available at 'jdbc:postgresql://localhost:55630/transfer_test_db?loggerLevel=OFF'
2025-12-22T10:22:20.542+05:30  INFO 43744 --- [transfer-service] [           main] o.hibernate.jpa.internal.util.LogHelper  : HHH000204: Processing PersistenceUnitInfo [name: default]
2025-12-22T10:22:20.544+05:30  INFO 43744 --- [transfer-service] [           main] o.h.c.internal.RegionFactoryInitiator    : HHH000026: Second-level cache disabled
2025-12-22T10:22:20.547+05:30  INFO 43744 --- [transfer-service] [           main] o.s.o.j.p.SpringPersistenceUnitInfo      : No LoadTimeWeaver setup: ignoring JPA class transformer
2025-12-22T10:22:20.561+05:30  WARN 43744 --- [transfer-service] [           main] org.hibernate.orm.deprecation            : HHH90000025: PostgreSQLDialect does not need to be specified explicitly using 'hibernate.dialect' (remove the property setting and it will be selected by default)
2025-12-22T10:22:20.692+05:30  INFO 43744 --- [transfer-service] [           main] o.h.e.t.j.p.i.JtaPlatformInitiator       : HHH000489: No JTA platform available (set 'hibernate.transaction.jta.platform' to enable JTA platform integration)
2025-12-22T10:22:20.693+05:30 DEBUG 43744 --- [transfer-service] [           main] org.hibernate.SQL                        : 
    drop table if exists accounts cascade
2025-12-22T10:22:20.701+05:30  WARN 43744 --- [transfer-service] [           main] o.h.engine.jdbc.spi.SqlExceptionHelper   : SQL Warning Code: 0, SQLState: 00000
2025-12-22T10:22:20.702+05:30  WARN 43744 --- [transfer-service] [           main] o.h.engine.jdbc.spi.SqlExceptionHelper   : table "accounts" does not exist, skipping
2025-12-22T10:22:20.702+05:30 DEBUG 43744 --- [transfer-service] [           main] org.hibernate.SQL                        : 
    drop table if exists transactions cascade
2025-12-22T10:22:20.708+05:30  WARN 43744 --- [transfer-service] [           main] o.h.engine.jdbc.spi.SqlExceptionHelper   : SQL Warning Code: 0, SQLState: 00000
2025-12-22T10:22:20.708+05:30  WARN 43744 --- [transfer-service] [           main] o.h.engine.jdbc.spi.SqlExceptionHelper   : table "transactions" does not exist, skipping
2025-12-22T10:22:20.711+05:30 DEBUG 43744 --- [transfer-service] [           main] org.hibernate.SQL                        : 
    create table accounts (
        balance numeric(15,2) not null,
        daily_limit numeric(15,2),
        daily_used numeric(15,2),
        monthly_limit numeric(15,2),
        monthly_used numeric(15,2),
        id bigserial not null,
        phone varchar(255) not null,
        status varchar(255) not null,
        upi_id varchar(255) not null unique,
        primary key (id)
    )
2025-12-22T10:22:20.729+05:30 DEBUG 43744 --- [transfer-service] [           main] org.hibernate.SQL                        : 
    create table transactions (
        amount numeric(15,2) not null,
        fee numeric(15,2),
        total_debited numeric(15,2),
        id bigserial not null,
        timestamp timestamp(6) not null,
        destination_upi varchar(255) not null,
        remarks varchar(255),
        source_upi varchar(255) not null,
        status varchar(255) not null,
        transaction_id varchar(255) not null unique,
        primary key (id)
    )
2025-12-22T10:22:20.738+05:30  INFO 43744 --- [transfer-service] [           main] j.LocalContainerEntityManagerFactoryBean : Initialized JPA EntityManagerFactory for persistence unit 'default'
2025-12-22T10:22:20.959+05:30  WARN 43744 --- [transfer-service] [           main] JpaBaseConfiguration$JpaWebConfiguration : spring.jpa.open-in-view is enabled by default. Therefore, database queries may be performed during view rendering. Explicitly configure spring.jpa.open-in-view to disable this warning
2025-12-22T10:22:21.553+05:30  INFO 43744 --- [transfer-service] [           main] o.s.b.w.embedded.tomcat.TomcatWebServer  : Tomcat started on port 55632 (http) with context path ''
2025-12-22T10:22:21.560+05:30  INFO 43744 --- [transfer-service] [           main] c.n.t.i.TransferApiIntegrationTest       : Started TransferApiIntegrationTest in 2.782 seconds (process running for 21.47)
2025-12-22T10:22:21.779+05:30 DEBUG 43744 --- [transfer-service] [           main] org.hibernate.SQL                        : 
    select
        t1_0.id,
        t1_0.amount,
        t1_0.destination_upi,
        t1_0.fee,
        t1_0.remarks,
        t1_0.source_upi,
        t1_0.status,
        t1_0.timestamp,
        t1_0.total_debited,
        t1_0.transaction_id 
    from
        transactions t1_0
2025-12-22T10:22:21.802+05:30 DEBUG 43744 --- [transfer-service] [           main] org.hibernate.SQL                        : 
    select
        a1_0.id,
        a1_0.balance,
        a1_0.daily_limit,
        a1_0.daily_used,
        a1_0.monthly_limit,
        a1_0.monthly_used,
        a1_0.phone,
        a1_0.status,
        a1_0.upi_id 
    from
        accounts a1_0
2025-12-22T10:22:21.814+05:30 DEBUG 43744 --- [transfer-service] [           main] org.hibernate.SQL                        : 
    insert 
    into
        accounts
        (balance, daily_limit, daily_used, monthly_limit, monthly_used, phone, status, upi_id) 
    values
        (?, ?, ?, ?, ?, ?, ?, ?)
2025-12-22T10:22:21.830+05:30 DEBUG 43744 --- [transfer-service] [           main] org.hibernate.SQL                        : 
    insert 
    into
        accounts
        (balance, daily_limit, daily_used, monthly_limit, monthly_used, phone, status, upi_id) 
    values
        (?, ?, ?, ?, ?, ?, ?, ?)
2025-12-22T10:22:24.150+05:30  INFO 43744 --- [transfer-service] [o-auto-1-exec-1] o.a.c.c.C.[Tomcat].[localhost].[/]       : Initializing Spring DispatcherServlet 'dispatcherServlet'
2025-12-22T10:22:24.151+05:30  INFO 43744 --- [transfer-service] [o-auto-1-exec-1] o.s.web.servlet.DispatcherServlet        : Initializing Servlet 'dispatcherServlet'
2025-12-22T10:22:24.153+05:30  INFO 43744 --- [transfer-service] [o-auto-1-exec-1] o.s.web.servlet.DispatcherServlet        : Completed initialization in 2 ms
2025-12-22T10:22:24.424+05:30  WARN 43744 --- [transfer-service] [o-auto-1-exec-1] c.n.t.exception.GlobalExceptionHandler   : Validation errors: 1
]]></system-out>
  </testcase>
  <testcase name="shouldReturnBadRequestForExcessiveAmount" classname="com.npci.transfer.integration.TransferApiIntegrationTest" time="1.21">
    <system-out><![CDATA[2025-12-22T10:22:24.611+05:30 DEBUG 43744 --- [transfer-service] [           main] org.hibernate.SQL                        : 
    select
        t1_0.id,
        t1_0.amount,
        t1_0.destination_upi,
        t1_0.fee,
        t1_0.remarks,
        t1_0.source_upi,
        t1_0.status,
        t1_0.timestamp,
        t1_0.total_debited,
        t1_0.transaction_id 
    from
        transactions t1_0
2025-12-22T10:22:24.618+05:30 DEBUG 43744 --- [transfer-service] [           main] org.hibernate.SQL                        : 
    select
        a1_0.id,
        a1_0.balance,
        a1_0.daily_limit,
        a1_0.daily_used,
        a1_0.monthly_limit,
        a1_0.monthly_used,
        a1_0.phone,
        a1_0.status,
        a1_0.upi_id 
    from
        accounts a1_0
2025-12-22T10:22:24.623+05:30 DEBUG 43744 --- [transfer-service] [           main] org.hibernate.SQL                        : 
    delete 
    from
        accounts 
    where
        id=?
2025-12-22T10:22:24.627+05:30 DEBUG 43744 --- [transfer-service] [           main] org.hibernate.SQL                        : 
    delete 
    from
        accounts 
    where
        id=?
2025-12-22T10:22:24.632+05:30 DEBUG 43744 --- [transfer-service] [           main] org.hibernate.SQL                        : 
    insert 
    into
        accounts
        (balance, daily_limit, daily_used, monthly_limit, monthly_used, phone, status, upi_id) 
    values
        (?, ?, ?, ?, ?, ?, ?, ?)
2025-12-22T10:22:24.639+05:30 DEBUG 43744 --- [transfer-service] [           main] org.hibernate.SQL                        : 
    insert 
    into
        accounts
        (balance, daily_limit, daily_used, monthly_limit, monthly_used, phone, status, upi_id) 
    values
        (?, ?, ?, ?, ?, ?, ?, ?)
2025-12-22T10:22:24.689+05:30  WARN 43744 --- [transfer-service] [o-auto-1-exec-2] c.n.t.exception.GlobalExceptionHandler   : Validation errors: 1
]]></system-out>
  </testcase>
  <testcase name="shouldReturnBadRequestForZeroAmount" classname="com.npci.transfer.integration.TransferApiIntegrationTest" time="0.069">
    <system-out><![CDATA[2025-12-22T10:22:25.821+05:30 DEBUG 43744 --- [transfer-service] [           main] org.hibernate.SQL                        : 
    select
        t1_0.id,
        t1_0.amount,
        t1_0.destination_upi,
        t1_0.fee,
        t1_0.remarks,
        t1_0.source_upi,
        t1_0.status,
        t1_0.timestamp,
        t1_0.total_debited,
        t1_0.transaction_id 
    from
        transactions t1_0
2025-12-22T10:22:25.827+05:30 DEBUG 43744 --- [transfer-service] [           main] org.hibernate.SQL                        : 
    select
        a1_0.id,
        a1_0.balance,
        a1_0.daily_limit,
        a1_0.daily_used,
        a1_0.monthly_limit,
        a1_0.monthly_used,
        a1_0.phone,
        a1_0.status,
        a1_0.upi_id 
    from
        accounts a1_0
2025-12-22T10:22:25.830+05:30 DEBUG 43744 --- [transfer-service] [           main] org.hibernate.SQL                        : 
    delete 
    from
        accounts 
    where
        id=?
2025-12-22T10:22:25.832+05:30 DEBUG 43744 --- [transfer-service] [           main] org.hibernate.SQL                        : 
    delete 
    from
        accounts 
    where
        id=?
2025-12-22T10:22:25.836+05:30 DEBUG 43744 --- [transfer-service] [           main] org.hibernate.SQL                        : 
    insert 
    into
        accounts
        (balance, daily_limit, daily_used, monthly_limit, monthly_used, phone, status, upi_id) 
    values
        (?, ?, ?, ?, ?, ?, ?, ?)
2025-12-22T10:22:25.840+05:30 DEBUG 43744 --- [transfer-service] [           main] org.hibernate.SQL                        : 
    insert 
    into
        accounts
        (balance, daily_limit, daily_used, monthly_limit, monthly_used, phone, status, upi_id) 
    values
        (?, ?, ?, ?, ?, ?, ?, ?)
2025-12-22T10:22:25.864+05:30  WARN 43744 --- [transfer-service] [o-auto-1-exec-3] c.n.t.exception.GlobalExceptionHandler   : Validation errors: 1
]]></system-out>
  </testcase>
  <testcase name="shouldProcessMultipleTransfers" classname="com.npci.transfer.integration.TransferApiIntegrationTest" time="0.187">
    <system-out><![CDATA[2025-12-22T10:22:25.890+05:30 DEBUG 43744 --- [transfer-service] [           main] org.hibernate.SQL                        : 
    select
        t1_0.id,
        t1_0.amount,
        t1_0.destination_upi,
        t1_0.fee,
        t1_0.remarks,
        t1_0.source_upi,
        t1_0.status,
        t1_0.timestamp,
        t1_0.total_debited,
        t1_0.transaction_id 
    from
        transactions t1_0
2025-12-22T10:22:25.897+05:30 DEBUG 43744 --- [transfer-service] [           main] org.hibernate.SQL                        : 
    select
        a1_0.id,
        a1_0.balance,
        a1_0.daily_limit,
        a1_0.daily_used,
        a1_0.monthly_limit,
        a1_0.monthly_used,
        a1_0.phone,
        a1_0.status,
        a1_0.upi_id 
    from
        accounts a1_0
2025-12-22T10:22:25.900+05:30 DEBUG 43744 --- [transfer-service] [           main] org.hibernate.SQL                        : 
    delete 
    from
        accounts 
    where
        id=?
2025-12-22T10:22:25.902+05:30 DEBUG 43744 --- [transfer-service] [           main] org.hibernate.SQL                        : 
    delete 
    from
        accounts 
    where
        id=?
2025-12-22T10:22:25.907+05:30 DEBUG 43744 --- [transfer-service] [           main] org.hibernate.SQL                        : 
    insert 
    into
        accounts
        (balance, daily_limit, daily_used, monthly_limit, monthly_used, phone, status, upi_id) 
    values
        (?, ?, ?, ?, ?, ?, ?, ?)
2025-12-22T10:22:25.913+05:30 DEBUG 43744 --- [transfer-service] [           main] org.hibernate.SQL                        : 
    insert 
    into
        accounts
        (balance, daily_limit, daily_used, monthly_limit, monthly_used, phone, status, upi_id) 
    values
        (?, ?, ?, ?, ?, ?, ?, ?)
2025-12-22T10:22:25.939+05:30  INFO 43744 --- [transfer-service] [o-auto-1-exec-4] c.n.t.controller.TransferController      : Received transfer request from alice@okaxis to bob@paytm
2025-12-22T10:22:25.944+05:30 DEBUG 43744 --- [transfer-service] [o-auto-1-exec-4] org.hibernate.SQL                        : 
    select
        a1_0.id,
        a1_0.balance,
        a1_0.daily_limit,
        a1_0.daily_used,
        a1_0.monthly_limit,
        a1_0.monthly_used,
        a1_0.phone,
        a1_0.status,
        a1_0.upi_id 
    from
        accounts a1_0 
    where
        a1_0.upi_id=?
2025-12-22T10:22:25.952+05:30 DEBUG 43744 --- [transfer-service] [o-auto-1-exec-4] org.hibernate.SQL                        : 
    select
        a1_0.id,
        a1_0.balance,
        a1_0.daily_limit,
        a1_0.daily_used,
        a1_0.monthly_limit,
        a1_0.monthly_used,
        a1_0.phone,
        a1_0.status,
        a1_0.upi_id 
    from
        accounts a1_0 
    where
        a1_0.upi_id=?
2025-12-22T10:22:25.955+05:30  INFO 43744 --- [transfer-service] [o-auto-1-exec-4] c.npci.transfer.service.TransferService  : Initiating transfer from alice@okaxis to bob@paytm for amount 100.00
2025-12-22T10:22:25.961+05:30 DEBUG 43744 --- [transfer-service] [o-auto-1-exec-4] org.hibernate.SQL                        : 
    insert 
    into
        transactions
        (amount, destination_upi, fee, remarks, source_upi, status, timestamp, total_debited, transaction_id) 
    values
        (?, ?, ?, ?, ?, ?, ?, ?, ?)
2025-12-22T10:22:25.966+05:30  INFO 43744 --- [transfer-service] [o-auto-1-exec-4] c.npci.transfer.service.TransferService  : Transfer completed successfully. Transaction ID: TXN-20251222102225-7747
2025-12-22T10:22:25.968+05:30 DEBUG 43744 --- [transfer-service] [o-auto-1-exec-4] org.hibernate.SQL                        : 
    update
        accounts 
    set
        balance=?,
        daily_limit=?,
        daily_used=?,
        monthly_limit=?,
        monthly_used=?,
        phone=?,
        status=?,
        upi_id=? 
    where
        id=?
2025-12-22T10:22:25.971+05:30 DEBUG 43744 --- [transfer-service] [o-auto-1-exec-4] org.hibernate.SQL                        : 
    update
        accounts 
    set
        balance=?,
        daily_limit=?,
        daily_used=?,
        monthly_limit=?,
        monthly_used=?,
        phone=?,
        status=?,
        upi_id=? 
    where
        id=?
2025-12-22T10:22:26.030+05:30  INFO 43744 --- [transfer-service] [o-auto-1-exec-5] c.n.t.controller.TransferController      : Received transfer request from alice@okaxis to bob@paytm
2025-12-22T10:22:26.032+05:30 DEBUG 43744 --- [transfer-service] [o-auto-1-exec-5] org.hibernate.SQL                        : 
    select
        a1_0.id,
        a1_0.balance,
        a1_0.daily_limit,
        a1_0.daily_used,
        a1_0.monthly_limit,
        a1_0.monthly_used,
        a1_0.phone,
        a1_0.status,
        a1_0.upi_id 
    from
        accounts a1_0 
    where
        a1_0.upi_id=?
2025-12-22T10:22:26.037+05:30 DEBUG 43744 --- [transfer-service] [o-auto-1-exec-5] org.hibernate.SQL                        : 
    select
        a1_0.id,
        a1_0.balance,
        a1_0.daily_limit,
        a1_0.daily_used,
        a1_0.monthly_limit,
        a1_0.monthly_used,
        a1_0.phone,
        a1_0.status,
        a1_0.upi_id 
    from
        accounts a1_0 
    where
        a1_0.upi_id=?
2025-12-22T10:22:26.040+05:30  INFO 43744 --- [transfer-service] [o-auto-1-exec-5] c.npci.transfer.service.TransferService  : Initiating transfer from alice@okaxis to bob@paytm for amount 200.00
2025-12-22T10:22:26.043+05:30 DEBUG 43744 --- [transfer-service] [o-auto-1-exec-5] org.hibernate.SQL                        : 
    insert 
    into
        transactions
        (amount, destination_upi, fee, remarks, source_upi, status, timestamp, total_debited, transaction_id) 
    values
        (?, ?, ?, ?, ?, ?, ?, ?, ?)
2025-12-22T10:22:26.047+05:30  INFO 43744 --- [transfer-service] [o-auto-1-exec-5] c.npci.transfer.service.TransferService  : Transfer completed successfully. Transaction ID: TXN-20251222102226-3223
2025-12-22T10:22:26.048+05:30 DEBUG 43744 --- [transfer-service] [o-auto-1-exec-5] org.hibernate.SQL                        : 
    update
        accounts 
    set
        balance=?,
        daily_limit=?,
        daily_used=?,
        monthly_limit=?,
        monthly_used=?,
        phone=?,
        status=?,
        upi_id=? 
    where
        id=?
2025-12-22T10:22:26.051+05:30 DEBUG 43744 --- [transfer-service] [o-auto-1-exec-5] org.hibernate.SQL                        : 
    update
        accounts 
    set
        balance=?,
        daily_limit=?,
        daily_used=?,
        monthly_limit=?,
        monthly_used=?,
        phone=?,
        status=?,
        upi_id=? 
    where
        id=?
]]></system-out>
  </testcase>
  <testcase name="shouldReturnBadRequestForInsufficientBalance" classname="com.npci.transfer.integration.TransferApiIntegrationTest" time="0.085">
    <system-out><![CDATA[2025-12-22T10:22:26.078+05:30 DEBUG 43744 --- [transfer-service] [           main] org.hibernate.SQL                        : 
    select
        t1_0.id,
        t1_0.amount,
        t1_0.destination_upi,
        t1_0.fee,
        t1_0.remarks,
        t1_0.source_upi,
        t1_0.status,
        t1_0.timestamp,
        t1_0.total_debited,
        t1_0.transaction_id 
    from
        transactions t1_0
2025-12-22T10:22:26.084+05:30 DEBUG 43744 --- [transfer-service] [           main] org.hibernate.SQL                        : 
    delete 
    from
        transactions 
    where
        id=?
2025-12-22T10:22:26.087+05:30 DEBUG 43744 --- [transfer-service] [           main] org.hibernate.SQL                        : 
    delete 
    from
        transactions 
    where
        id=?
2025-12-22T10:22:26.093+05:30 DEBUG 43744 --- [transfer-service] [           main] org.hibernate.SQL                        : 
    select
        a1_0.id,
        a1_0.balance,
        a1_0.daily_limit,
        a1_0.daily_used,
        a1_0.monthly_limit,
        a1_0.monthly_used,
        a1_0.phone,
        a1_0.status,
        a1_0.upi_id 
    from
        accounts a1_0
2025-12-22T10:22:26.097+05:30 DEBUG 43744 --- [transfer-service] [           main] org.hibernate.SQL                        : 
    delete 
    from
        accounts 
    where
        id=?
2025-12-22T10:22:26.099+05:30 DEBUG 43744 --- [transfer-service] [           main] org.hibernate.SQL                        : 
    delete 
    from
        accounts 
    where
        id=?
2025-12-22T10:22:26.104+05:30 DEBUG 43744 --- [transfer-service] [           main] org.hibernate.SQL                        : 
    insert 
    into
        accounts
        (balance, daily_limit, daily_used, monthly_limit, monthly_used, phone, status, upi_id) 
    values
        (?, ?, ?, ?, ?, ?, ?, ?)
2025-12-22T10:22:26.109+05:30 DEBUG 43744 --- [transfer-service] [           main] org.hibernate.SQL                        : 
    insert 
    into
        accounts
        (balance, daily_limit, daily_used, monthly_limit, monthly_used, phone, status, upi_id) 
    values
        (?, ?, ?, ?, ?, ?, ?, ?)
2025-12-22T10:22:26.130+05:30  INFO 43744 --- [transfer-service] [o-auto-1-exec-6] c.n.t.controller.TransferController      : Received transfer request from alice@okaxis to bob@paytm
2025-12-22T10:22:26.132+05:30 DEBUG 43744 --- [transfer-service] [o-auto-1-exec-6] org.hibernate.SQL                        : 
    select
        a1_0.id,
        a1_0.balance,
        a1_0.daily_limit,
        a1_0.daily_used,
        a1_0.monthly_limit,
        a1_0.monthly_used,
        a1_0.phone,
        a1_0.status,
        a1_0.upi_id 
    from
        accounts a1_0 
    where
        a1_0.upi_id=?
2025-12-22T10:22:26.135+05:30 DEBUG 43744 --- [transfer-service] [o-auto-1-exec-6] org.hibernate.SQL                        : 
    select
        a1_0.id,
        a1_0.balance,
        a1_0.daily_limit,
        a1_0.daily_used,
        a1_0.monthly_limit,
        a1_0.monthly_used,
        a1_0.phone,
        a1_0.status,
        a1_0.upi_id 
    from
        accounts a1_0 
    where
        a1_0.upi_id=?
2025-12-22T10:22:26.138+05:30  INFO 43744 --- [transfer-service] [o-auto-1-exec-6] c.npci.transfer.service.TransferService  : Initiating transfer from alice@okaxis to bob@paytm for amount 15000.00
2025-12-22T10:22:26.140+05:30  WARN 43744 --- [transfer-service] [o-auto-1-exec-6] c.n.t.exception.GlobalExceptionHandler   : Insufficient balance: Insufficient balance. Available: ₹10000.00, Required: ₹15005.00
]]></system-out>
  </testcase>
  <testcase name="shouldReturnNotFoundForNonExistentSource" classname="com.npci.transfer.integration.TransferApiIntegrationTest" time="0.066">
    <system-out><![CDATA[2025-12-22T10:22:26.164+05:30 DEBUG 43744 --- [transfer-service] [           main] org.hibernate.SQL                        : 
    select
        t1_0.id,
        t1_0.amount,
        t1_0.destination_upi,
        t1_0.fee,
        t1_0.remarks,
        t1_0.source_upi,
        t1_0.status,
        t1_0.timestamp,
        t1_0.total_debited,
        t1_0.transaction_id 
    from
        transactions t1_0
2025-12-22T10:22:26.169+05:30 DEBUG 43744 --- [transfer-service] [           main] org.hibernate.SQL                        : 
    select
        a1_0.id,
        a1_0.balance,
        a1_0.daily_limit,
        a1_0.daily_used,
        a1_0.monthly_limit,
        a1_0.monthly_used,
        a1_0.phone,
        a1_0.status,
        a1_0.upi_id 
    from
        accounts a1_0
2025-12-22T10:22:26.172+05:30 DEBUG 43744 --- [transfer-service] [           main] org.hibernate.SQL                        : 
    delete 
    from
        accounts 
    where
        id=?
2025-12-22T10:22:26.174+05:30 DEBUG 43744 --- [transfer-service] [           main] org.hibernate.SQL                        : 
    delete 
    from
        accounts 
    where
        id=?
2025-12-22T10:22:26.178+05:30 DEBUG 43744 --- [transfer-service] [           main] org.hibernate.SQL                        : 
    insert 
    into
        accounts
        (balance, daily_limit, daily_used, monthly_limit, monthly_used, phone, status, upi_id) 
    values
        (?, ?, ?, ?, ?, ?, ?, ?)
2025-12-22T10:22:26.183+05:30 DEBUG 43744 --- [transfer-service] [           main] org.hibernate.SQL                        : 
    insert 
    into
        accounts
        (balance, daily_limit, daily_used, monthly_limit, monthly_used, phone, status, upi_id) 
    values
        (?, ?, ?, ?, ?, ?, ?, ?)
2025-12-22T10:22:26.202+05:30  INFO 43744 --- [transfer-service] [o-auto-1-exec-7] c.n.t.controller.TransferController      : Received transfer request from nonexistent@fake to bob@paytm
2025-12-22T10:22:26.204+05:30 DEBUG 43744 --- [transfer-service] [o-auto-1-exec-7] org.hibernate.SQL                        : 
    select
        a1_0.id,
        a1_0.balance,
        a1_0.daily_limit,
        a1_0.daily_used,
        a1_0.monthly_limit,
        a1_0.monthly_used,
        a1_0.phone,
        a1_0.status,
        a1_0.upi_id 
    from
        accounts a1_0 
    where
        a1_0.upi_id=?
2025-12-22T10:22:26.210+05:30 ERROR 43744 --- [transfer-service] [o-auto-1-exec-7] c.n.t.exception.GlobalExceptionHandler   : Account not found: Source account not found: nonexistent@fake
]]></system-out>
  </testcase>
  <testcase name="shouldReturnBadRequestForInvalidUpiFormat" classname="com.npci.transfer.integration.TransferApiIntegrationTest" time="0.064">
    <system-out><![CDATA[2025-12-22T10:22:26.231+05:30 DEBUG 43744 --- [transfer-service] [           main] org.hibernate.SQL                        : 
    select
        t1_0.id,
        t1_0.amount,
        t1_0.destination_upi,
        t1_0.fee,
        t1_0.remarks,
        t1_0.source_upi,
        t1_0.status,
        t1_0.timestamp,
        t1_0.total_debited,
        t1_0.transaction_id 
    from
        transactions t1_0
2025-12-22T10:22:26.236+05:30 DEBUG 43744 --- [transfer-service] [           main] org.hibernate.SQL                        : 
    select
        a1_0.id,
        a1_0.balance,
        a1_0.daily_limit,
        a1_0.daily_used,
        a1_0.monthly_limit,
        a1_0.monthly_used,
        a1_0.phone,
        a1_0.status,
        a1_0.upi_id 
    from
        accounts a1_0
2025-12-22T10:22:26.239+05:30 DEBUG 43744 --- [transfer-service] [           main] org.hibernate.SQL                        : 
    delete 
    from
        accounts 
    where
        id=?
2025-12-22T10:22:26.241+05:30 DEBUG 43744 --- [transfer-service] [           main] org.hibernate.SQL                        : 
    delete 
    from
        accounts 
    where
        id=?
2025-12-22T10:22:26.245+05:30 DEBUG 43744 --- [transfer-service] [           main] org.hibernate.SQL                        : 
    insert 
    into
        accounts
        (balance, daily_limit, daily_used, monthly_limit, monthly_used, phone, status, upi_id) 
    values
        (?, ?, ?, ?, ?, ?, ?, ?)
2025-12-22T10:22:26.250+05:30 DEBUG 43744 --- [transfer-service] [           main] org.hibernate.SQL                        : 
    insert 
    into
        accounts
        (balance, daily_limit, daily_used, monthly_limit, monthly_used, phone, status, upi_id) 
    values
        (?, ?, ?, ?, ?, ?, ?, ?)
2025-12-22T10:22:26.274+05:30  WARN 43744 --- [transfer-service] [o-auto-1-exec-8] c.n.t.exception.GlobalExceptionHandler   : Validation errors: 1
]]></system-out>
  </testcase>
  <testcase name="shouldReturnBadRequestForMissingFields" classname="com.npci.transfer.integration.TransferApiIntegrationTest" time="0.051">
    <system-out><![CDATA[2025-12-22T10:22:26.297+05:30 DEBUG 43744 --- [transfer-service] [           main] org.hibernate.SQL                        : 
    select
        t1_0.id,
        t1_0.amount,
        t1_0.destination_upi,
        t1_0.fee,
        t1_0.remarks,
        t1_0.source_upi,
        t1_0.status,
        t1_0.timestamp,
        t1_0.total_debited,
        t1_0.transaction_id 
    from
        transactions t1_0
2025-12-22T10:22:26.304+05:30 DEBUG 43744 --- [transfer-service] [           main] org.hibernate.SQL                        : 
    select
        a1_0.id,
        a1_0.balance,
        a1_0.daily_limit,
        a1_0.daily_used,
        a1_0.monthly_limit,
        a1_0.monthly_used,
        a1_0.phone,
        a1_0.status,
        a1_0.upi_id 
    from
        accounts a1_0
2025-12-22T10:22:26.308+05:30 DEBUG 43744 --- [transfer-service] [           main] org.hibernate.SQL                        : 
    delete 
    from
        accounts 
    where
        id=?
2025-12-22T10:22:26.311+05:30 DEBUG 43744 --- [transfer-service] [           main] org.hibernate.SQL                        : 
    delete 
    from
        accounts 
    where
        id=?
2025-12-22T10:22:26.315+05:30 DEBUG 43744 --- [transfer-service] [           main] org.hibernate.SQL                        : 
    insert 
    into
        accounts
        (balance, daily_limit, daily_used, monthly_limit, monthly_used, phone, status, upi_id) 
    values
        (?, ?, ?, ?, ?, ?, ?, ?)
2025-12-22T10:22:26.320+05:30 DEBUG 43744 --- [transfer-service] [           main] org.hibernate.SQL                        : 
    insert 
    into
        accounts
        (balance, daily_limit, daily_used, monthly_limit, monthly_used, phone, status, upi_id) 
    values
        (?, ?, ?, ?, ?, ?, ?, ?)
2025-12-22T10:22:26.338+05:30  WARN 43744 --- [transfer-service] [o-auto-1-exec-9] c.n.t.exception.GlobalExceptionHandler   : Validation errors: 2
]]></system-out>
  </testcase>
  <testcase name="shouldReturnNotFoundForNonExistentDestination" classname="com.npci.transfer.integration.TransferApiIntegrationTest" time="0.083">
    <system-out><![CDATA[2025-12-22T10:22:26.349+05:30 DEBUG 43744 --- [transfer-service] [           main] org.hibernate.SQL                        : 
    select
        t1_0.id,
        t1_0.amount,
        t1_0.destination_upi,
        t1_0.fee,
        t1_0.remarks,
        t1_0.source_upi,
        t1_0.status,
        t1_0.timestamp,
        t1_0.total_debited,
        t1_0.transaction_id 
    from
        transactions t1_0
2025-12-22T10:22:26.355+05:30 DEBUG 43744 --- [transfer-service] [           main] org.hibernate.SQL                        : 
    select
        a1_0.id,
        a1_0.balance,
        a1_0.daily_limit,
        a1_0.daily_used,
        a1_0.monthly_limit,
        a1_0.monthly_used,
        a1_0.phone,
        a1_0.status,
        a1_0.upi_id 
    from
        accounts a1_0
2025-12-22T10:22:26.361+05:30 DEBUG 43744 --- [transfer-service] [           main] org.hibernate.SQL                        : 
    delete 
    from
        accounts 
    where
        id=?
2025-12-22T10:22:26.363+05:30 DEBUG 43744 --- [transfer-service] [           main] org.hibernate.SQL                        : 
    delete 
    from
        accounts 
    where
        id=?
2025-12-22T10:22:26.368+05:30 DEBUG 43744 --- [transfer-service] [           main] org.hibernate.SQL                        : 
    insert 
    into
        accounts
        (balance, daily_limit, daily_used, monthly_limit, monthly_used, phone, status, upi_id) 
    values
        (?, ?, ?, ?, ?, ?, ?, ?)
2025-12-22T10:22:26.377+05:30 DEBUG 43744 --- [transfer-service] [           main] org.hibernate.SQL                        : 
    insert 
    into
        accounts
        (balance, daily_limit, daily_used, monthly_limit, monthly_used, phone, status, upi_id) 
    values
        (?, ?, ?, ?, ?, ?, ?, ?)
2025-12-22T10:22:26.399+05:30  INFO 43744 --- [transfer-service] [-auto-1-exec-10] c.n.t.controller.TransferController      : Received transfer request from alice@okaxis to fake@nonexistent
2025-12-22T10:22:26.401+05:30 DEBUG 43744 --- [transfer-service] [-auto-1-exec-10] org.hibernate.SQL                        : 
    select
        a1_0.id,
        a1_0.balance,
        a1_0.daily_limit,
        a1_0.daily_used,
        a1_0.monthly_limit,
        a1_0.monthly_used,
        a1_0.phone,
        a1_0.status,
        a1_0.upi_id 
    from
        accounts a1_0 
    where
        a1_0.upi_id=?
2025-12-22T10:22:26.406+05:30 DEBUG 43744 --- [transfer-service] [-auto-1-exec-10] org.hibernate.SQL                        : 
    select
        a1_0.id,
        a1_0.balance,
        a1_0.daily_limit,
        a1_0.daily_used,
        a1_0.monthly_limit,
        a1_0.monthly_used,
        a1_0.phone,
        a1_0.status,
        a1_0.upi_id 
    from
        accounts a1_0 
    where
        a1_0.upi_id=?
2025-12-22T10:22:26.412+05:30 ERROR 43744 --- [transfer-service] [-auto-1-exec-10] c.n.t.exception.GlobalExceptionHandler   : Account not found: Destination account not found: fake@nonexistent
]]></system-out>
  </testcase>
  <testcase name="shouldSuccessfullyInitiateTransfer" classname="com.npci.transfer.integration.TransferApiIntegrationTest" time="0.149">
    <system-out><![CDATA[2025-12-22T10:22:26.434+05:30 DEBUG 43744 --- [transfer-service] [           main] org.hibernate.SQL                        : 
    select
        t1_0.id,
        t1_0.amount,
        t1_0.destination_upi,
        t1_0.fee,
        t1_0.remarks,
        t1_0.source_upi,
        t1_0.status,
        t1_0.timestamp,
        t1_0.total_debited,
        t1_0.transaction_id 
    from
        transactions t1_0
2025-12-22T10:22:26.439+05:30 DEBUG 43744 --- [transfer-service] [           main] org.hibernate.SQL                        : 
    select
        a1_0.id,
        a1_0.balance,
        a1_0.daily_limit,
        a1_0.daily_used,
        a1_0.monthly_limit,
        a1_0.monthly_used,
        a1_0.phone,
        a1_0.status,
        a1_0.upi_id 
    from
        accounts a1_0
2025-12-22T10:22:26.443+05:30 DEBUG 43744 --- [transfer-service] [           main] org.hibernate.SQL                        : 
    delete 
    from
        accounts 
    where
        id=?
2025-12-22T10:22:26.446+05:30 DEBUG 43744 --- [transfer-service] [           main] org.hibernate.SQL                        : 
    delete 
    from
        accounts 
    where
        id=?
2025-12-22T10:22:26.450+05:30 DEBUG 43744 --- [transfer-service] [           main] org.hibernate.SQL                        : 
    insert 
    into
        accounts
        (balance, daily_limit, daily_used, monthly_limit, monthly_used, phone, status, upi_id) 
    values
        (?, ?, ?, ?, ?, ?, ?, ?)
2025-12-22T10:22:26.456+05:30 DEBUG 43744 --- [transfer-service] [           main] org.hibernate.SQL                        : 
    insert 
    into
        accounts
        (balance, daily_limit, daily_used, monthly_limit, monthly_used, phone, status, upi_id) 
    values
        (?, ?, ?, ?, ?, ?, ?, ?)
2025-12-22T10:22:26.482+05:30  INFO 43744 --- [transfer-service] [o-auto-1-exec-1] c.n.t.controller.TransferController      : Received transfer request from alice@okaxis to bob@paytm
2025-12-22T10:22:26.485+05:30 DEBUG 43744 --- [transfer-service] [o-auto-1-exec-1] org.hibernate.SQL                        : 
    select
        a1_0.id,
        a1_0.balance,
        a1_0.daily_limit,
        a1_0.daily_used,
        a1_0.monthly_limit,
        a1_0.monthly_used,
        a1_0.phone,
        a1_0.status,
        a1_0.upi_id 
    from
        accounts a1_0 
    where
        a1_0.upi_id=?
2025-12-22T10:22:26.493+05:30 DEBUG 43744 --- [transfer-service] [o-auto-1-exec-1] org.hibernate.SQL                        : 
    select
        a1_0.id,
        a1_0.balance,
        a1_0.daily_limit,
        a1_0.daily_used,
        a1_0.monthly_limit,
        a1_0.monthly_used,
        a1_0.phone,
        a1_0.status,
        a1_0.upi_id 
    from
        accounts a1_0 
    where
        a1_0.upi_id=?
2025-12-22T10:22:26.495+05:30  INFO 43744 --- [transfer-service] [o-auto-1-exec-1] c.npci.transfer.service.TransferService  : Initiating transfer from alice@okaxis to bob@paytm for amount 500.00
2025-12-22T10:22:26.497+05:30 DEBUG 43744 --- [transfer-service] [o-auto-1-exec-1] org.hibernate.SQL                        : 
    insert 
    into
        transactions
        (amount, destination_upi, fee, remarks, source_upi, status, timestamp, total_debited, transaction_id) 
    values
        (?, ?, ?, ?, ?, ?, ?, ?, ?)
2025-12-22T10:22:26.500+05:30  INFO 43744 --- [transfer-service] [o-auto-1-exec-1] c.npci.transfer.service.TransferService  : Transfer completed successfully. Transaction ID: TXN-20251222102226-9314
2025-12-22T10:22:26.501+05:30 DEBUG 43744 --- [transfer-service] [o-auto-1-exec-1] org.hibernate.SQL                        : 
    update
        accounts 
    set
        balance=?,
        daily_limit=?,
        daily_used=?,
        monthly_limit=?,
        monthly_used=?,
        phone=?,
        status=?,
        upi_id=? 
    where
        id=?
2025-12-22T10:22:26.505+05:30 DEBUG 43744 --- [transfer-service] [o-auto-1-exec-1] org.hibernate.SQL                        : 
    update
        accounts 
    set
        balance=?,
        daily_limit=?,
        daily_used=?,
        monthly_limit=?,
        monthly_used=?,
        phone=?,
        status=?,
        upi_id=? 
    where
        id=?
]]></system-out>
  </testcase>
</testsuite>