<?xml version="1.0" encoding="UTF-8"?>
<testsuite xmlns:xsi="http://www.w3.org/2001/XMLSchema-instance" xsi:noNamespaceSchemaLocation="https://maven.apache.org/surefire/maven-surefire-plugin/xsd/surefire-test-report-3.0.xsd" version="3.0" name="com.npci.transfer.repository.AccountRepositoryTest" time="7.529" tests="10" errors="0" skipped="0" failures="0">
  <properties>
[...]
</properties>
  <testcase name="shouldHandleZeroBalance" classname="com.npci.transfer.repository.AccountRepositoryTest" time="1.641">
    <system-out><![CDATA[15:26:35.152 [main] INFO org.springframework.test.context.support.AnnotationConfigContextLoaderUtils -- Could not detect default configuration classes for test class [com.npci.transfer.repository.AccountRepositoryTest]: AccountRepositoryTest does not declare any static, non-private, non-final, nested classes annotated with @Configuration.
15:26:35.429 [main] INFO org.springframework.boot.test.context.SpringBootTestContextBootstrapper -- Found @SpringBootConfiguration com.npci.transfer.TransferServiceApplication for test class com.npci.transfer.repository.AccountRepositoryTest

  .   ____          _            __ _ _
 /\\ / ___'_ __ _ _(_)_ __  __ _ \ \ \ \
( ( )\___ | '_ | '_| | '_ \/ _` | \ \ \ \
 \\/  ___)| |_)| | | | | || (_| |  ) ) ) )
  '  |____| .__|_| |_|_| |_\__, | / / / /
 =========|_|==============|___/=/_/_/_/
 :: Spring Boot ::                (v3.2.0)

2025-12-21T15:26:36.329+05:30  INFO 17742 --- [transfer-service-refactored] [           main] c.n.t.repository.AccountRepositoryTest   : Starting AccountRepositoryTest using Java 17.0.8 with PID 17742 (started by nag in /Users/nag/telus-batch2/level-07-comprehensive-unit-testing)
2025-12-21T15:26:36.330+05:30 DEBUG 17742 --- [transfer-service-refactored] [           main] c.n.t.repository.AccountRepositoryTest   : Running with Spring Boot v3.2.0, Spring v6.1.1
2025-12-21T15:26:36.331+05:30  INFO 17742 --- [transfer-service-refactored] [           main] c.n.t.repository.AccountRepositoryTest   : No active profile set, falling back to 1 default profile: "default"
2025-12-21T15:26:36.979+05:30  INFO 17742 --- [transfer-service-refactored] [           main] .s.d.r.c.RepositoryConfigurationDelegate : Bootstrapping Spring Data JPA repositories in DEFAULT mode.
2025-12-21T15:26:37.034+05:30  INFO 17742 --- [transfer-service-refactored] [           main] .s.d.r.c.RepositoryConfigurationDelegate : Finished Spring Data repository scanning in 37 ms. Found 0 JPA repository interfaces.
2025-12-21T15:26:37.121+05:30  INFO 17742 --- [transfer-service-refactored] [           main] beddedDataSourceBeanFactoryPostProcessor : Replacing 'dataSource' DataSource bean with embedded version
2025-12-21T15:26:37.409+05:30  INFO 17742 --- [transfer-service-refactored] [           main] o.s.j.d.e.EmbeddedDatabaseFactory        : Starting embedded database: url='jdbc:h2:mem:178f5df1-54f5-4c01-90ce-70f1acc2a471;DB_CLOSE_DELAY=-1;DB_CLOSE_ON_EXIT=false', username='sa'
2025-12-21T15:26:38.084+05:30  INFO 17742 --- [transfer-service-refactored] [           main] o.hibernate.jpa.internal.util.LogHelper  : HHH000204: Processing PersistenceUnitInfo [name: default]
2025-12-21T15:26:38.205+05:30  INFO 17742 --- [transfer-service-refactored] [           main] org.hibernate.Version                    : HHH000412: Hibernate ORM core version 6.3.1.Final
2025-12-21T15:26:38.275+05:30  INFO 17742 --- [transfer-service-refactored] [           main] o.h.c.internal.RegionFactoryInitiator    : HHH000026: Second-level cache disabled
2025-12-21T15:26:38.722+05:30  INFO 17742 --- [transfer-service-refactored] [           main] o.s.o.j.p.SpringPersistenceUnitInfo      : No LoadTimeWeaver setup: ignoring JPA class transformer
2025-12-21T15:26:38.816+05:30  WARN 17742 --- [transfer-service-refactored] [           main] org.hibernate.orm.deprecation            : HHH90000025: H2Dialect does not need to be specified explicitly using 'hibernate.dialect' (remove the property setting and it will be selected by default)
2025-12-21T15:26:40.281+05:30  INFO 17742 --- [transfer-service-refactored] [           main] o.h.e.t.j.p.i.JtaPlatformInitiator       : HHH000489: No JTA platform available (set 'hibernate.transaction.jta.platform' to enable JTA platform integration)
2025-12-21T15:26:40.316+05:30 DEBUG 17742 --- [transfer-service-refactored] [           main] org.hibernate.SQL                        : 
    drop table if exists accounts cascade 
Hibernate: 
    drop table if exists accounts cascade 
2025-12-21T15:26:40.323+05:30 DEBUG 17742 --- [transfer-service-refactored] [           main] org.hibernate.SQL                        : 
    drop table if exists transactions cascade 
Hibernate: 
    drop table if exists transactions cascade 
2025-12-21T15:26:40.334+05:30 DEBUG 17742 --- [transfer-service-refactored] [           main] org.hibernate.SQL                        : 
    create table accounts (
        balance numeric(15,2) not null,
        daily_limit numeric(15,2),
        daily_used numeric(15,2),
        monthly_limit numeric(15,2),
        monthly_used numeric(15,2),
        id bigint generated by default as identity,
        phone varchar(255) not null,
        status varchar(255) not null,
        upi_id varchar(255) not null unique,
        primary key (id)
    )
Hibernate: 
    create table accounts (
        balance numeric(15,2) not null,
        daily_limit numeric(15,2),
        daily_used numeric(15,2),
        monthly_limit numeric(15,2),
        monthly_used numeric(15,2),
        id bigint generated by default as identity,
        phone varchar(255) not null,
        status varchar(255) not null,
        upi_id varchar(255) not null unique,
        primary key (id)
    )
2025-12-21T15:26:40.350+05:30 DEBUG 17742 --- [transfer-service-refactored] [           main] org.hibernate.SQL                        : 
    create table transactions (
        amount numeric(15,2) not null,
        fee numeric(15,2),
        total_debited numeric(15,2),
        id bigint generated by default as identity,
        timestamp timestamp(6) not null,
        destination_upi varchar(255) not null,
        remarks varchar(255),
        source_upi varchar(255) not null,
        status varchar(255) not null,
        transaction_id varchar(255) not null unique,
        primary key (id)
    )
Hibernate: 
    create table transactions (
        amount numeric(15,2) not null,
        fee numeric(15,2),
        total_debited numeric(15,2),
        id bigint generated by default as identity,
        timestamp timestamp(6) not null,
        destination_upi varchar(255) not null,
        remarks varchar(255),
        source_upi varchar(255) not null,
        status varchar(255) not null,
        transaction_id varchar(255) not null unique,
        primary key (id)
    )
2025-12-21T15:26:40.357+05:30  INFO 17742 --- [transfer-service-refactored] [           main] j.LocalContainerEntityManagerFactoryBean : Initialized JPA EntityManagerFactory for persistence unit 'default'
2025-12-21T15:26:40.507+05:30  INFO 17742 --- [transfer-service-refactored] [           main] c.n.t.repository.AccountRepositoryTest   : Started AccountRepositoryTest in 4.938 seconds (process running for 6.983)
2025-12-21T15:26:41.357+05:30 DEBUG 17742 --- [transfer-service-refactored] [           main] org.hibernate.SQL                        : 
    insert 
    into
        accounts
        (balance, daily_limit, daily_used, monthly_limit, monthly_used, phone, status, upi_id, id) 
    values
        (?, ?, ?, ?, ?, ?, ?, ?, default)
Hibernate: 
    insert 
    into
        accounts
        (balance, daily_limit, daily_used, monthly_limit, monthly_used, phone, status, upi_id, id) 
    values
        (?, ?, ?, ?, ?, ?, ?, ?, default)
2025-12-21T15:26:42.037+05:30 DEBUG 17742 --- [transfer-service-refactored] [           main] org.hibernate.SQL                        : 
    select
        a1_0.id,
        a1_0.balance,
        a1_0.daily_limit,
        a1_0.daily_used,
        a1_0.monthly_limit,
        a1_0.monthly_used,
        a1_0.phone,
        a1_0.status,
        a1_0.upi_id 
    from
        accounts a1_0 
    where
        a1_0.upi_id=?
Hibernate: 
    select
        a1_0.id,
        a1_0.balance,
        a1_0.daily_limit,
        a1_0.daily_used,
        a1_0.monthly_limit,
        a1_0.monthly_used,
        a1_0.phone,
        a1_0.status,
        a1_0.upi_id 
    from
        accounts a1_0 
    where
        a1_0.upi_id=?
]]></system-out>
  </testcase>
  <testcase name="shouldPersistAllAccountFields" classname="com.npci.transfer.repository.AccountRepositoryTest" time="0.029">
    <system-out><![CDATA[2025-12-21T15:26:42.166+05:30 DEBUG 17742 --- [transfer-service-refactored] [           main] org.hibernate.SQL                        : 
    insert 
    into
        accounts
        (balance, daily_limit, daily_used, monthly_limit, monthly_used, phone, status, upi_id, id) 
    values
        (?, ?, ?, ?, ?, ?, ?, ?, default)
Hibernate: 
    insert 
    into
        accounts
        (balance, daily_limit, daily_used, monthly_limit, monthly_used, phone, status, upi_id, id) 
    values
        (?, ?, ?, ?, ?, ?, ?, ?, default)
2025-12-21T15:26:42.179+05:30 DEBUG 17742 --- [transfer-service-refactored] [           main] org.hibernate.SQL                        : 
    select
        a1_0.id,
        a1_0.balance,
        a1_0.daily_limit,
        a1_0.daily_used,
        a1_0.monthly_limit,
        a1_0.monthly_used,
        a1_0.phone,
        a1_0.status,
        a1_0.upi_id 
    from
        accounts a1_0 
    where
        a1_0.id=?
Hibernate: 
    select
        a1_0.id,
        a1_0.balance,
        a1_0.daily_limit,
        a1_0.daily_used,
        a1_0.monthly_limit,
        a1_0.monthly_used,
        a1_0.phone,
        a1_0.status,
        a1_0.upi_id 
    from
        accounts a1_0 
    where
        a1_0.id=?
]]></system-out>
  </testcase>
  <testcase name="shouldReturnEmpty_WhenAccountNotFound" classname="com.npci.transfer.repository.AccountRepositoryTest" time="0.009">
    <system-out><![CDATA[2025-12-21T15:26:42.198+05:30 DEBUG 17742 --- [transfer-service-refactored] [           main] org.hibernate.SQL                        : 
    select
        a1_0.id,
        a1_0.balance,
        a1_0.daily_limit,
        a1_0.daily_used,
        a1_0.monthly_limit,
        a1_0.monthly_used,
        a1_0.phone,
        a1_0.status,
        a1_0.upi_id 
    from
        accounts a1_0 
    where
        a1_0.upi_id=?
Hibernate: 
    select
        a1_0.id,
        a1_0.balance,
        a1_0.daily_limit,
        a1_0.daily_used,
        a1_0.monthly_limit,
        a1_0.monthly_used,
        a1_0.phone,
        a1_0.status,
        a1_0.upi_id 
    from
        accounts a1_0 
    where
        a1_0.upi_id=?
]]></system-out>
  </testcase>
  <testcase name="shouldSaveNewAccount" classname="com.npci.transfer.repository.AccountRepositoryTest" time="0.013">
    <system-out><![CDATA[2025-12-21T15:26:42.208+05:30 DEBUG 17742 --- [transfer-service-refactored] [           main] org.hibernate.SQL                        : 
    insert 
    into
        accounts
        (balance, daily_limit, daily_used, monthly_limit, monthly_used, phone, status, upi_id, id) 
    values
        (?, ?, ?, ?, ?, ?, ?, ?, default)
Hibernate: 
    insert 
    into
        accounts
        (balance, daily_limit, daily_used, monthly_limit, monthly_used, phone, status, upi_id, id) 
    values
        (?, ?, ?, ?, ?, ?, ?, ?, default)
]]></system-out>
  </testcase>
  <testcase name="shouldMaintainDecimalPrecision" classname="com.npci.transfer.repository.AccountRepositoryTest" time="0.012">
    <system-out><![CDATA[2025-12-21T15:26:42.222+05:30 DEBUG 17742 --- [transfer-service-refactored] [           main] org.hibernate.SQL                        : 
    insert 
    into
        accounts
        (balance, daily_limit, daily_used, monthly_limit, monthly_used, phone, status, upi_id, id) 
    values
        (?, ?, ?, ?, ?, ?, ?, ?, default)
Hibernate: 
    insert 
    into
        accounts
        (balance, daily_limit, daily_used, monthly_limit, monthly_used, phone, status, upi_id, id) 
    values
        (?, ?, ?, ?, ?, ?, ?, ?, default)
2025-12-21T15:26:42.226+05:30 DEBUG 17742 --- [transfer-service-refactored] [           main] org.hibernate.SQL                        : 
    select
        a1_0.id,
        a1_0.balance,
        a1_0.daily_limit,
        a1_0.daily_used,
        a1_0.monthly_limit,
        a1_0.monthly_used,
        a1_0.phone,
        a1_0.status,
        a1_0.upi_id 
    from
        accounts a1_0 
    where
        a1_0.id=?
Hibernate: 
    select
        a1_0.id,
        a1_0.balance,
        a1_0.daily_limit,
        a1_0.daily_used,
        a1_0.monthly_limit,
        a1_0.monthly_used,
        a1_0.phone,
        a1_0.status,
        a1_0.upi_id 
    from
        accounts a1_0 
    where
        a1_0.id=?
]]></system-out>
  </testcase>
  <testcase name="shouldDeleteAccount" classname="com.npci.transfer.repository.AccountRepositoryTest" time="0.029">
    <system-out><![CDATA[2025-12-21T15:26:42.236+05:30 DEBUG 17742 --- [transfer-service-refactored] [           main] org.hibernate.SQL                        : 
    insert 
    into
        accounts
        (balance, daily_limit, daily_used, monthly_limit, monthly_used, phone, status, upi_id, id) 
    values
        (?, ?, ?, ?, ?, ?, ?, ?, default)
Hibernate: 
    insert 
    into
        accounts
        (balance, daily_limit, daily_used, monthly_limit, monthly_used, phone, status, upi_id, id) 
    values
        (?, ?, ?, ?, ?, ?, ?, ?, default)
2025-12-21T15:26:42.253+05:30 DEBUG 17742 --- [transfer-service-refactored] [           main] org.hibernate.SQL                        : 
    delete 
    from
        accounts 
    where
        id=?
Hibernate: 
    delete 
    from
        accounts 
    where
        id=?
2025-12-21T15:26:42.255+05:30 DEBUG 17742 --- [transfer-service-refactored] [           main] org.hibernate.SQL                        : 
    select
        a1_0.id,
        a1_0.balance,
        a1_0.daily_limit,
        a1_0.daily_used,
        a1_0.monthly_limit,
        a1_0.monthly_used,
        a1_0.phone,
        a1_0.status,
        a1_0.upi_id 
    from
        accounts a1_0 
    where
        a1_0.id=?
Hibernate: 
    select
        a1_0.id,
        a1_0.balance,
        a1_0.daily_limit,
        a1_0.daily_used,
        a1_0.monthly_limit,
        a1_0.monthly_used,
        a1_0.phone,
        a1_0.status,
        a1_0.upi_id 
    from
        accounts a1_0 
    where
        a1_0.id=?
]]></system-out>
  </testcase>
  <testcase name="shouldUpdateExistingAccount" classname="com.npci.transfer.repository.AccountRepositoryTest" time="0.024">
    <system-out><![CDATA[2025-12-21T15:26:42.266+05:30 DEBUG 17742 --- [transfer-service-refactored] [           main] org.hibernate.SQL                        : 
    insert 
    into
        accounts
        (balance, daily_limit, daily_used, monthly_limit, monthly_used, phone, status, upi_id, id) 
    values
        (?, ?, ?, ?, ?, ?, ?, ?, default)
Hibernate: 
    insert 
    into
        accounts
        (balance, daily_limit, daily_used, monthly_limit, monthly_used, phone, status, upi_id, id) 
    values
        (?, ?, ?, ?, ?, ?, ?, ?, default)
2025-12-21T15:26:42.277+05:30 DEBUG 17742 --- [transfer-service-refactored] [           main] org.hibernate.SQL                        : 
    update
        accounts 
    set
        balance=?,
        daily_limit=?,
        daily_used=?,
        monthly_limit=?,
        monthly_used=?,
        phone=?,
        status=?,
        upi_id=? 
    where
        id=?
Hibernate: 
    update
        accounts 
    set
        balance=?,
        daily_limit=?,
        daily_used=?,
        monthly_limit=?,
        monthly_used=?,
        phone=?,
        status=?,
        upi_id=? 
    where
        id=?
2025-12-21T15:26:42.283+05:30 DEBUG 17742 --- [transfer-service-refactored] [           main] org.hibernate.SQL                        : 
    select
        a1_0.id,
        a1_0.balance,
        a1_0.daily_limit,
        a1_0.daily_used,
        a1_0.monthly_limit,
        a1_0.monthly_used,
        a1_0.phone,
        a1_0.status,
        a1_0.upi_id 
    from
        accounts a1_0 
    where
        a1_0.id=?
Hibernate: 
    select
        a1_0.id,
        a1_0.balance,
        a1_0.daily_limit,
        a1_0.daily_used,
        a1_0.monthly_limit,
        a1_0.monthly_used,
        a1_0.phone,
        a1_0.status,
        a1_0.upi_id 
    from
        accounts a1_0 
    where
        a1_0.id=?
]]></system-out>
  </testcase>
  <testcase name="shouldFindAccountByUpiId_WhenItExists" classname="com.npci.transfer.repository.AccountRepositoryTest" time="0.011">
    <system-out><![CDATA[2025-12-21T15:26:42.292+05:30 DEBUG 17742 --- [transfer-service-refactored] [           main] org.hibernate.SQL                        : 
    insert 
    into
        accounts
        (balance, daily_limit, daily_used, monthly_limit, monthly_used, phone, status, upi_id, id) 
    values
        (?, ?, ?, ?, ?, ?, ?, ?, default)
Hibernate: 
    insert 
    into
        accounts
        (balance, daily_limit, daily_used, monthly_limit, monthly_used, phone, status, upi_id, id) 
    values
        (?, ?, ?, ?, ?, ?, ?, ?, default)
2025-12-21T15:26:42.295+05:30 DEBUG 17742 --- [transfer-service-refactored] [           main] org.hibernate.SQL                        : 
    select
        a1_0.id,
        a1_0.balance,
        a1_0.daily_limit,
        a1_0.daily_used,
        a1_0.monthly_limit,
        a1_0.monthly_used,
        a1_0.phone,
        a1_0.status,
        a1_0.upi_id 
    from
        accounts a1_0 
    where
        a1_0.upi_id=?
Hibernate: 
    select
        a1_0.id,
        a1_0.balance,
        a1_0.daily_limit,
        a1_0.daily_used,
        a1_0.monthly_limit,
        a1_0.monthly_used,
        a1_0.phone,
        a1_0.status,
        a1_0.upi_id 
    from
        accounts a1_0 
    where
        a1_0.upi_id=?
]]></system-out>
  </testcase>
  <testcase name="shouldFindCorrectAccount_WhenMultipleAccountsExist" classname="com.npci.transfer.repository.AccountRepositoryTest" time="0.016">
    <system-out><![CDATA[2025-12-21T15:26:42.305+05:30 DEBUG 17742 --- [transfer-service-refactored] [           main] org.hibernate.SQL                        : 
    insert 
    into
        accounts
        (balance, daily_limit, daily_used, monthly_limit, monthly_used, phone, status, upi_id, id) 
    values
        (?, ?, ?, ?, ?, ?, ?, ?, default)
Hibernate: 
    insert 
    into
        accounts
        (balance, daily_limit, daily_used, monthly_limit, monthly_used, phone, status, upi_id, id) 
    values
        (?, ?, ?, ?, ?, ?, ?, ?, default)
2025-12-21T15:26:42.309+05:30 DEBUG 17742 --- [transfer-service-refactored] [           main] org.hibernate.SQL                        : 
    insert 
    into
        accounts
        (balance, daily_limit, daily_used, monthly_limit, monthly_used, phone, status, upi_id, id) 
    values
        (?, ?, ?, ?, ?, ?, ?, ?, default)
Hibernate: 
    insert 
    into
        accounts
        (balance, daily_limit, daily_used, monthly_limit, monthly_used, phone, status, upi_id, id) 
    values
        (?, ?, ?, ?, ?, ?, ?, ?, default)
2025-12-21T15:26:42.311+05:30 DEBUG 17742 --- [transfer-service-refactored] [           main] org.hibernate.SQL                        : 
    insert 
    into
        accounts
        (balance, daily_limit, daily_used, monthly_limit, monthly_used, phone, status, upi_id, id) 
    values
        (?, ?, ?, ?, ?, ?, ?, ?, default)
Hibernate: 
    insert 
    into
        accounts
        (balance, daily_limit, daily_used, monthly_limit, monthly_used, phone, status, upi_id, id) 
    values
        (?, ?, ?, ?, ?, ?, ?, ?, default)
2025-12-21T15:26:42.313+05:30 DEBUG 17742 --- [transfer-service-refactored] [           main] org.hibernate.SQL                        : 
    select
        a1_0.id,
        a1_0.balance,
        a1_0.daily_limit,
        a1_0.daily_used,
        a1_0.monthly_limit,
        a1_0.monthly_used,
        a1_0.phone,
        a1_0.status,
        a1_0.upi_id 
    from
        accounts a1_0 
    where
        a1_0.upi_id=?
Hibernate: 
    select
        a1_0.id,
        a1_0.balance,
        a1_0.daily_limit,
        a1_0.daily_used,
        a1_0.monthly_limit,
        a1_0.monthly_used,
        a1_0.phone,
        a1_0.status,
        a1_0.upi_id 
    from
        accounts a1_0 
    where
        a1_0.upi_id=?
]]></system-out>
  </testcase>
  <testcase name="shouldHandleLargeBalanceValues" classname="com.npci.transfer.repository.AccountRepositoryTest" time="0.01">
    <system-out><![CDATA[2025-12-21T15:26:42.322+05:30 DEBUG 17742 --- [transfer-service-refactored] [           main] org.hibernate.SQL                        : 
    insert 
    into
        accounts
        (balance, daily_limit, daily_used, monthly_limit, monthly_used, phone, status, upi_id, id) 
    values
        (?, ?, ?, ?, ?, ?, ?, ?, default)
Hibernate: 
    insert 
    into
        accounts
        (balance, daily_limit, daily_used, monthly_limit, monthly_used, phone, status, upi_id, id) 
    values
        (?, ?, ?, ?, ?, ?, ?, ?, default)
2025-12-21T15:26:42.325+05:30 DEBUG 17742 --- [transfer-service-refactored] [           main] org.hibernate.SQL                        : 
    select
        a1_0.id,
        a1_0.balance,
        a1_0.daily_limit,
        a1_0.daily_used,
        a1_0.monthly_limit,
        a1_0.monthly_used,
        a1_0.phone,
        a1_0.status,
        a1_0.upi_id 
    from
        accounts a1_0 
    where
        a1_0.upi_id=?
Hibernate: 
    select
        a1_0.id,
        a1_0.balance,
        a1_0.daily_limit,
        a1_0.daily_used,
        a1_0.monthly_limit,
        a1_0.monthly_used,
        a1_0.phone,
        a1_0.status,
        a1_0.upi_id 
    from
        accounts a1_0 
    where
        a1_0.upi_id=?
]]></system-out>
  </testcase>
</testsuite>