<?xml version="1.0" encoding="UTF-8"?>
<testsuite xmlns:xsi="http://www.w3.org/2001/XMLSchema-instance" xsi:noNamespaceSchemaLocation="https://maven.apache.org/surefire/maven-surefire-plugin/xsd/surefire-test-report-3.0.xsd" version="3.0" name="com.example.SampleTest" time="0.17" tests="9" errors="0" skipped="0" failures="0">
  <properties>
[...]
</properties>
  <testcase name="validatePaymentMode(String)[1]" classname="com.example.SampleTest" time="0.043"/>
  <testcase name="validatePaymentMode(String)[2]" classname="com.example.SampleTest" time="0.001"/>
  <testcase name="validatePaymentMode(String)[3]" classname="com.example.SampleTest" time="0.002"/>
  <testcase name="transfer(double, String, String)[1]" classname="com.example.SampleTest" time="0.001"/>
  <testcase name="transfer(double, String, String)[2]" classname="com.example.SampleTest" time="0.002"/>
  <testcase name="transfer(double, String, String)[3]" classname="com.example.SampleTest" time="0.001"/>
  <testcase name="transfer(double, String, String)[4]" classname="com.example.SampleTest" time="0.001"/>
  <testcase name="transfer(double, String, String)[5]" classname="com.example.SampleTest" time="0.003"/>
  <testcase name="transfer(double, String, String)[6]" classname="com.example.SampleTest" time="0.001"/>
</testsuite>